2020-05-11 12:17:42.257  INFO [customers-service,,,] 27089 --- [restartedMain] c.c.c.ConfigServicePropertySourceLocator : Fetching config from server at : http://localhost:8012
2020-05-11 12:17:42.932  INFO [customers-service,,,] 27089 --- [restartedMain] c.c.c.ConfigServicePropertySourceLocator : Located environment: name=customers-service, profiles=[default], label=null, version=c3ab5984c663b2a0d6fcf212f71d624c618bd4d6, state=null
2020-05-11 12:17:42.933  INFO [customers-service,,,] 27089 --- [restartedMain] b.c.PropertySourceBootstrapConfiguration : Located property source: [BootstrapPropertySource {name='bootstrapProperties-configClient'}, BootstrapPropertySource {name='bootstrapProperties-https://github.com/acho999/Configuration.git/customers-service.properties'}, BootstrapPropertySource {name='bootstrapProperties-https://github.com/acho999/Configuration.git/application.properties'}]
2020-05-11 12:17:42.963  INFO [customers-service,,,] 27089 --- [restartedMain] com.main.CustomersServiceApplication     : No active profile set, falling back to default profiles: default
2020-05-11 12:17:43.611  INFO [customers-service,,,] 27089 --- [restartedMain] .s.d.r.c.RepositoryConfigurationDelegate : Bootstrapping Spring Data JPA repositories in DEFAULT mode.
2020-05-11 12:17:43.665  INFO [customers-service,,,] 27089 --- [restartedMain] .s.d.r.c.RepositoryConfigurationDelegate : Finished Spring Data repository scanning in 47ms. Found 2 JPA repository interfaces.
2020-05-11 12:17:43.844  WARN [customers-service,,,] 27089 --- [restartedMain] o.s.boot.actuate.endpoint.EndpointId     : Endpoint ID 'bus-env' contains invalid characters, please migrate to a valid format.
2020-05-11 12:17:44.104  WARN [customers-service,,,] 27089 --- [restartedMain] o.s.boot.actuate.endpoint.EndpointId     : Endpoint ID 'bus-refresh' contains invalid characters, please migrate to a valid format.
2020-05-11 12:17:44.163  WARN [customers-service,,,] 27089 --- [restartedMain] o.s.boot.actuate.endpoint.EndpointId     : Endpoint ID 'service-registry' contains invalid characters, please migrate to a valid format.
2020-05-11 12:17:44.468  INFO [customers-service,,,] 27089 --- [restartedMain] o.s.cloud.context.scope.GenericScope     : BeanFactory id=5e852aca-af0d-3ef5-8c7a-7c7db75fd2fb
2020-05-11 12:17:44.677  INFO [customers-service,,,] 27089 --- [restartedMain] faultConfiguringBeanFactoryPostProcessor : No bean named 'errorChannel' has been explicitly defined. Therefore, a default PublishSubscribeChannel will be created.
2020-05-11 12:17:44.681  INFO [customers-service,,,] 27089 --- [restartedMain] faultConfiguringBeanFactoryPostProcessor : No bean named 'taskScheduler' has been explicitly defined. Therefore, a default ThreadPoolTaskScheduler will be created.
2020-05-11 12:17:44.686  INFO [customers-service,,,] 27089 --- [restartedMain] faultConfiguringBeanFactoryPostProcessor : No bean named 'integrationHeaderChannelRegistry' has been explicitly defined. Therefore, a default DefaultHeaderChannelRegistry will be created.
2020-05-11 12:17:44.965  INFO [customers-service,,,] 27089 --- [restartedMain] trationDelegate$BeanPostProcessorChecker : Bean 'integrationChannelResolver' of type [org.springframework.integration.support.channel.BeanFactoryChannelResolver] is not eligible for getting processed by all BeanPostProcessors (for example: not eligible for auto-proxying)
2020-05-11 12:17:44.971  INFO [customers-service,,,] 27089 --- [restartedMain] trationDelegate$BeanPostProcessorChecker : Bean 'integrationDisposableAutoCreatedBeans' of type [org.springframework.integration.config.annotation.Disposables] is not eligible for getting processed by all BeanPostProcessors (for example: not eligible for auto-proxying)
2020-05-11 12:17:45.010  INFO [customers-service,,,] 27089 --- [restartedMain] trationDelegate$BeanPostProcessorChecker : Bean 'org.springframework.integration.config.IntegrationManagementConfiguration' of type [org.springframework.integration.config.IntegrationManagementConfiguration] is not eligible for getting processed by all BeanPostProcessors (for example: not eligible for auto-proxying)
2020-05-11 12:17:45.023  INFO [customers-service,,,] 27089 --- [restartedMain] trationDelegate$BeanPostProcessorChecker : Bean 'org.springframework.boot.autoconfigure.integration.IntegrationAutoConfiguration$IntegrationJmxConfiguration' of type [org.springframework.boot.autoconfigure.integration.IntegrationAutoConfiguration$IntegrationJmxConfiguration] is not eligible for getting processed by all BeanPostProcessors (for example: not eligible for auto-proxying)
2020-05-11 12:17:45.035  INFO [customers-service,,,] 27089 --- [restartedMain] trationDelegate$BeanPostProcessorChecker : Bean 'org.springframework.boot.autoconfigure.jmx.JmxAutoConfiguration' of type [org.springframework.boot.autoconfigure.jmx.JmxAutoConfiguration] is not eligible for getting processed by all BeanPostProcessors (for example: not eligible for auto-proxying)
2020-05-11 12:17:45.042  INFO [customers-service,,,] 27089 --- [restartedMain] trationDelegate$BeanPostProcessorChecker : Bean 'mbeanServer' of type [com.sun.jmx.mbeanserver.JmxMBeanServer] is not eligible for getting processed by all BeanPostProcessors (for example: not eligible for auto-proxying)
2020-05-11 12:17:45.687  INFO [customers-service,,,] 27089 --- [restartedMain] o.s.b.w.embedded.tomcat.TomcatWebServer  : Tomcat initialized with port(s): 0 (http)
2020-05-11 12:17:45.694  INFO [customers-service,,,] 27089 --- [restartedMain] o.apache.catalina.core.StandardService   : Starting service [Tomcat]
2020-05-11 12:17:45.694  INFO [customers-service,,,] 27089 --- [restartedMain] org.apache.catalina.core.StandardEngine  : Starting Servlet engine: [Apache Tomcat/9.0.31]
2020-05-11 12:17:45.796  INFO [customers-service,,,] 27089 --- [restartedMain] o.a.c.c.C.[Tomcat].[localhost].[/]       : Initializing Spring embedded WebApplicationContext
2020-05-11 12:17:45.796  INFO [customers-service,,,] 27089 --- [restartedMain] o.s.web.context.ContextLoader            : Root WebApplicationContext: initialization completed in 2820 ms
2020-05-11 12:17:45.939  WARN [customers-service,,,] 27089 --- [restartedMain] c.n.c.sources.URLConfigurationSource     : No URLs will be polled as dynamic configuration sources.
2020-05-11 12:17:45.939  INFO [customers-service,,,] 27089 --- [restartedMain] c.n.c.sources.URLConfigurationSource     : To enable URLs as dynamic configuration sources, define System property archaius.configurationSource.additionalUrls or make config.properties available on classpath.
2020-05-11 12:17:45.946  INFO [customers-service,,,] 27089 --- [restartedMain] c.netflix.config.DynamicPropertyFactory  : DynamicPropertyFactory is initialized with configuration sources: com.netflix.config.ConcurrentCompositeConfiguration@6b8d0e2f
2020-05-11 12:17:46.494  WARN [customers-service,,,] 27089 --- [restartedMain] o.s.c.s.zipkin2.ZipkinAutoConfiguration  : Check result of the [AsyncReporter{org.springframework.cloud.sleuth.zipkin2.sender.RestTemplateSender@145f9df5}] contains an error [CheckResult{ok=false, error=java.lang.NullPointerException}]
2020-05-11 12:17:47.039  INFO [customers-service,,,] 27089 --- [restartedMain] o.s.s.c.ThreadPoolTaskScheduler          : Initializing ExecutorService 'taskScheduler'
2020-05-11 12:17:47.664  INFO [customers-service,,,] 27089 --- [restartedMain] o.hibernate.jpa.internal.util.LogHelper  : HHH000204: Processing PersistenceUnitInfo [name: default]
2020-05-11 12:17:47.734  INFO [customers-service,,,] 27089 --- [restartedMain] org.hibernate.Version                    : HHH000412: Hibernate ORM core version 5.4.12.Final
2020-05-11 12:17:47.889  INFO [customers-service,,,] 27089 --- [restartedMain] o.hibernate.annotations.common.Version   : HCANN000001: Hibernate Commons Annotations {5.1.0.Final}
2020-05-11 12:17:53.153  INFO [customers-service,,,] 27089 --- [restartedMain] org.hibernate.dialect.Dialect            : HHH000400: Using dialect: org.hibernate.dialect.SQLServer2012Dialect
2020-05-11 12:17:59.565  INFO [customers-service,,,] 27089 --- [restartedMain] o.h.e.t.j.p.i.JtaPlatformInitiator       : HHH000490: Using JtaPlatform implementation: [org.hibernate.engine.transaction.jta.platform.internal.NoJtaPlatform]
2020-05-11 12:17:59.574  INFO [customers-service,,,] 27089 --- [restartedMain] j.LocalContainerEntityManagerFactoryBean : Initialized JPA EntityManagerFactory for persistence unit 'default'
2020-05-11 12:17:59.921  WARN [customers-service,,,] 27089 --- [restartedMain] JpaBaseConfiguration$JpaWebConfiguration : spring.jpa.open-in-view is enabled by default. Therefore, database queries may be performed during view rendering. Explicitly configure spring.jpa.open-in-view to disable this warning
2020-05-11 12:17:59.995  INFO [customers-service,,,] 27089 --- [restartedMain] o.s.s.concurrent.ThreadPoolTaskExecutor  : Initializing ExecutorService
2020-05-11 12:17:59.996  INFO [customers-service,,,] 27089 --- [restartedMain] o.s.s.concurrent.ThreadPoolTaskExecutor  : Initializing ExecutorService 'asyncExecutor'
2020-05-11 12:18:00.082  INFO [customers-service,,,] 27089 --- [restartedMain] .s.s.UserDetailsServiceAutoConfiguration : 

Using generated security password: fb218b33-608c-448e-a18e-bb0353db4d8d

2020-05-11 12:18:00.187  INFO [customers-service,,,] 27089 --- [restartedMain] o.s.s.web.DefaultSecurityFilterChain     : Creating filter chain: any request, [org.springframework.security.web.context.request.async.WebAsyncManagerIntegrationFilter@47dac63a, org.springframework.security.web.context.SecurityContextPersistenceFilter@9234338, org.springframework.security.web.header.HeaderWriterFilter@4aa5feb6, org.springframework.security.web.authentication.logout.LogoutFilter@3b10a786, com.main.security.AuthorizaionFilter@69053f79, org.springframework.security.web.savedrequest.RequestCacheAwareFilter@6a0d54c1, org.springframework.security.web.servletapi.SecurityContextHolderAwareRequestFilter@1de3e94a, org.springframework.security.web.authentication.AnonymousAuthenticationFilter@21e74d52, org.springframework.security.web.session.SessionManagementFilter@4f6e0308, org.springframework.security.web.access.ExceptionTranslationFilter@3c56a58d, org.springframework.security.web.access.intercept.FilterSecurityInterceptor@2654c051]
2020-05-11 12:18:00.210  WARN [customers-service,,,] 27089 --- [restartedMain] c.n.c.sources.URLConfigurationSource     : No URLs will be polled as dynamic configuration sources.
2020-05-11 12:18:00.210  INFO [customers-service,,,] 27089 --- [restartedMain] c.n.c.sources.URLConfigurationSource     : To enable URLs as dynamic configuration sources, define System property archaius.configurationSource.additionalUrls or make config.properties available on classpath.
2020-05-11 12:18:01.144  WARN [customers-service,,,] 27089 --- [restartedMain] o.s.b.d.a.OptionalLiveReloadServer       : Unable to start LiveReload server
2020-05-11 12:18:01.213  WARN [customers-service,,,] 27089 --- [restartedMain] ockingLoadBalancerClientRibbonWarnLogger : You already have RibbonLoadBalancerClient on your classpath. It will be used by default. As Spring Cloud Ribbon is in maintenance mode. We recommend switching to BlockingLoadBalancerClient instead. In order to use it, set the value of `spring.cloud.loadbalancer.ribbon.enabled` to `false` or remove spring-cloud-starter-netflix-ribbon from your project.
2020-05-11 12:18:01.448  INFO [customers-service,,,] 27089 --- [restartedMain] o.s.b.a.e.web.EndpointLinksResolver      : Exposing 23 endpoint(s) beneath base path '/actuator'
2020-05-11 12:18:01.660  INFO [customers-service,,,] 27089 --- [restartedMain] o.s.c.s.m.DirectWithAttributesChannel    : Channel 'application-1.springCloudBusInput' has 1 subscriber(s).
2020-05-11 12:18:01.784  INFO [customers-service,,,] 27089 --- [restartedMain] o.s.i.monitor.IntegrationMBeanExporter   : Registering MessageChannel springCloudBusInput
2020-05-11 12:18:01.815  INFO [customers-service,,,] 27089 --- [RMI TCP Connection(1)-127.0.0.1] o.a.c.c.C.[Tomcat].[localhost].[/]       : Initializing Spring DispatcherServlet 'dispatcherServlet'
2020-05-11 12:18:01.816  INFO [customers-service,,,] 27089 --- [RMI TCP Connection(1)-127.0.0.1] o.s.web.servlet.DispatcherServlet        : Initializing Servlet 'dispatcherServlet'
2020-05-11 12:18:01.832  INFO [customers-service,,,] 27089 --- [RMI TCP Connection(1)-127.0.0.1] o.s.web.servlet.DispatcherServlet        : Completed initialization in 16 ms
2020-05-11 12:18:01.864  INFO [customers-service,,,] 27089 --- [restartedMain] o.s.i.monitor.IntegrationMBeanExporter   : Registering MessageChannel errorChannel
2020-05-11 12:18:01.907  INFO [customers-service,,,] 27089 --- [restartedMain] o.s.i.monitor.IntegrationMBeanExporter   : Registering MessageChannel springCloudBusOutput
2020-05-11 12:18:01.916  INFO [customers-service,,,] 27089 --- [restartedMain] o.s.i.monitor.IntegrationMBeanExporter   : Registering MessageChannel nullChannel
2020-05-11 12:18:01.939  INFO [customers-service,,,] 27089 --- [restartedMain] o.s.i.monitor.IntegrationMBeanExporter   : Registering MessageHandler errorLogger
2020-05-11 12:18:01.958  INFO [customers-service,,,] 27089 --- [restartedMain] o.s.i.monitor.IntegrationMBeanExporter   : Registering MessageHandler org.springframework.cloud.stream.binding.StreamListenerMessageHandler@9c4926c
2020-05-11 12:18:02.028  INFO [customers-service,,,] 27089 --- [restartedMain] o.s.i.endpoint.EventDrivenConsumer       : Adding {logging-channel-adapter:_org.springframework.integration.errorLogger} as a subscriber to the 'errorChannel' channel
2020-05-11 12:18:02.029  INFO [customers-service,,,] 27089 --- [restartedMain] o.s.i.channel.PublishSubscribeChannel    : Channel 'application-1.errorChannel' has 1 subscriber(s).
2020-05-11 12:18:02.029  INFO [customers-service,,,] 27089 --- [restartedMain] o.s.i.endpoint.EventDrivenConsumer       : started bean '_org.springframework.integration.errorLogger'
2020-05-11 12:18:07.076  INFO [customers-service,,,] 27089 --- [restartedMain] c.c.c.ConfigServicePropertySourceLocator : Fetching config from server at : http://localhost:8012
2020-05-11 12:18:07.672  INFO [customers-service,,,] 27089 --- [restartedMain] c.c.c.ConfigServicePropertySourceLocator : Located environment: name=customers-service, profiles=[default], label=null, version=c3ab5984c663b2a0d6fcf212f71d624c618bd4d6, state=null
2020-05-11 12:18:07.672  INFO [customers-service,,,] 27089 --- [restartedMain] b.c.PropertySourceBootstrapConfiguration : Located property source: [BootstrapPropertySource {name='bootstrapProperties-configClient'}, BootstrapPropertySource {name='bootstrapProperties-https://github.com/acho999/Configuration.git/customers-service.properties'}, BootstrapPropertySource {name='bootstrapProperties-https://github.com/acho999/Configuration.git/application.properties'}]
2020-05-11 12:18:07.828  INFO [customers-service,,,] 27089 --- [restartedMain] o.s.a.r.c.CachingConnectionFactory       : Attempting to connect to: [localhost:5672]
2020-05-11 12:18:07.861  INFO [customers-service,,,] 27089 --- [restartedMain] o.s.a.r.c.CachingConnectionFactory       : Created new connection: rabbitConnectionFactory#444b7a7d:0/SimpleConnection@702c12da [delegate=amqp://guest@127.0.0.1:5672/, localPort= 51170]
2020-05-11 12:18:07.892  INFO [customers-service,,,] 27089 --- [restartedMain] o.s.c.s.m.DirectWithAttributesChannel    : Channel 'application-1.springCloudBusOutput' has 1 subscriber(s).
2020-05-11 12:18:07.928  INFO [customers-service,,,] 27089 --- [restartedMain] c.s.b.r.p.RabbitExchangeQueueProvisioner : declaring queue for inbound: springCloudBus.anonymous.zlWbg5nLQOCorjX_nqm5fA, bound to: springCloudBus
2020-05-11 12:18:07.944  INFO [customers-service,,,] 27089 --- [restartedMain] o.s.c.stream.binder.BinderErrorChannel   : Channel 'springCloudBus.anonymous.zlWbg5nLQOCorjX_nqm5fA.errors' has 1 subscriber(s).
2020-05-11 12:18:07.944  INFO [customers-service,,,] 27089 --- [restartedMain] o.s.c.stream.binder.BinderErrorChannel   : Channel 'springCloudBus.anonymous.zlWbg5nLQOCorjX_nqm5fA.errors' has 2 subscriber(s).
2020-05-11 12:18:07.959  INFO [customers-service,,,] 27089 --- [restartedMain] o.s.i.a.i.AmqpInboundChannelAdapter      : started bean 'inbound.springCloudBus.anonymous.zlWbg5nLQOCorjX_nqm5fA'
2020-05-11 12:18:07.998  INFO [customers-service,,,] 27089 --- [restartedMain] o.s.i.monitor.IntegrationMBeanExporter   : Registering MessageChannel springCloudBus.anonymous.zlWbg5nLQOCorjX_nqm5fA.errors
2020-05-11 12:18:08.083  INFO [customers-service,,,] 27089 --- [restartedMain] o.s.b.w.embedded.tomcat.TomcatWebServer  : Tomcat started on port(s): 51171 (http) with context path ''
2020-05-11 12:18:08.084  INFO [customers-service,,,] 27089 --- [restartedMain] .s.c.n.e.s.EurekaAutoServiceRegistration : Updating port to 51171
2020-05-11 12:18:08.089  INFO [customers-service,,,] 27089 --- [restartedMain] o.s.c.n.eureka.InstanceInfoFactory       : Setting initial instance status as: STARTING
2020-05-11 12:18:08.119  INFO [customers-service,,,] 27089 --- [restartedMain] com.netflix.discovery.DiscoveryClient    : Initializing Eureka in region us-east-1
2020-05-11 12:18:08.164  INFO [customers-service,,,] 27089 --- [restartedMain] c.n.d.provider.DiscoveryJerseyProvider   : Using JSON encoding codec LegacyJacksonJson
2020-05-11 12:18:08.164  INFO [customers-service,,,] 27089 --- [restartedMain] c.n.d.provider.DiscoveryJerseyProvider   : Using JSON decoding codec LegacyJacksonJson
2020-05-11 12:18:08.254  INFO [customers-service,,,] 27089 --- [restartedMain] c.n.d.provider.DiscoveryJerseyProvider   : Using XML encoding codec XStreamXml
2020-05-11 12:18:08.254  INFO [customers-service,,,] 27089 --- [restartedMain] c.n.d.provider.DiscoveryJerseyProvider   : Using XML decoding codec XStreamXml
2020-05-11 12:18:08.399  INFO [customers-service,,,] 27089 --- [restartedMain] c.n.d.s.r.aws.ConfigClusterResolver      : Resolving eureka endpoints via configuration
2020-05-11 12:18:08.415  INFO [customers-service,,,] 27089 --- [restartedMain] com.netflix.discovery.DiscoveryClient    : Disable delta property : false
2020-05-11 12:18:08.415  INFO [customers-service,,,] 27089 --- [restartedMain] com.netflix.discovery.DiscoveryClient    : Single vip registry refresh property : null
2020-05-11 12:18:08.415  INFO [customers-service,,,] 27089 --- [restartedMain] com.netflix.discovery.DiscoveryClient    : Force full registry fetch : false
2020-05-11 12:18:08.416  INFO [customers-service,,,] 27089 --- [restartedMain] com.netflix.discovery.DiscoveryClient    : Application is null : false
2020-05-11 12:18:08.416  INFO [customers-service,,,] 27089 --- [restartedMain] com.netflix.discovery.DiscoveryClient    : Registered Applications size is zero : true
2020-05-11 12:18:08.416  INFO [customers-service,,,] 27089 --- [restartedMain] com.netflix.discovery.DiscoveryClient    : Application version is -1: true
2020-05-11 12:18:08.416  INFO [customers-service,,,] 27089 --- [restartedMain] com.netflix.discovery.DiscoveryClient    : Getting all instance registry info from the eureka server
2020-05-11 12:18:08.614  INFO [customers-service,,,] 27089 --- [restartedMain] com.netflix.discovery.DiscoveryClient    : The response status is 200
2020-05-11 12:18:08.616  INFO [customers-service,,,] 27089 --- [restartedMain] com.netflix.discovery.DiscoveryClient    : Starting heartbeat executor: renew interval is: 30
2020-05-11 12:18:08.618  INFO [customers-service,,,] 27089 --- [restartedMain] c.n.discovery.InstanceInfoReplicator     : InstanceInfoReplicator onDemand update allowed rate per min is 4
2020-05-11 12:18:08.622  INFO [customers-service,,,] 27089 --- [restartedMain] com.netflix.discovery.DiscoveryClient    : Discovery Client initialized at timestamp 1589188688621 with initial instances count: 2
2020-05-11 12:18:08.630  INFO [customers-service,,,] 27089 --- [restartedMain] o.s.c.n.e.s.EurekaServiceRegistry        : Registering application CUSTOMERS-SERVICE with eureka with status UP
2020-05-11 12:18:08.631  INFO [customers-service,,,] 27089 --- [restartedMain] com.netflix.discovery.DiscoveryClient    : Saw local status change event StatusChangeEvent [timestamp=1589188688631, current=UP, previous=STARTING]
2020-05-11 12:18:08.633  INFO [customers-service,,,] 27089 --- [DiscoveryClient-InstanceInfoReplicator-0] com.netflix.discovery.DiscoveryClient    : DiscoveryClient_CUSTOMERS-SERVICE/customers-service:d98e288d0fb5690972610bff1b8b5c83: registering service...
2020-05-11 12:18:08.637  INFO [customers-service,,,] 27089 --- [restartedMain] com.main.CustomersServiceApplication     : Started CustomersServiceApplication in 37.066 seconds (JVM running for 42.805)
2020-05-11 12:18:08.655  INFO [customers-service,,,] 27089 --- [DiscoveryClient-InstanceInfoReplicator-0] com.netflix.discovery.DiscoveryClient    : DiscoveryClient_CUSTOMERS-SERVICE/customers-service:d98e288d0fb5690972610bff1b8b5c83 - registration status: 204
2020-05-11 12:23:08.413  INFO [customers-service,,,] 27089 --- [AsyncResolver-bootstrap-executor-0] c.n.d.s.r.aws.ConfigClusterResolver      : Resolving eureka endpoints via configuration
2020-05-11 12:56:54.468  INFO [customers-service,,,] 27089 --- [AsyncResolver-bootstrap-executor-0] c.n.d.s.r.aws.ConfigClusterResolver      : Resolving eureka endpoints via configuration
2020-05-11 13:01:54.463  INFO [customers-service,,,] 27089 --- [AsyncResolver-bootstrap-executor-0] c.n.d.s.r.aws.ConfigClusterResolver      : Resolving eureka endpoints via configuration
