2020-05-26 13:34:20.035  INFO 3482 --- [main] c.c.c.ConfigServicePropertySourceLocator : Fetching config from server at : http://localhost:8012
2020-05-26 13:34:21.170  INFO 3482 --- [main] c.c.c.ConfigServicePropertySourceLocator : Located environment: name=eureka-discovery-service, profiles=[default], label=null, version=4f876a14706a0489088a4783ef1f4efeeceebe61, state=null
2020-05-26 13:34:21.172  INFO 3482 --- [main] b.c.PropertySourceBootstrapConfiguration : Located property source: [BootstrapPropertySource {name='bootstrapProperties-configClient'}, BootstrapPropertySource {name='bootstrapProperties-https://github.com/acho999/Configuration.git/eureka-discovery-service.properties'}, BootstrapPropertySource {name='bootstrapProperties-https://github.com/acho999/Configuration.git/application.properties'}]
2020-05-26 13:34:21.201  INFO 3482 --- [main] com.main.EurekaServerApplication         : No active profile set, falling back to default profiles: default
2020-05-26 13:34:21.822  WARN 3482 --- [main] o.s.boot.actuate.endpoint.EndpointId     : Endpoint ID 'bus-env' contains invalid characters, please migrate to a valid format.
2020-05-26 13:34:22.058  WARN 3482 --- [main] o.s.boot.actuate.endpoint.EndpointId     : Endpoint ID 'bus-refresh' contains invalid characters, please migrate to a valid format.
2020-05-26 13:34:22.115  WARN 3482 --- [main] o.s.boot.actuate.endpoint.EndpointId     : Endpoint ID 'service-registry' contains invalid characters, please migrate to a valid format.
2020-05-26 13:34:22.323  INFO 3482 --- [main] o.s.cloud.context.scope.GenericScope     : BeanFactory id=94c7d2ee-9b4d-3279-a7b6-093335aa68d1
2020-05-26 13:34:22.400  INFO 3482 --- [main] faultConfiguringBeanFactoryPostProcessor : No bean named 'errorChannel' has been explicitly defined. Therefore, a default PublishSubscribeChannel will be created.
2020-05-26 13:34:22.409  INFO 3482 --- [main] faultConfiguringBeanFactoryPostProcessor : No bean named 'taskScheduler' has been explicitly defined. Therefore, a default ThreadPoolTaskScheduler will be created.
2020-05-26 13:34:22.415  INFO 3482 --- [main] faultConfiguringBeanFactoryPostProcessor : No bean named 'integrationHeaderChannelRegistry' has been explicitly defined. Therefore, a default DefaultHeaderChannelRegistry will be created.
2020-05-26 13:34:22.481  INFO 3482 --- [main] trationDelegate$BeanPostProcessorChecker : Bean 'integrationChannelResolver' of type [org.springframework.integration.support.channel.BeanFactoryChannelResolver] is not eligible for getting processed by all BeanPostProcessors (for example: not eligible for auto-proxying)
2020-05-26 13:34:22.486  INFO 3482 --- [main] trationDelegate$BeanPostProcessorChecker : Bean 'integrationDisposableAutoCreatedBeans' of type [org.springframework.integration.config.annotation.Disposables] is not eligible for getting processed by all BeanPostProcessors (for example: not eligible for auto-proxying)
2020-05-26 13:34:22.502  INFO 3482 --- [main] trationDelegate$BeanPostProcessorChecker : Bean 'org.springframework.integration.config.IntegrationManagementConfiguration' of type [org.springframework.integration.config.IntegrationManagementConfiguration] is not eligible for getting processed by all BeanPostProcessors (for example: not eligible for auto-proxying)
2020-05-26 13:34:22.505  INFO 3482 --- [main] trationDelegate$BeanPostProcessorChecker : Bean 'org.springframework.boot.autoconfigure.integration.IntegrationAutoConfiguration$IntegrationJmxConfiguration' of type [org.springframework.boot.autoconfigure.integration.IntegrationAutoConfiguration$IntegrationJmxConfiguration] is not eligible for getting processed by all BeanPostProcessors (for example: not eligible for auto-proxying)
2020-05-26 13:34:22.514  INFO 3482 --- [main] trationDelegate$BeanPostProcessorChecker : Bean 'org.springframework.boot.autoconfigure.jmx.JmxAutoConfiguration' of type [org.springframework.boot.autoconfigure.jmx.JmxAutoConfiguration] is not eligible for getting processed by all BeanPostProcessors (for example: not eligible for auto-proxying)
2020-05-26 13:34:22.518  INFO 3482 --- [main] trationDelegate$BeanPostProcessorChecker : Bean 'mbeanServer' of type [com.sun.jmx.mbeanserver.JmxMBeanServer] is not eligible for getting processed by all BeanPostProcessors (for example: not eligible for auto-proxying)
2020-05-26 13:34:22.817  INFO 3482 --- [main] o.s.b.w.embedded.tomcat.TomcatWebServer  : Tomcat initialized with port(s): 8001 (http)
2020-05-26 13:34:22.826  INFO 3482 --- [main] o.apache.catalina.core.StandardService   : Starting service [Tomcat]
2020-05-26 13:34:22.826  INFO 3482 --- [main] org.apache.catalina.core.StandardEngine  : Starting Servlet engine: [Apache Tomcat/9.0.31]
2020-05-26 13:34:22.913  INFO 3482 --- [main] o.a.c.c.C.[Tomcat].[localhost].[/]       : Initializing Spring embedded WebApplicationContext
2020-05-26 13:34:22.914  INFO 3482 --- [main] o.s.web.context.ContextLoader            : Root WebApplicationContext: initialization completed in 1700 ms
2020-05-26 13:34:23.001  WARN 3482 --- [main] c.n.c.sources.URLConfigurationSource     : No URLs will be polled as dynamic configuration sources.
2020-05-26 13:34:23.002  INFO 3482 --- [main] c.n.c.sources.URLConfigurationSource     : To enable URLs as dynamic configuration sources, define System property archaius.configurationSource.additionalUrls or make config.properties available on classpath.
2020-05-26 13:34:23.011  INFO 3482 --- [main] c.netflix.config.DynamicPropertyFactory  : DynamicPropertyFactory is initialized with configuration sources: com.netflix.config.ConcurrentCompositeConfiguration@5377414a
2020-05-26 13:34:23.659  INFO 3482 --- [main] o.s.s.c.ThreadPoolTaskScheduler          : Initializing ExecutorService 'taskScheduler'
2020-05-26 13:34:23.879  INFO 3482 --- [main] c.s.j.s.i.a.WebApplicationImpl           : Initiating Jersey application, version 'Jersey: 1.19.1 03/11/2016 02:08 PM'
2020-05-26 13:34:23.945  INFO 3482 --- [main] c.n.d.provider.DiscoveryJerseyProvider   : Using JSON encoding codec LegacyJacksonJson
2020-05-26 13:34:23.946  INFO 3482 --- [main] c.n.d.provider.DiscoveryJerseyProvider   : Using JSON decoding codec LegacyJacksonJson
2020-05-26 13:34:24.065  INFO 3482 --- [main] c.n.d.provider.DiscoveryJerseyProvider   : Using XML encoding codec XStreamXml
2020-05-26 13:34:24.066  INFO 3482 --- [main] c.n.d.provider.DiscoveryJerseyProvider   : Using XML decoding codec XStreamXml
2020-05-26 13:34:24.605  INFO 3482 --- [main] o.s.s.web.DefaultSecurityFilterChain     : Creating filter chain: any request, [org.springframework.security.web.context.request.async.WebAsyncManagerIntegrationFilter@5368e981, org.springframework.security.web.context.SecurityContextPersistenceFilter@4af70b83, org.springframework.security.web.header.HeaderWriterFilter@7f2c995b, org.springframework.security.web.authentication.logout.LogoutFilter@298e002d, org.springframework.security.web.authentication.www.BasicAuthenticationFilter@6f7a20da, org.springframework.security.web.savedrequest.RequestCacheAwareFilter@4b32465, org.springframework.security.web.servletapi.SecurityContextHolderAwareRequestFilter@503556cb, org.springframework.security.web.authentication.AnonymousAuthenticationFilter@1c171746, org.springframework.security.web.session.SessionManagementFilter@a03529c, org.springframework.security.web.access.ExceptionTranslationFilter@6ec3d8e4, org.springframework.security.web.access.intercept.FilterSecurityInterceptor@9dc782d]
2020-05-26 13:34:24.617  WARN 3482 --- [main] c.n.c.sources.URLConfigurationSource     : No URLs will be polled as dynamic configuration sources.
2020-05-26 13:34:24.618  INFO 3482 --- [main] c.n.c.sources.URLConfigurationSource     : To enable URLs as dynamic configuration sources, define System property archaius.configurationSource.additionalUrls or make config.properties available on classpath.
2020-05-26 13:34:24.707  INFO 3482 --- [main] o.s.s.concurrent.ThreadPoolTaskExecutor  : Initializing ExecutorService 'applicationTaskExecutor'
2020-05-26 13:34:25.207  WARN 3482 --- [main] ockingLoadBalancerClientRibbonWarnLogger : You already have RibbonLoadBalancerClient on your classpath. It will be used by default. As Spring Cloud Ribbon is in maintenance mode. We recommend switching to BlockingLoadBalancerClient instead. In order to use it, set the value of `spring.cloud.loadbalancer.ribbon.enabled` to `false` or remove spring-cloud-starter-netflix-ribbon from your project.
2020-05-26 13:34:25.251  INFO 3482 --- [main] o.s.c.n.eureka.InstanceInfoFactory       : Setting initial instance status as: STARTING
2020-05-26 13:34:25.280  INFO 3482 --- [main] com.netflix.discovery.DiscoveryClient    : Initializing Eureka in region us-east-1
2020-05-26 13:34:25.280  INFO 3482 --- [main] com.netflix.discovery.DiscoveryClient    : Client configured to neither register nor query for data.
2020-05-26 13:34:25.286  INFO 3482 --- [main] com.netflix.discovery.DiscoveryClient    : Discovery Client initialized at timestamp 1590489265285 with initial instances count: 0
2020-05-26 13:34:25.318  INFO 3482 --- [main] c.n.eureka.DefaultEurekaServerContext    : Initializing ...
2020-05-26 13:34:25.320  INFO 3482 --- [main] c.n.eureka.cluster.PeerEurekaNodes       : Adding new peer nodes [http://acho999:acho999@localhost:8001/eureka/]
2020-05-26 13:34:25.359  INFO 3482 --- [main] c.n.d.provider.DiscoveryJerseyProvider   : Using JSON encoding codec LegacyJacksonJson
2020-05-26 13:34:25.360  INFO 3482 --- [main] c.n.d.provider.DiscoveryJerseyProvider   : Using JSON decoding codec LegacyJacksonJson
2020-05-26 13:34:25.360  INFO 3482 --- [main] c.n.d.provider.DiscoveryJerseyProvider   : Using XML encoding codec XStreamXml
2020-05-26 13:34:25.360  INFO 3482 --- [main] c.n.d.provider.DiscoveryJerseyProvider   : Using XML decoding codec XStreamXml
2020-05-26 13:34:30.452  INFO 3482 --- [main] c.n.eureka.cluster.PeerEurekaNodes       : Replica node URL:  http://acho999:acho999@localhost:8001/eureka/
2020-05-26 13:34:30.461  INFO 3482 --- [main] c.n.e.registry.AbstractInstanceRegistry  : Finished initializing remote region registries. All known remote regions: []
2020-05-26 13:34:30.462  INFO 3482 --- [main] c.n.eureka.DefaultEurekaServerContext    : Initialized
2020-05-26 13:34:30.484  INFO 3482 --- [main] o.s.b.a.e.web.EndpointLinksResolver      : Exposing 23 endpoint(s) beneath base path '/actuator'
2020-05-26 13:34:30.518  INFO 3482 --- [RMI TCP Connection(2)-127.0.0.1] o.a.c.c.C.[Tomcat].[localhost].[/]       : Initializing Spring DispatcherServlet 'dispatcherServlet'
2020-05-26 13:34:30.519  INFO 3482 --- [RMI TCP Connection(2)-127.0.0.1] o.s.web.servlet.DispatcherServlet        : Initializing Servlet 'dispatcherServlet'
2020-05-26 13:34:30.584  INFO 3482 --- [RMI TCP Connection(2)-127.0.0.1] o.s.web.servlet.DispatcherServlet        : Completed initialization in 64 ms
2020-05-26 13:34:30.618  INFO 3482 --- [main] o.s.c.s.m.DirectWithAttributesChannel    : Channel 'application-1.springCloudBusInput' has 1 subscriber(s).
2020-05-26 13:34:30.775  INFO 3482 --- [main] o.s.i.monitor.IntegrationMBeanExporter   : Registering MessageChannel springCloudBusInput
2020-05-26 13:34:30.845  INFO 3482 --- [main] o.s.i.monitor.IntegrationMBeanExporter   : Registering MessageChannel errorChannel
2020-05-26 13:34:30.908  INFO 3482 --- [main] o.s.i.monitor.IntegrationMBeanExporter   : Registering MessageChannel nullChannel
2020-05-26 13:34:30.923  INFO 3482 --- [main] o.s.i.monitor.IntegrationMBeanExporter   : Registering MessageChannel springCloudBusOutput
2020-05-26 13:34:30.935  INFO 3482 --- [main] o.s.i.monitor.IntegrationMBeanExporter   : Registering MessageHandler errorLogger
2020-05-26 13:34:30.957  INFO 3482 --- [main] o.s.i.monitor.IntegrationMBeanExporter   : Registering MessageHandler org.springframework.cloud.stream.binding.StreamListenerMessageHandler@59014efe
2020-05-26 13:34:31.033  INFO 3482 --- [main] o.s.i.endpoint.EventDrivenConsumer       : Adding {logging-channel-adapter:_org.springframework.integration.errorLogger} as a subscriber to the 'errorChannel' channel
2020-05-26 13:34:31.033  INFO 3482 --- [main] o.s.i.channel.PublishSubscribeChannel    : Channel 'application-1.errorChannel' has 1 subscriber(s).
2020-05-26 13:34:31.034  INFO 3482 --- [main] o.s.i.endpoint.EventDrivenConsumer       : started bean '_org.springframework.integration.errorLogger'
2020-05-26 13:34:36.077  INFO 3482 --- [main] c.c.c.ConfigServicePropertySourceLocator : Fetching config from server at : http://localhost:8012
2020-05-26 13:34:36.666  INFO 3482 --- [main] c.c.c.ConfigServicePropertySourceLocator : Located environment: name=eureka-discovery-service, profiles=[default], label=null, version=4f876a14706a0489088a4783ef1f4efeeceebe61, state=null
2020-05-26 13:34:36.666  INFO 3482 --- [main] b.c.PropertySourceBootstrapConfiguration : Located property source: [BootstrapPropertySource {name='bootstrapProperties-configClient'}, BootstrapPropertySource {name='bootstrapProperties-https://github.com/acho999/Configuration.git/eureka-discovery-service.properties'}, BootstrapPropertySource {name='bootstrapProperties-https://github.com/acho999/Configuration.git/application.properties'}]
2020-05-26 13:34:36.869  INFO 3482 --- [main] o.s.a.r.c.CachingConnectionFactory       : Attempting to connect to: [localhost:5672]
2020-05-26 13:34:36.899  INFO 3482 --- [main] o.s.a.r.c.CachingConnectionFactory       : Created new connection: rabbitConnectionFactory#52f6900a:0/SimpleConnection@57cff804 [delegate=amqp://guest@127.0.0.1:5672/, localPort= 50473]
2020-05-26 13:34:36.931  INFO 3482 --- [main] o.s.c.s.m.DirectWithAttributesChannel    : Channel 'application-1.springCloudBusOutput' has 1 subscriber(s).
2020-05-26 13:34:36.937  INFO 3482 --- [main] o.s.c.n.e.s.EurekaServiceRegistry        : Registering application EUREKA-DISCOVERY-SERVICE with eureka with status UP
2020-05-26 13:34:36.940  INFO 3482 --- [Thread-13] o.s.c.n.e.server.EurekaServerBootstrap   : Setting the eureka configuration..
2020-05-26 13:34:36.941  INFO 3482 --- [Thread-13] o.s.c.n.e.server.EurekaServerBootstrap   : Eureka data center value eureka.datacenter is not set, defaulting to default
2020-05-26 13:34:36.942  INFO 3482 --- [Thread-13] o.s.c.n.e.server.EurekaServerBootstrap   : Eureka environment value eureka.environment is not set, defaulting to test
2020-05-26 13:34:36.956  INFO 3482 --- [Thread-13] o.s.c.n.e.server.EurekaServerBootstrap   : isAws returned false
2020-05-26 13:34:36.957  INFO 3482 --- [Thread-13] o.s.c.n.e.server.EurekaServerBootstrap   : Initialized server context
2020-05-26 13:34:36.957  INFO 3482 --- [Thread-13] c.n.e.r.PeerAwareInstanceRegistryImpl    : Got 1 instances from neighboring DS node
2020-05-26 13:34:36.957  INFO 3482 --- [Thread-13] c.n.e.r.PeerAwareInstanceRegistryImpl    : Renew threshold is: 1
2020-05-26 13:34:36.957  INFO 3482 --- [Thread-13] c.n.e.r.PeerAwareInstanceRegistryImpl    : Changing status to UP
2020-05-26 13:34:36.967  INFO 3482 --- [Thread-13] e.s.EurekaServerInitializerConfiguration : Started Eureka Server
2020-05-26 13:34:36.985  INFO 3482 --- [main] c.s.b.r.p.RabbitExchangeQueueProvisioner : declaring queue for inbound: springCloudBus.anonymous.YtCARLI7SdaFkgxyabExHQ, bound to: springCloudBus
2020-05-26 13:34:37.008  INFO 3482 --- [main] o.s.c.stream.binder.BinderErrorChannel   : Channel 'springCloudBus.anonymous.YtCARLI7SdaFkgxyabExHQ.errors' has 1 subscriber(s).
2020-05-26 13:34:37.008  INFO 3482 --- [main] o.s.c.stream.binder.BinderErrorChannel   : Channel 'springCloudBus.anonymous.YtCARLI7SdaFkgxyabExHQ.errors' has 2 subscriber(s).
2020-05-26 13:34:37.227  INFO 3482 --- [main] o.s.i.a.i.AmqpInboundChannelAdapter      : started bean 'inbound.springCloudBus.anonymous.YtCARLI7SdaFkgxyabExHQ'
2020-05-26 13:34:37.239  INFO 3482 --- [main] o.s.i.monitor.IntegrationMBeanExporter   : Registering MessageChannel springCloudBus.anonymous.YtCARLI7SdaFkgxyabExHQ.errors
2020-05-26 13:34:37.404  INFO 3482 --- [main] o.s.b.w.embedded.tomcat.TomcatWebServer  : Tomcat started on port(s): 8001 (http) with context path ''
2020-05-26 13:34:37.406  INFO 3482 --- [main] .s.c.n.e.s.EurekaAutoServiceRegistration : Updating port to 8001
2020-05-26 13:34:37.411  INFO 3482 --- [main] com.main.EurekaServerApplication         : Started EurekaServerApplication in 28.234 seconds (JVM running for 33.765)
2020-05-26 13:35:36.961  INFO 3482 --- [Eureka-EvictionTimer] c.n.e.registry.AbstractInstanceRegistry  : Running the evict task with compensationTime 0ms
2020-05-26 13:36:36.962  INFO 3482 --- [Eureka-EvictionTimer] c.n.e.registry.AbstractInstanceRegistry  : Running the evict task with compensationTime 2ms
2020-05-26 13:37:36.963  INFO 3482 --- [Eureka-EvictionTimer] c.n.e.registry.AbstractInstanceRegistry  : Running the evict task with compensationTime 2ms
2020-05-26 13:38:30.014  INFO 3482 --- [http-nio-8001-exec-1] c.n.e.registry.AbstractInstanceRegistry  : Registered instance USERS-SERVICE/users-service:9ee452577f490feca92c966edaf432c8 with status UP (replication=false)
2020-05-26 13:38:30.692  INFO 3482 --- [http-nio-8001-exec-2] c.n.e.registry.AbstractInstanceRegistry  : Registered instance USERS-SERVICE/users-service:9ee452577f490feca92c966edaf432c8 with status UP (replication=true)
2020-05-26 13:38:36.965  INFO 3482 --- [Eureka-EvictionTimer] c.n.e.registry.AbstractInstanceRegistry  : Running the evict task with compensationTime 3ms
2020-05-26 13:39:08.722  INFO 3482 --- [http-nio-8001-exec-7] c.n.e.registry.AbstractInstanceRegistry  : Registered instance SALES-SERVICE/sales-service:ccaa58f3b6af546883cfed418f6ca466 with status UP (replication=false)
2020-05-26 13:39:09.234  INFO 3482 --- [http-nio-8001-exec-8] c.n.e.registry.AbstractInstanceRegistry  : Registered instance SALES-SERVICE/sales-service:ccaa58f3b6af546883cfed418f6ca466 with status UP (replication=true)
2020-05-26 13:39:36.965  INFO 3482 --- [Eureka-EvictionTimer] c.n.e.registry.AbstractInstanceRegistry  : Running the evict task with compensationTime 1ms
2020-05-26 13:39:56.671  INFO 3482 --- [http-nio-8001-exec-8] c.n.e.registry.AbstractInstanceRegistry  : Registered instance ZUUL/192.168.0.103:zuul:8011 with status UP (replication=false)
2020-05-26 13:39:57.184  INFO 3482 --- [http-nio-8001-exec-9] c.n.e.registry.AbstractInstanceRegistry  : Registered instance ZUUL/192.168.0.103:zuul:8011 with status UP (replication=true)
2020-05-26 13:40:36.967  INFO 3482 --- [Eureka-EvictionTimer] c.n.e.registry.AbstractInstanceRegistry  : Running the evict task with compensationTime 3ms
2020-05-26 13:41:36.968  INFO 3482 --- [Eureka-EvictionTimer] c.n.e.registry.AbstractInstanceRegistry  : Running the evict task with compensationTime 2ms
2020-05-26 13:42:36.968  INFO 3482 --- [Eureka-EvictionTimer] c.n.e.registry.AbstractInstanceRegistry  : Running the evict task with compensationTime 1ms
2020-05-26 13:43:36.969  INFO 3482 --- [Eureka-EvictionTimer] c.n.e.registry.AbstractInstanceRegistry  : Running the evict task with compensationTime 2ms
2020-05-26 13:44:36.970  INFO 3482 --- [Eureka-EvictionTimer] c.n.e.registry.AbstractInstanceRegistry  : Running the evict task with compensationTime 2ms
2020-05-26 13:45:36.971  INFO 3482 --- [Eureka-EvictionTimer] c.n.e.registry.AbstractInstanceRegistry  : Running the evict task with compensationTime 3ms
2020-05-26 13:46:36.972  INFO 3482 --- [Eureka-EvictionTimer] c.n.e.registry.AbstractInstanceRegistry  : Running the evict task with compensationTime 2ms
2020-05-26 13:46:49.728  INFO 3482 --- [http-nio-8001-exec-9] c.n.e.registry.AbstractInstanceRegistry  : Registered instance SALES-SERVICE/sales-service:ccaa58f3b6af546883cfed418f6ca466 with status DOWN (replication=false)
2020-05-26 13:46:50.242  INFO 3482 --- [http-nio-8001-exec-4] c.n.e.registry.AbstractInstanceRegistry  : Registered instance SALES-SERVICE/sales-service:ccaa58f3b6af546883cfed418f6ca466 with status DOWN (replication=true)
2020-05-26 13:46:53.817  INFO 3482 --- [http-nio-8001-exec-2] c.n.e.registry.AbstractInstanceRegistry  : Cancelled instance SALES-SERVICE/sales-service:ccaa58f3b6af546883cfed418f6ca466 (replication=false)
2020-05-26 13:46:54.330  WARN 3482 --- [http-nio-8001-exec-3] c.n.e.registry.AbstractInstanceRegistry  : DS: Registry: cancel failed because Lease is not registered for: SALES-SERVICE/sales-service:ccaa58f3b6af546883cfed418f6ca466
2020-05-26 13:46:54.330  INFO 3482 --- [http-nio-8001-exec-3] c.n.eureka.resources.InstanceResource    : Not Found (Cancel): SALES-SERVICE - sales-service:ccaa58f3b6af546883cfed418f6ca466
2020-05-26 13:46:54.332  WARN 3482 --- [TaskBatchingWorker-target_localhost-4] c.n.eureka.cluster.ReplicationTask       : The replication of task SALES-SERVICE/sales-service:ccaa58f3b6af546883cfed418f6ca466:Cancel@localhost failed with response code 404
2020-05-26 13:46:54.332  WARN 3482 --- [TaskBatchingWorker-target_localhost-4] c.netflix.eureka.cluster.PeerEurekaNode  : SALES-SERVICE/sales-service:ccaa58f3b6af546883cfed418f6ca466:Cancel@localhost: missing entry.
2020-05-26 13:47:26.796  INFO 3482 --- [http-nio-8001-exec-3] c.n.e.registry.AbstractInstanceRegistry  : Registered instance SALES-SERVICE/sales-service:42a9880078265838f6a524ea65e31024 with status UP (replication=false)
2020-05-26 13:47:27.101  INFO 3482 --- [http-nio-8001-exec-5] c.n.e.registry.AbstractInstanceRegistry  : Registered instance SALES-SERVICE/sales-service:42a9880078265838f6a524ea65e31024 with status UP (replication=true)
2020-05-26 13:47:36.973  INFO 3482 --- [Eureka-EvictionTimer] c.n.e.registry.AbstractInstanceRegistry  : Running the evict task with compensationTime 2ms
2020-05-26 13:48:36.975  INFO 3482 --- [Eureka-EvictionTimer] c.n.e.registry.AbstractInstanceRegistry  : Running the evict task with compensationTime 4ms
2020-05-26 13:49:30.462  INFO 3482 --- [ReplicaAwareInstanceRegistry - RenewalThresholdUpdater] c.n.e.r.PeerAwareInstanceRegistryImpl    : Current renewal threshold is : 6
2020-05-26 13:49:36.976  INFO 3482 --- [Eureka-EvictionTimer] c.n.e.registry.AbstractInstanceRegistry  : Running the evict task with compensationTime 3ms
2020-05-26 13:50:36.978  INFO 3482 --- [Eureka-EvictionTimer] c.n.e.registry.AbstractInstanceRegistry  : Running the evict task with compensationTime 3ms
2020-05-26 13:51:36.978  INFO 3482 --- [Eureka-EvictionTimer] c.n.e.registry.AbstractInstanceRegistry  : Running the evict task with compensationTime 1ms
2020-05-26 13:52:36.980  INFO 3482 --- [Eureka-EvictionTimer] c.n.e.registry.AbstractInstanceRegistry  : Running the evict task with compensationTime 4ms
2020-05-26 13:53:36.980  INFO 3482 --- [Eureka-EvictionTimer] c.n.e.registry.AbstractInstanceRegistry  : Running the evict task with compensationTime 1ms
2020-05-26 13:54:36.981  INFO 3482 --- [Eureka-EvictionTimer] c.n.e.registry.AbstractInstanceRegistry  : Running the evict task with compensationTime 2ms
2020-05-26 13:55:36.981  INFO 3482 --- [Eureka-EvictionTimer] c.n.e.registry.AbstractInstanceRegistry  : Running the evict task with compensationTime 1ms
2020-05-26 13:56:36.981  INFO 3482 --- [Eureka-EvictionTimer] c.n.e.registry.AbstractInstanceRegistry  : Running the evict task with compensationTime 1ms
2020-05-26 13:57:36.983  INFO 3482 --- [Eureka-EvictionTimer] c.n.e.registry.AbstractInstanceRegistry  : Running the evict task with compensationTime 4ms
2020-05-26 13:58:36.984  INFO 3482 --- [Eureka-EvictionTimer] c.n.e.registry.AbstractInstanceRegistry  : Running the evict task with compensationTime 8ms
2020-05-26 13:59:36.984  INFO 3482 --- [Eureka-EvictionTimer] c.n.e.registry.AbstractInstanceRegistry  : Running the evict task with compensationTime 3ms
2020-05-26 13:59:43.898  INFO 3482 --- [http-nio-8001-exec-3] c.n.e.registry.AbstractInstanceRegistry  : Registered instance SALES-SERVICE/sales-service:42a9880078265838f6a524ea65e31024 with status DOWN (replication=false)
2020-05-26 13:59:44.413  INFO 3482 --- [http-nio-8001-exec-9] c.n.e.registry.AbstractInstanceRegistry  : Registered instance SALES-SERVICE/sales-service:42a9880078265838f6a524ea65e31024 with status DOWN (replication=true)
2020-05-26 14:00:36.984  INFO 3482 --- [Eureka-EvictionTimer] c.n.e.registry.AbstractInstanceRegistry  : Running the evict task with compensationTime 2ms
2020-05-26 14:00:55.871  INFO 3482 --- [http-nio-8001-exec-6] c.n.e.registry.AbstractInstanceRegistry  : Registered instance USERS-SERVICE/users-service:9ee452577f490feca92c966edaf432c8 with status DOWN (replication=false)
2020-05-26 14:00:56.386  INFO 3482 --- [http-nio-8001-exec-4] c.n.e.registry.AbstractInstanceRegistry  : Registered instance USERS-SERVICE/users-service:9ee452577f490feca92c966edaf432c8 with status DOWN (replication=true)
2020-05-26 14:00:59.695  INFO 3482 --- [http-nio-8001-exec-3] c.n.e.registry.AbstractInstanceRegistry  : Cancelled instance USERS-SERVICE/users-service:9ee452577f490feca92c966edaf432c8 (replication=false)
2020-05-26 14:01:00.201  WARN 3482 --- [http-nio-8001-exec-9] c.n.e.registry.AbstractInstanceRegistry  : DS: Registry: cancel failed because Lease is not registered for: USERS-SERVICE/users-service:9ee452577f490feca92c966edaf432c8
2020-05-26 14:01:00.201  INFO 3482 --- [http-nio-8001-exec-9] c.n.eureka.resources.InstanceResource    : Not Found (Cancel): USERS-SERVICE - users-service:9ee452577f490feca92c966edaf432c8
2020-05-26 14:01:00.202  WARN 3482 --- [TaskBatchingWorker-target_localhost-15] c.n.eureka.cluster.ReplicationTask       : The replication of task USERS-SERVICE/users-service:9ee452577f490feca92c966edaf432c8:Cancel@localhost failed with response code 404
2020-05-26 14:01:00.202  WARN 3482 --- [TaskBatchingWorker-target_localhost-15] c.netflix.eureka.cluster.PeerEurekaNode  : USERS-SERVICE/users-service:9ee452577f490feca92c966edaf432c8:Cancel@localhost: missing entry.
2020-05-26 14:01:32.268  INFO 3482 --- [http-nio-8001-exec-8] c.n.e.registry.AbstractInstanceRegistry  : Registered instance USERS-SERVICE/users-service:0f3f44de948401dcecbb57a92e4082d6 with status UP (replication=false)
2020-05-26 14:01:32.774  INFO 3482 --- [http-nio-8001-exec-1] c.n.e.registry.AbstractInstanceRegistry  : Registered instance USERS-SERVICE/users-service:0f3f44de948401dcecbb57a92e4082d6 with status UP (replication=true)
2020-05-26 14:01:36.985  INFO 3482 --- [Eureka-EvictionTimer] c.n.e.registry.AbstractInstanceRegistry  : Running the evict task with compensationTime 2ms
2020-05-26 14:01:36.985  INFO 3482 --- [Eureka-EvictionTimer] c.n.e.registry.AbstractInstanceRegistry  : Evicting 1 items (expired=1, evictionLimit=1)
2020-05-26 14:01:36.985  WARN 3482 --- [Eureka-EvictionTimer] c.n.e.registry.AbstractInstanceRegistry  : DS: Registry: expired lease for SALES-SERVICE/sales-service:42a9880078265838f6a524ea65e31024
2020-05-26 14:01:36.986  INFO 3482 --- [Eureka-EvictionTimer] c.n.e.registry.AbstractInstanceRegistry  : Cancelled instance SALES-SERVICE/sales-service:42a9880078265838f6a524ea65e31024 (replication=false)
2020-05-26 14:02:36.986  INFO 3482 --- [Eureka-EvictionTimer] c.n.e.registry.AbstractInstanceRegistry  : Running the evict task with compensationTime 3ms
2020-05-26 14:03:36.987  INFO 3482 --- [Eureka-EvictionTimer] c.n.e.registry.AbstractInstanceRegistry  : Running the evict task with compensationTime 3ms
2020-05-26 14:04:30.463  INFO 3482 --- [ReplicaAwareInstanceRegistry - RenewalThresholdUpdater] c.n.e.r.PeerAwareInstanceRegistryImpl    : Current renewal threshold is : 6
2020-05-26 14:04:36.987  INFO 3482 --- [Eureka-EvictionTimer] c.n.e.registry.AbstractInstanceRegistry  : Running the evict task with compensationTime 2ms
2020-05-26 14:05:36.990  INFO 3482 --- [Eureka-EvictionTimer] c.n.e.registry.AbstractInstanceRegistry  : Running the evict task with compensationTime 4ms
2020-05-26 14:05:53.241  INFO 3482 --- [http-nio-8001-exec-9] c.n.e.registry.AbstractInstanceRegistry  : Registered instance SALES-SERVICE/sales-service:abb68c214fac468df8e6487d22b33fde with status UP (replication=false)
2020-05-26 14:05:53.758  INFO 3482 --- [http-nio-8001-exec-2] c.n.e.registry.AbstractInstanceRegistry  : Registered instance SALES-SERVICE/sales-service:abb68c214fac468df8e6487d22b33fde with status UP (replication=true)
2020-05-26 14:06:36.990  INFO 3482 --- [Eureka-EvictionTimer] c.n.e.registry.AbstractInstanceRegistry  : Running the evict task with compensationTime 2ms
2020-05-26 14:07:36.991  INFO 3482 --- [Eureka-EvictionTimer] c.n.e.registry.AbstractInstanceRegistry  : Running the evict task with compensationTime 2ms
2020-05-26 14:08:36.994  INFO 3482 --- [Eureka-EvictionTimer] c.n.e.registry.AbstractInstanceRegistry  : Running the evict task with compensationTime 4ms
2020-05-26 14:09:36.994  INFO 3482 --- [Eureka-EvictionTimer] c.n.e.registry.AbstractInstanceRegistry  : Running the evict task with compensationTime 2ms
2020-05-26 14:10:36.995  INFO 3482 --- [Eureka-EvictionTimer] c.n.e.registry.AbstractInstanceRegistry  : Running the evict task with compensationTime 3ms
2020-05-26 14:11:10.138  INFO 3482 --- [http-nio-8001-exec-7] c.n.e.registry.AbstractInstanceRegistry  : Registered instance SALES-SERVICE/sales-service:abb68c214fac468df8e6487d22b33fde with status DOWN (replication=false)
2020-05-26 14:11:10.650  INFO 3482 --- [http-nio-8001-exec-10] c.n.e.registry.AbstractInstanceRegistry  : Registered instance SALES-SERVICE/sales-service:abb68c214fac468df8e6487d22b33fde with status DOWN (replication=true)
2020-05-26 14:11:36.996  INFO 3482 --- [Eureka-EvictionTimer] c.n.e.registry.AbstractInstanceRegistry  : Running the evict task with compensationTime 2ms
2020-05-26 14:12:36.996  INFO 3482 --- [Eureka-EvictionTimer] c.n.e.registry.AbstractInstanceRegistry  : Running the evict task with compensationTime 2ms
2020-05-26 14:13:36.998  INFO 3482 --- [Eureka-EvictionTimer] c.n.e.registry.AbstractInstanceRegistry  : Running the evict task with compensationTime 4ms
2020-05-26 14:14:35.328  INFO 3482 --- [http-nio-8001-exec-4] c.n.e.registry.AbstractInstanceRegistry  : Registered instance SALES-SERVICE/sales-service:0e9a8d2eea34fac9be09554bcf768f45 with status UP (replication=false)
2020-05-26 14:14:35.841  INFO 3482 --- [http-nio-8001-exec-8] c.n.e.registry.AbstractInstanceRegistry  : Registered instance SALES-SERVICE/sales-service:0e9a8d2eea34fac9be09554bcf768f45 with status UP (replication=true)
2020-05-26 14:14:36.998  INFO 3482 --- [Eureka-EvictionTimer] c.n.e.registry.AbstractInstanceRegistry  : Running the evict task with compensationTime 1ms
2020-05-26 14:15:28.799  INFO 3482 --- [http-nio-8001-exec-2] c.n.e.registry.AbstractInstanceRegistry  : Registered instance SALES-SERVICE/sales-service:0e9a8d2eea34fac9be09554bcf768f45 with status DOWN (replication=false)
2020-05-26 14:15:29.307  INFO 3482 --- [http-nio-8001-exec-10] c.n.e.registry.AbstractInstanceRegistry  : Registered instance SALES-SERVICE/sales-service:0e9a8d2eea34fac9be09554bcf768f45 with status DOWN (replication=true)
2020-05-26 14:15:33.276  INFO 3482 --- [http-nio-8001-exec-9] c.n.e.registry.AbstractInstanceRegistry  : Cancelled instance SALES-SERVICE/sales-service:0e9a8d2eea34fac9be09554bcf768f45 (replication=false)
2020-05-26 14:15:33.788  WARN 3482 --- [http-nio-8001-exec-7] c.n.e.registry.AbstractInstanceRegistry  : DS: Registry: cancel failed because Lease is not registered for: SALES-SERVICE/sales-service:0e9a8d2eea34fac9be09554bcf768f45
2020-05-26 14:15:33.788  INFO 3482 --- [http-nio-8001-exec-7] c.n.eureka.resources.InstanceResource    : Not Found (Cancel): SALES-SERVICE - sales-service:0e9a8d2eea34fac9be09554bcf768f45
2020-05-26 14:15:33.789  WARN 3482 --- [TaskBatchingWorker-target_localhost-13] c.n.eureka.cluster.ReplicationTask       : The replication of task SALES-SERVICE/sales-service:0e9a8d2eea34fac9be09554bcf768f45:Cancel@localhost failed with response code 404
2020-05-26 14:15:33.789  WARN 3482 --- [TaskBatchingWorker-target_localhost-13] c.netflix.eureka.cluster.PeerEurekaNode  : SALES-SERVICE/sales-service:0e9a8d2eea34fac9be09554bcf768f45:Cancel@localhost: missing entry.
2020-05-26 14:15:36.999  INFO 3482 --- [Eureka-EvictionTimer] c.n.e.registry.AbstractInstanceRegistry  : Running the evict task with compensationTime 2ms
2020-05-26 14:16:22.486  INFO 3482 --- [http-nio-8001-exec-10] c.n.e.registry.AbstractInstanceRegistry  : Registered instance SALES-SERVICE/sales-service:726f39660c5da9408afa697715f1e196 with status UP (replication=false)
2020-05-26 14:16:23.000  INFO 3482 --- [http-nio-8001-exec-1] c.n.e.registry.AbstractInstanceRegistry  : Registered instance SALES-SERVICE/sales-service:726f39660c5da9408afa697715f1e196 with status UP (replication=true)
2020-05-26 14:16:37.000  INFO 3482 --- [Eureka-EvictionTimer] c.n.e.registry.AbstractInstanceRegistry  : Running the evict task with compensationTime 3ms
2020-05-26 14:17:37.003  INFO 3482 --- [Eureka-EvictionTimer] c.n.e.registry.AbstractInstanceRegistry  : Running the evict task with compensationTime 4ms
2020-05-26 14:17:58.840  INFO 3482 --- [http-nio-8001-exec-9] c.n.e.registry.AbstractInstanceRegistry  : Registered instance SALES-SERVICE/sales-service:726f39660c5da9408afa697715f1e196 with status DOWN (replication=false)
2020-05-26 14:17:59.354  INFO 3482 --- [http-nio-8001-exec-8] c.n.e.registry.AbstractInstanceRegistry  : Registered instance SALES-SERVICE/sales-service:726f39660c5da9408afa697715f1e196 with status DOWN (replication=true)
2020-05-26 14:18:02.635  INFO 3482 --- [http-nio-8001-exec-2] c.n.e.registry.AbstractInstanceRegistry  : Cancelled instance SALES-SERVICE/sales-service:726f39660c5da9408afa697715f1e196 (replication=false)
2020-05-26 14:18:02.944  WARN 3482 --- [http-nio-8001-exec-3] c.n.e.registry.AbstractInstanceRegistry  : DS: Registry: cancel failed because Lease is not registered for: SALES-SERVICE/sales-service:726f39660c5da9408afa697715f1e196
2020-05-26 14:18:02.945  INFO 3482 --- [http-nio-8001-exec-3] c.n.eureka.resources.InstanceResource    : Not Found (Cancel): SALES-SERVICE - sales-service:726f39660c5da9408afa697715f1e196
2020-05-26 14:18:02.945  WARN 3482 --- [TaskBatchingWorker-target_localhost-19] c.n.eureka.cluster.ReplicationTask       : The replication of task SALES-SERVICE/sales-service:726f39660c5da9408afa697715f1e196:Cancel@localhost failed with response code 404
2020-05-26 14:18:02.945  WARN 3482 --- [TaskBatchingWorker-target_localhost-19] c.netflix.eureka.cluster.PeerEurekaNode  : SALES-SERVICE/sales-service:726f39660c5da9408afa697715f1e196:Cancel@localhost: missing entry.
2020-05-26 14:18:34.950  INFO 3482 --- [http-nio-8001-exec-5] c.n.e.registry.AbstractInstanceRegistry  : Registered instance SALES-SERVICE/sales-service:c9d07ad5747540910eb48ca1c69cc2a2 with status UP (replication=false)
2020-05-26 14:18:35.455  INFO 3482 --- [http-nio-8001-exec-10] c.n.e.registry.AbstractInstanceRegistry  : Registered instance SALES-SERVICE/sales-service:c9d07ad5747540910eb48ca1c69cc2a2 with status UP (replication=true)
2020-05-26 14:18:37.005  INFO 3482 --- [Eureka-EvictionTimer] c.n.e.registry.AbstractInstanceRegistry  : Running the evict task with compensationTime 4ms
2020-05-26 14:18:37.006  INFO 3482 --- [Eureka-EvictionTimer] c.n.e.registry.AbstractInstanceRegistry  : Evicting 1 items (expired=1, evictionLimit=1)
2020-05-26 14:18:37.006  WARN 3482 --- [Eureka-EvictionTimer] c.n.e.registry.AbstractInstanceRegistry  : DS: Registry: expired lease for SALES-SERVICE/sales-service:abb68c214fac468df8e6487d22b33fde
2020-05-26 14:18:37.007  INFO 3482 --- [Eureka-EvictionTimer] c.n.e.registry.AbstractInstanceRegistry  : Cancelled instance SALES-SERVICE/sales-service:abb68c214fac468df8e6487d22b33fde (replication=false)
2020-05-26 14:19:30.465  INFO 3482 --- [ReplicaAwareInstanceRegistry - RenewalThresholdUpdater] c.n.e.r.PeerAwareInstanceRegistryImpl    : Current renewal threshold is : 10
2020-05-26 14:19:37.007  INFO 3482 --- [Eureka-EvictionTimer] c.n.e.registry.AbstractInstanceRegistry  : Running the evict task with compensationTime 3ms
2020-05-26 14:20:37.009  INFO 3482 --- [Eureka-EvictionTimer] c.n.e.registry.AbstractInstanceRegistry  : Running the evict task with compensationTime 4ms
2020-05-26 14:21:37.009  INFO 3482 --- [Eureka-EvictionTimer] c.n.e.registry.AbstractInstanceRegistry  : Running the evict task with compensationTime 2ms
2020-05-26 14:22:37.010  INFO 3482 --- [Eureka-EvictionTimer] c.n.e.registry.AbstractInstanceRegistry  : Running the evict task with compensationTime 2ms
2020-05-26 14:23:37.012  INFO 3482 --- [Eureka-EvictionTimer] c.n.e.registry.AbstractInstanceRegistry  : Running the evict task with compensationTime 4ms
2020-05-26 14:24:37.012  INFO 3482 --- [Eureka-EvictionTimer] c.n.e.registry.AbstractInstanceRegistry  : Running the evict task with compensationTime 1ms
2020-05-26 14:25:37.012  INFO 3482 --- [Eureka-EvictionTimer] c.n.e.registry.AbstractInstanceRegistry  : Running the evict task with compensationTime 4ms
2020-05-26 14:26:37.012  INFO 3482 --- [Eureka-EvictionTimer] c.n.e.registry.AbstractInstanceRegistry  : Running the evict task with compensationTime 2ms
2020-05-26 14:27:37.012  INFO 3482 --- [Eureka-EvictionTimer] c.n.e.registry.AbstractInstanceRegistry  : Running the evict task with compensationTime 2ms
2020-05-26 14:28:37.013  INFO 3482 --- [Eureka-EvictionTimer] c.n.e.registry.AbstractInstanceRegistry  : Running the evict task with compensationTime 2ms
2020-05-26 14:29:37.014  INFO 3482 --- [Eureka-EvictionTimer] c.n.e.registry.AbstractInstanceRegistry  : Running the evict task with compensationTime 3ms
2020-05-26 14:29:49.514  INFO 3482 --- [http-nio-8001-exec-9] c.n.e.registry.AbstractInstanceRegistry  : Registered instance SALES-SERVICE/sales-service:c9d07ad5747540910eb48ca1c69cc2a2 with status DOWN (replication=false)
2020-05-26 14:29:50.029  INFO 3482 --- [http-nio-8001-exec-7] c.n.e.registry.AbstractInstanceRegistry  : Registered instance SALES-SERVICE/sales-service:c9d07ad5747540910eb48ca1c69cc2a2 with status DOWN (replication=true)
2020-05-26 14:29:54.476  INFO 3482 --- [http-nio-8001-exec-5] c.n.e.registry.AbstractInstanceRegistry  : Cancelled instance SALES-SERVICE/sales-service:c9d07ad5747540910eb48ca1c69cc2a2 (replication=false)
2020-05-26 14:29:54.981  WARN 3482 --- [http-nio-8001-exec-4] c.n.e.registry.AbstractInstanceRegistry  : DS: Registry: cancel failed because Lease is not registered for: SALES-SERVICE/sales-service:c9d07ad5747540910eb48ca1c69cc2a2
2020-05-26 14:29:54.981  INFO 3482 --- [http-nio-8001-exec-4] c.n.eureka.resources.InstanceResource    : Not Found (Cancel): SALES-SERVICE - sales-service:c9d07ad5747540910eb48ca1c69cc2a2
2020-05-26 14:29:54.982  WARN 3482 --- [TaskBatchingWorker-target_localhost-12] c.n.eureka.cluster.ReplicationTask       : The replication of task SALES-SERVICE/sales-service:c9d07ad5747540910eb48ca1c69cc2a2:Cancel@localhost failed with response code 404
2020-05-26 14:29:54.982  WARN 3482 --- [TaskBatchingWorker-target_localhost-12] c.netflix.eureka.cluster.PeerEurekaNode  : SALES-SERVICE/sales-service:c9d07ad5747540910eb48ca1c69cc2a2:Cancel@localhost: missing entry.
2020-05-26 14:30:26.695  INFO 3482 --- [http-nio-8001-exec-6] c.n.e.registry.AbstractInstanceRegistry  : Registered instance SALES-SERVICE/sales-service:73b1117a6a876db4df34f18b9f6e81e2 with status UP (replication=false)
2020-05-26 14:30:27.207  INFO 3482 --- [http-nio-8001-exec-1] c.n.e.registry.AbstractInstanceRegistry  : Registered instance SALES-SERVICE/sales-service:73b1117a6a876db4df34f18b9f6e81e2 with status UP (replication=true)
2020-05-26 14:30:37.016  INFO 3482 --- [Eureka-EvictionTimer] c.n.e.registry.AbstractInstanceRegistry  : Running the evict task with compensationTime 3ms
2020-05-26 14:31:37.019  INFO 3482 --- [Eureka-EvictionTimer] c.n.e.registry.AbstractInstanceRegistry  : Running the evict task with compensationTime 5ms
2020-05-26 14:32:37.019  INFO 3482 --- [Eureka-EvictionTimer] c.n.e.registry.AbstractInstanceRegistry  : Running the evict task with compensationTime 1ms
2020-05-26 14:33:37.019  INFO 3482 --- [Eureka-EvictionTimer] c.n.e.registry.AbstractInstanceRegistry  : Running the evict task with compensationTime 2ms
2020-05-26 14:34:30.465  INFO 3482 --- [ReplicaAwareInstanceRegistry - RenewalThresholdUpdater] c.n.e.r.PeerAwareInstanceRegistryImpl    : Current renewal threshold is : 10
2020-05-26 14:34:37.020  INFO 3482 --- [Eureka-EvictionTimer] c.n.e.registry.AbstractInstanceRegistry  : Running the evict task with compensationTime 2ms
2020-05-26 14:35:37.022  INFO 3482 --- [Eureka-EvictionTimer] c.n.e.registry.AbstractInstanceRegistry  : Running the evict task with compensationTime 4ms
2020-05-26 14:35:50.573  INFO 3482 --- [http-nio-8001-exec-8] c.n.e.registry.AbstractInstanceRegistry  : Registered instance USERS-SERVICE/users-service:0f3f44de948401dcecbb57a92e4082d6 with status DOWN (replication=false)
2020-05-26 14:35:51.081  INFO 3482 --- [http-nio-8001-exec-3] c.n.e.registry.AbstractInstanceRegistry  : Registered instance USERS-SERVICE/users-service:0f3f44de948401dcecbb57a92e4082d6 with status DOWN (replication=true)
2020-05-26 14:35:55.181  INFO 3482 --- [http-nio-8001-exec-5] c.n.e.registry.AbstractInstanceRegistry  : Cancelled instance USERS-SERVICE/users-service:0f3f44de948401dcecbb57a92e4082d6 (replication=false)
2020-05-26 14:35:55.694  WARN 3482 --- [http-nio-8001-exec-7] c.n.e.registry.AbstractInstanceRegistry  : DS: Registry: cancel failed because Lease is not registered for: USERS-SERVICE/users-service:0f3f44de948401dcecbb57a92e4082d6
2020-05-26 14:35:55.694  INFO 3482 --- [http-nio-8001-exec-7] c.n.eureka.resources.InstanceResource    : Not Found (Cancel): USERS-SERVICE - users-service:0f3f44de948401dcecbb57a92e4082d6
2020-05-26 14:35:55.695  WARN 3482 --- [TaskBatchingWorker-target_localhost-12] c.n.eureka.cluster.ReplicationTask       : The replication of task USERS-SERVICE/users-service:0f3f44de948401dcecbb57a92e4082d6:Cancel@localhost failed with response code 404
2020-05-26 14:35:55.695  WARN 3482 --- [TaskBatchingWorker-target_localhost-12] c.netflix.eureka.cluster.PeerEurekaNode  : USERS-SERVICE/users-service:0f3f44de948401dcecbb57a92e4082d6:Cancel@localhost: missing entry.
2020-05-26 14:35:58.358  INFO 3482 --- [http-nio-8001-exec-1] c.n.e.registry.AbstractInstanceRegistry  : Registered instance ZUUL/192.168.0.103:zuul:8011 with status DOWN (replication=false)
2020-05-26 14:35:58.871  INFO 3482 --- [http-nio-8001-exec-8] c.n.e.registry.AbstractInstanceRegistry  : Registered instance ZUUL/192.168.0.103:zuul:8011 with status DOWN (replication=true)
2020-05-26 14:36:02.403  INFO 3482 --- [http-nio-8001-exec-3] c.n.e.registry.AbstractInstanceRegistry  : Cancelled instance ZUUL/192.168.0.103:zuul:8011 (replication=false)
2020-05-26 14:36:02.914  WARN 3482 --- [http-nio-8001-exec-9] c.n.e.registry.AbstractInstanceRegistry  : DS: Registry: cancel failed because Lease is not registered for: ZUUL/192.168.0.103:zuul:8011
2020-05-26 14:36:02.914  INFO 3482 --- [http-nio-8001-exec-9] c.n.eureka.resources.InstanceResource    : Not Found (Cancel): ZUUL - 192.168.0.103:zuul:8011
2020-05-26 14:36:02.915  WARN 3482 --- [TaskBatchingWorker-target_localhost-17] c.n.eureka.cluster.ReplicationTask       : The replication of task ZUUL/192.168.0.103:zuul:8011:Cancel@localhost failed with response code 404
2020-05-26 14:36:02.915  WARN 3482 --- [TaskBatchingWorker-target_localhost-17] c.netflix.eureka.cluster.PeerEurekaNode  : ZUUL/192.168.0.103:zuul:8011:Cancel@localhost: missing entry.
2020-05-26 14:36:05.007  INFO 3482 --- [RMI TCP Connection(4)-127.0.0.1] inMXBeanRegistrar$SpringApplicationAdmin : Application shutdown requested.
2020-05-26 14:36:05.008  INFO 3482 --- [RMI TCP Connection(4)-127.0.0.1] o.s.c.n.e.s.EurekaServiceRegistry        : Unregistering application EUREKA-DISCOVERY-SERVICE with eureka with status DOWN
2020-05-26 14:36:05.033  INFO 3482 --- [RMI TCP Connection(4)-127.0.0.1] o.s.a.r.l.SimpleMessageListenerContainer : Waiting for workers to finish.
2020-05-26 14:36:05.689  INFO 3482 --- [RMI TCP Connection(4)-127.0.0.1] o.s.a.r.l.SimpleMessageListenerContainer : Successfully waited for workers to finish.
2020-05-26 14:36:05.689  INFO 3482 --- [RMI TCP Connection(4)-127.0.0.1] o.s.i.a.i.AmqpInboundChannelAdapter      : stopped bean 'inbound.springCloudBus.anonymous.YtCARLI7SdaFkgxyabExHQ'
2020-05-26 14:36:05.692  INFO 3482 --- [RMI TCP Connection(4)-127.0.0.1] o.s.c.stream.binder.BinderErrorChannel   : Channel 'application-1.springCloudBus.anonymous.YtCARLI7SdaFkgxyabExHQ.errors' has 1 subscriber(s).
2020-05-26 14:36:05.693  INFO 3482 --- [RMI TCP Connection(4)-127.0.0.1] o.s.c.stream.binder.BinderErrorChannel   : Channel 'application-1.springCloudBus.anonymous.YtCARLI7SdaFkgxyabExHQ.errors' has 0 subscriber(s).
2020-05-26 14:36:05.697  INFO 3482 --- [RMI TCP Connection(4)-127.0.0.1] o.s.i.endpoint.EventDrivenConsumer       : Removing {logging-channel-adapter:_org.springframework.integration.errorLogger} as a subscriber to the 'errorChannel' channel
2020-05-26 14:36:05.697  INFO 3482 --- [RMI TCP Connection(4)-127.0.0.1] o.s.i.channel.PublishSubscribeChannel    : Channel 'application-1.errorChannel' has 0 subscriber(s).
2020-05-26 14:36:05.697  INFO 3482 --- [RMI TCP Connection(4)-127.0.0.1] o.s.i.endpoint.EventDrivenConsumer       : stopped bean '_org.springframework.integration.errorLogger'
2020-05-26 14:36:05.698  INFO 3482 --- [RMI TCP Connection(4)-127.0.0.1] c.n.eureka.DefaultEurekaServerContext    : Shutting down ...
2020-05-26 14:36:05.701  INFO 3482 --- [RMI TCP Connection(4)-127.0.0.1] c.n.eureka.DefaultEurekaServerContext    : Shut down
2020-05-26 14:36:05.704  INFO 3482 --- [RMI TCP Connection(4)-127.0.0.1] o.s.s.concurrent.ThreadPoolTaskExecutor  : Shutting down ExecutorService 'applicationTaskExecutor'
2020-05-26 14:36:05.707  INFO 3482 --- [RMI TCP Connection(4)-127.0.0.1] o.s.s.c.ThreadPoolTaskScheduler          : Shutting down ExecutorService 'taskScheduler'
2020-05-26 14:36:05.713  INFO 3482 --- [RMI TCP Connection(4)-127.0.0.1] o.s.i.monitor.IntegrationMBeanExporter   : Summary on shutdown: bean 'springCloudBusInput'
2020-05-26 14:36:05.714  INFO 3482 --- [RMI TCP Connection(4)-127.0.0.1] o.s.i.monitor.IntegrationMBeanExporter   : Summary on shutdown: bean 'errorChannel'
2020-05-26 14:36:05.714  INFO 3482 --- [RMI TCP Connection(4)-127.0.0.1] o.s.i.monitor.IntegrationMBeanExporter   : Summary on shutdown: nullChannel
2020-05-26 14:36:05.714  INFO 3482 --- [RMI TCP Connection(4)-127.0.0.1] o.s.i.monitor.IntegrationMBeanExporter   : Summary on shutdown: bean 'springCloudBusOutput'
2020-05-26 14:36:05.714  INFO 3482 --- [RMI TCP Connection(4)-127.0.0.1] o.s.i.monitor.IntegrationMBeanExporter   : Summary on shutdown: bean '_org.springframework.integration.errorLogger.handler' for component '_org.springframework.integration.errorLogger'
2020-05-26 14:36:05.714  INFO 3482 --- [RMI TCP Connection(4)-127.0.0.1] o.s.i.monitor.IntegrationMBeanExporter   : Summary on shutdown: org.springframework.cloud.stream.binding.StreamListenerMessageHandler@59014efe
2020-05-26 14:36:05.715  INFO 3482 --- [RMI TCP Connection(4)-127.0.0.1] com.netflix.discovery.DiscoveryClient    : Shutting down DiscoveryClient ...
2020-05-26 14:36:05.715  INFO 3482 --- [RMI TCP Connection(4)-127.0.0.1] com.netflix.discovery.DiscoveryClient    : Completed shut down of DiscoveryClient
2020-05-26 14:36:05.724  INFO 3482 --- [RMI TCP Connection(4)-127.0.0.1] o.apache.catalina.core.StandardService   : Stopping service [Tomcat]
2020-05-26 14:36:05.727  INFO 3482 --- [RMI TCP Connection(4)-127.0.0.1] o.a.c.c.C.[Tomcat].[localhost].[/]       : Destroying Spring FrameworkServlet 'dispatcherServlet'
