2020-05-12 10:18:07.608  INFO [users-service,,,] 5416 --- [restartedMain] c.c.c.ConfigServicePropertySourceLocator : Fetching config from server at : http://localhost:8012
2020-05-12 10:18:08.359  INFO [users-service,,,] 5416 --- [restartedMain] c.c.c.ConfigServicePropertySourceLocator : Located environment: name=users-service, profiles=[default], label=null, version=c3ab5984c663b2a0d6fcf212f71d624c618bd4d6, state=null
2020-05-12 10:18:08.360  INFO [users-service,,,] 5416 --- [restartedMain] b.c.PropertySourceBootstrapConfiguration : Located property source: [BootstrapPropertySource {name='bootstrapProperties-configClient'}, BootstrapPropertySource {name='bootstrapProperties-https://github.com/acho999/Configuration.git/users-service.properties'}, BootstrapPropertySource {name='bootstrapProperties-https://github.com/acho999/Configuration.git/application.properties'}]
2020-05-12 10:18:08.391  INFO [users-service,,,] 5416 --- [restartedMain] com.main.UsersServiceApplication         : No active profile set, falling back to default profiles: default
2020-05-12 10:18:09.075  INFO [users-service,,,] 5416 --- [restartedMain] .s.d.r.c.RepositoryConfigurationDelegate : Bootstrapping Spring Data JPA repositories in DEFAULT mode.
2020-05-12 10:18:09.131  INFO [users-service,,,] 5416 --- [restartedMain] .s.d.r.c.RepositoryConfigurationDelegate : Finished Spring Data repository scanning in 48ms. Found 2 JPA repository interfaces.
2020-05-12 10:18:09.326  WARN [users-service,,,] 5416 --- [restartedMain] o.s.boot.actuate.endpoint.EndpointId     : Endpoint ID 'bus-env' contains invalid characters, please migrate to a valid format.
2020-05-12 10:18:09.600  WARN [users-service,,,] 5416 --- [restartedMain] o.s.boot.actuate.endpoint.EndpointId     : Endpoint ID 'bus-refresh' contains invalid characters, please migrate to a valid format.
2020-05-12 10:18:09.661  WARN [users-service,,,] 5416 --- [restartedMain] o.s.boot.actuate.endpoint.EndpointId     : Endpoint ID 'service-registry' contains invalid characters, please migrate to a valid format.
2020-05-12 10:18:09.744  WARN [users-service,,,] 5416 --- [restartedMain] o.s.boot.actuate.endpoint.EndpointId     : Endpoint ID 'hystrix.stream' contains invalid characters, please migrate to a valid format.
2020-05-12 10:18:10.003  INFO [users-service,,,] 5416 --- [restartedMain] o.s.cloud.context.scope.GenericScope     : BeanFactory id=30435272-c338-3ff0-9df0-4ece507590fb
2020-05-12 10:18:10.210  INFO [users-service,,,] 5416 --- [restartedMain] faultConfiguringBeanFactoryPostProcessor : No bean named 'errorChannel' has been explicitly defined. Therefore, a default PublishSubscribeChannel will be created.
2020-05-12 10:18:10.215  INFO [users-service,,,] 5416 --- [restartedMain] faultConfiguringBeanFactoryPostProcessor : No bean named 'taskScheduler' has been explicitly defined. Therefore, a default ThreadPoolTaskScheduler will be created.
2020-05-12 10:18:10.219  INFO [users-service,,,] 5416 --- [restartedMain] faultConfiguringBeanFactoryPostProcessor : No bean named 'integrationHeaderChannelRegistry' has been explicitly defined. Therefore, a default DefaultHeaderChannelRegistry will be created.
2020-05-12 10:18:10.494  INFO [users-service,,,] 5416 --- [restartedMain] trationDelegate$BeanPostProcessorChecker : Bean 'integrationChannelResolver' of type [org.springframework.integration.support.channel.BeanFactoryChannelResolver] is not eligible for getting processed by all BeanPostProcessors (for example: not eligible for auto-proxying)
2020-05-12 10:18:10.500  INFO [users-service,,,] 5416 --- [restartedMain] trationDelegate$BeanPostProcessorChecker : Bean 'integrationDisposableAutoCreatedBeans' of type [org.springframework.integration.config.annotation.Disposables] is not eligible for getting processed by all BeanPostProcessors (for example: not eligible for auto-proxying)
2020-05-12 10:18:10.538  INFO [users-service,,,] 5416 --- [restartedMain] trationDelegate$BeanPostProcessorChecker : Bean 'org.springframework.integration.config.IntegrationManagementConfiguration' of type [org.springframework.integration.config.IntegrationManagementConfiguration] is not eligible for getting processed by all BeanPostProcessors (for example: not eligible for auto-proxying)
2020-05-12 10:18:10.553  INFO [users-service,,,] 5416 --- [restartedMain] trationDelegate$BeanPostProcessorChecker : Bean 'org.springframework.boot.autoconfigure.integration.IntegrationAutoConfiguration$IntegrationJmxConfiguration' of type [org.springframework.boot.autoconfigure.integration.IntegrationAutoConfiguration$IntegrationJmxConfiguration] is not eligible for getting processed by all BeanPostProcessors (for example: not eligible for auto-proxying)
2020-05-12 10:18:10.565  INFO [users-service,,,] 5416 --- [restartedMain] trationDelegate$BeanPostProcessorChecker : Bean 'org.springframework.boot.autoconfigure.jmx.JmxAutoConfiguration' of type [org.springframework.boot.autoconfigure.jmx.JmxAutoConfiguration] is not eligible for getting processed by all BeanPostProcessors (for example: not eligible for auto-proxying)
2020-05-12 10:18:10.571  INFO [users-service,,,] 5416 --- [restartedMain] trationDelegate$BeanPostProcessorChecker : Bean 'mbeanServer' of type [com.sun.jmx.mbeanserver.JmxMBeanServer] is not eligible for getting processed by all BeanPostProcessors (for example: not eligible for auto-proxying)
2020-05-12 10:18:11.154  INFO [users-service,,,] 5416 --- [restartedMain] o.s.b.w.embedded.tomcat.TomcatWebServer  : Tomcat initialized with port(s): 0 (http)
2020-05-12 10:18:11.162  INFO [users-service,,,] 5416 --- [restartedMain] o.apache.catalina.core.StandardService   : Starting service [Tomcat]
2020-05-12 10:18:11.162  INFO [users-service,,,] 5416 --- [restartedMain] org.apache.catalina.core.StandardEngine  : Starting Servlet engine: [Apache Tomcat/9.0.31]
2020-05-12 10:18:11.257  INFO [users-service,,,] 5416 --- [restartedMain] o.a.c.c.C.[Tomcat].[localhost].[/]       : Initializing Spring embedded WebApplicationContext
2020-05-12 10:18:11.257  INFO [users-service,,,] 5416 --- [restartedMain] o.s.web.context.ContextLoader            : Root WebApplicationContext: initialization completed in 2851 ms
2020-05-12 10:18:11.413  WARN [users-service,,,] 5416 --- [restartedMain] c.n.c.sources.URLConfigurationSource     : No URLs will be polled as dynamic configuration sources.
2020-05-12 10:18:11.413  INFO [users-service,,,] 5416 --- [restartedMain] c.n.c.sources.URLConfigurationSource     : To enable URLs as dynamic configuration sources, define System property archaius.configurationSource.additionalUrls or make config.properties available on classpath.
2020-05-12 10:18:11.424  INFO [users-service,,,] 5416 --- [restartedMain] c.netflix.config.DynamicPropertyFactory  : DynamicPropertyFactory is initialized with configuration sources: com.netflix.config.ConcurrentCompositeConfiguration@52ba05ad
2020-05-12 10:18:11.974  WARN [users-service,,,] 5416 --- [restartedMain] o.s.c.s.zipkin2.ZipkinAutoConfiguration  : Check result of the [AsyncReporter{org.springframework.cloud.sleuth.zipkin2.sender.RestTemplateSender@54a076e2}] contains an error [CheckResult{ok=false, error=java.lang.NullPointerException}]
2020-05-12 10:18:12.600  INFO [users-service,,,] 5416 --- [restartedMain] o.s.s.c.ThreadPoolTaskScheduler          : Initializing ExecutorService 'taskScheduler'
2020-05-12 10:18:13.082  INFO [users-service,,,] 5416 --- [restartedMain] o.s.b.a.e.web.ServletEndpointRegistrar   : Registered '/actuator/hystrix.stream' to hystrix.stream-actuator-endpoint
2020-05-12 10:18:13.286  INFO [users-service,,,] 5416 --- [restartedMain] o.hibernate.jpa.internal.util.LogHelper  : HHH000204: Processing PersistenceUnitInfo [name: default]
2020-05-12 10:18:13.348  INFO [users-service,,,] 5416 --- [restartedMain] org.hibernate.Version                    : HHH000412: Hibernate ORM core version 5.4.12.Final
2020-05-12 10:18:13.454  INFO [users-service,,,] 5416 --- [restartedMain] o.hibernate.annotations.common.Version   : HCANN000001: Hibernate Commons Annotations {5.1.0.Final}
2020-05-12 10:18:18.705  INFO [users-service,,,] 5416 --- [restartedMain] org.hibernate.dialect.Dialect            : HHH000400: Using dialect: org.hibernate.dialect.SQLServer2012Dialect
2020-05-12 10:18:25.101  INFO [users-service,,,] 5416 --- [restartedMain] o.h.e.t.j.p.i.JtaPlatformInitiator       : HHH000490: Using JtaPlatform implementation: [org.hibernate.engine.transaction.jta.platform.internal.NoJtaPlatform]
2020-05-12 10:18:25.110  INFO [users-service,,,] 5416 --- [restartedMain] j.LocalContainerEntityManagerFactoryBean : Initialized JPA EntityManagerFactory for persistence unit 'default'
2020-05-12 10:18:25.442  WARN [users-service,,,] 5416 --- [restartedMain] JpaBaseConfiguration$JpaWebConfiguration : spring.jpa.open-in-view is enabled by default. Therefore, database queries may be performed during view rendering. Explicitly configure spring.jpa.open-in-view to disable this warning
2020-05-12 10:18:25.636  WARN [users-service,,,] 5416 --- [restartedMain] o.s.b.d.a.OptionalLiveReloadServer       : Unable to start LiveReload server
2020-05-12 10:18:25.765  INFO [users-service,,,] 5416 --- [restartedMain] o.s.s.concurrent.ThreadPoolTaskExecutor  : Initializing ExecutorService
2020-05-12 10:18:25.766  INFO [users-service,,,] 5416 --- [restartedMain] o.s.s.concurrent.ThreadPoolTaskExecutor  : Initializing ExecutorService 'asyncExecutor'
2020-05-12 10:18:25.952  INFO [users-service,,,] 5416 --- [restartedMain] o.s.s.web.DefaultSecurityFilterChain     : Creating filter chain: any request, [org.springframework.security.web.context.request.async.WebAsyncManagerIntegrationFilter@2648b94, org.springframework.security.web.context.SecurityContextPersistenceFilter@103c5c7c, org.springframework.security.web.header.HeaderWriterFilter@61ca6897, org.springframework.security.web.authentication.logout.LogoutFilter@118f4345, com.main.security.AuthenticationFilter@4dffda55, org.springframework.security.web.savedrequest.RequestCacheAwareFilter@8f24301, org.springframework.security.web.servletapi.SecurityContextHolderAwareRequestFilter@7d4ac0b3, org.springframework.security.web.authentication.AnonymousAuthenticationFilter@7505aef3, org.springframework.security.web.session.SessionManagementFilter@3da54065, org.springframework.security.web.access.ExceptionTranslationFilter@4ec13532, org.springframework.security.web.access.intercept.FilterSecurityInterceptor@547323f6]
2020-05-12 10:18:25.985  WARN [users-service,,,] 5416 --- [restartedMain] c.n.c.sources.URLConfigurationSource     : No URLs will be polled as dynamic configuration sources.
2020-05-12 10:18:25.985  INFO [users-service,,,] 5416 --- [restartedMain] c.n.c.sources.URLConfigurationSource     : To enable URLs as dynamic configuration sources, define System property archaius.configurationSource.additionalUrls or make config.properties available on classpath.
2020-05-12 10:18:27.040  WARN [users-service,,,] 5416 --- [restartedMain] ockingLoadBalancerClientRibbonWarnLogger : You already have RibbonLoadBalancerClient on your classpath. It will be used by default. As Spring Cloud Ribbon is in maintenance mode. We recommend switching to BlockingLoadBalancerClient instead. In order to use it, set the value of `spring.cloud.loadbalancer.ribbon.enabled` to `false` or remove spring-cloud-starter-netflix-ribbon from your project.
2020-05-12 10:18:27.297  INFO [users-service,,,] 5416 --- [restartedMain] o.s.b.a.e.web.EndpointLinksResolver      : Exposing 24 endpoint(s) beneath base path '/actuator'
2020-05-12 10:18:27.439  INFO [users-service,,,] 5416 --- [RMI TCP Connection(1)-127.0.0.1] o.a.c.c.C.[Tomcat].[localhost].[/]       : Initializing Spring DispatcherServlet 'dispatcherServlet'
2020-05-12 10:18:27.440  INFO [users-service,,,] 5416 --- [RMI TCP Connection(1)-127.0.0.1] o.s.web.servlet.DispatcherServlet        : Initializing Servlet 'dispatcherServlet'
2020-05-12 10:18:27.476  INFO [users-service,,,] 5416 --- [RMI TCP Connection(1)-127.0.0.1] o.s.web.servlet.DispatcherServlet        : Completed initialization in 36 ms
2020-05-12 10:18:27.491  INFO [users-service,,,] 5416 --- [restartedMain] o.s.c.s.m.DirectWithAttributesChannel    : Channel 'application-1.springCloudBusInput' has 1 subscriber(s).
2020-05-12 10:18:27.618  INFO [users-service,,,] 5416 --- [restartedMain] o.s.i.monitor.IntegrationMBeanExporter   : Registering MessageChannel errorChannel
2020-05-12 10:18:27.687  INFO [users-service,,,] 5416 --- [restartedMain] o.s.i.monitor.IntegrationMBeanExporter   : Registering MessageChannel springCloudBusOutput
2020-05-12 10:18:27.721  INFO [users-service,,,] 5416 --- [restartedMain] o.s.i.monitor.IntegrationMBeanExporter   : Registering MessageChannel springCloudBusInput
2020-05-12 10:18:27.730  INFO [users-service,,,] 5416 --- [restartedMain] o.s.i.monitor.IntegrationMBeanExporter   : Registering MessageChannel nullChannel
2020-05-12 10:18:27.752  INFO [users-service,,,] 5416 --- [restartedMain] o.s.i.monitor.IntegrationMBeanExporter   : Registering MessageHandler org.springframework.cloud.stream.binding.StreamListenerMessageHandler@43615e75
2020-05-12 10:18:27.814  INFO [users-service,,,] 5416 --- [restartedMain] o.s.i.monitor.IntegrationMBeanExporter   : Registering MessageHandler errorLogger
2020-05-12 10:18:27.850  INFO [users-service,,,] 5416 --- [restartedMain] o.s.i.endpoint.EventDrivenConsumer       : Adding {logging-channel-adapter:_org.springframework.integration.errorLogger} as a subscriber to the 'errorChannel' channel
2020-05-12 10:18:27.850  INFO [users-service,,,] 5416 --- [restartedMain] o.s.i.channel.PublishSubscribeChannel    : Channel 'application-1.errorChannel' has 1 subscriber(s).
2020-05-12 10:18:27.850  INFO [users-service,,,] 5416 --- [restartedMain] o.s.i.endpoint.EventDrivenConsumer       : started bean '_org.springframework.integration.errorLogger'
2020-05-12 10:18:32.901  INFO [users-service,,,] 5416 --- [restartedMain] c.c.c.ConfigServicePropertySourceLocator : Fetching config from server at : http://localhost:8012
2020-05-12 10:18:33.491  INFO [users-service,,,] 5416 --- [restartedMain] c.c.c.ConfigServicePropertySourceLocator : Located environment: name=users-service, profiles=[default], label=null, version=c3ab5984c663b2a0d6fcf212f71d624c618bd4d6, state=null
2020-05-12 10:18:33.491  INFO [users-service,,,] 5416 --- [restartedMain] b.c.PropertySourceBootstrapConfiguration : Located property source: [BootstrapPropertySource {name='bootstrapProperties-configClient'}, BootstrapPropertySource {name='bootstrapProperties-https://github.com/acho999/Configuration.git/users-service.properties'}, BootstrapPropertySource {name='bootstrapProperties-https://github.com/acho999/Configuration.git/application.properties'}]
2020-05-12 10:18:33.644  INFO [users-service,,,] 5416 --- [restartedMain] o.s.a.r.c.CachingConnectionFactory       : Attempting to connect to: [localhost:5672]
2020-05-12 10:18:33.681  INFO [users-service,,,] 5416 --- [restartedMain] o.s.a.r.c.CachingConnectionFactory       : Created new connection: rabbitConnectionFactory#33e9d815:0/SimpleConnection@3e64877e [delegate=amqp://guest@127.0.0.1:5672/, localPort= 50019]
2020-05-12 10:18:33.713  INFO [users-service,,,] 5416 --- [restartedMain] o.s.c.s.m.DirectWithAttributesChannel    : Channel 'application-1.springCloudBusOutput' has 1 subscriber(s).
2020-05-12 10:18:33.749  INFO [users-service,,,] 5416 --- [restartedMain] c.s.b.r.p.RabbitExchangeQueueProvisioner : declaring queue for inbound: springCloudBus.anonymous.zDVHTVGQTJyyA2wSdU7NUQ, bound to: springCloudBus
2020-05-12 10:18:33.765  INFO [users-service,,,] 5416 --- [restartedMain] o.s.c.stream.binder.BinderErrorChannel   : Channel 'springCloudBus.anonymous.zDVHTVGQTJyyA2wSdU7NUQ.errors' has 1 subscriber(s).
2020-05-12 10:18:33.765  INFO [users-service,,,] 5416 --- [restartedMain] o.s.c.stream.binder.BinderErrorChannel   : Channel 'springCloudBus.anonymous.zDVHTVGQTJyyA2wSdU7NUQ.errors' has 2 subscriber(s).
2020-05-12 10:18:33.781  INFO [users-service,,,] 5416 --- [restartedMain] o.s.i.a.i.AmqpInboundChannelAdapter      : started bean 'inbound.springCloudBus.anonymous.zDVHTVGQTJyyA2wSdU7NUQ'
2020-05-12 10:18:33.820  INFO [users-service,,,] 5416 --- [restartedMain] o.s.i.monitor.IntegrationMBeanExporter   : Registering MessageChannel springCloudBus.anonymous.zDVHTVGQTJyyA2wSdU7NUQ.errors
2020-05-12 10:18:33.906  INFO [users-service,,,] 5416 --- [restartedMain] o.s.b.w.embedded.tomcat.TomcatWebServer  : Tomcat started on port(s): 50020 (http) with context path ''
2020-05-12 10:18:33.907  INFO [users-service,,,] 5416 --- [restartedMain] .s.c.n.e.s.EurekaAutoServiceRegistration : Updating port to 50020
2020-05-12 10:18:33.912  INFO [users-service,,,] 5416 --- [restartedMain] o.s.c.n.eureka.InstanceInfoFactory       : Setting initial instance status as: STARTING
2020-05-12 10:18:33.952  INFO [users-service,,,] 5416 --- [restartedMain] com.netflix.discovery.DiscoveryClient    : Initializing Eureka in region us-east-1
2020-05-12 10:18:34.000  INFO [users-service,,,] 5416 --- [restartedMain] c.n.d.provider.DiscoveryJerseyProvider   : Using JSON encoding codec LegacyJacksonJson
2020-05-12 10:18:34.000  INFO [users-service,,,] 5416 --- [restartedMain] c.n.d.provider.DiscoveryJerseyProvider   : Using JSON decoding codec LegacyJacksonJson
2020-05-12 10:18:34.095  INFO [users-service,,,] 5416 --- [restartedMain] c.n.d.provider.DiscoveryJerseyProvider   : Using XML encoding codec XStreamXml
2020-05-12 10:18:34.095  INFO [users-service,,,] 5416 --- [restartedMain] c.n.d.provider.DiscoveryJerseyProvider   : Using XML decoding codec XStreamXml
2020-05-12 10:18:34.242  INFO [users-service,,,] 5416 --- [restartedMain] c.n.d.s.r.aws.ConfigClusterResolver      : Resolving eureka endpoints via configuration
2020-05-12 10:18:34.261  INFO [users-service,,,] 5416 --- [restartedMain] com.netflix.discovery.DiscoveryClient    : Disable delta property : false
2020-05-12 10:18:34.262  INFO [users-service,,,] 5416 --- [restartedMain] com.netflix.discovery.DiscoveryClient    : Single vip registry refresh property : null
2020-05-12 10:18:34.262  INFO [users-service,,,] 5416 --- [restartedMain] com.netflix.discovery.DiscoveryClient    : Force full registry fetch : false
2020-05-12 10:18:34.262  INFO [users-service,,,] 5416 --- [restartedMain] com.netflix.discovery.DiscoveryClient    : Application is null : false
2020-05-12 10:18:34.262  INFO [users-service,,,] 5416 --- [restartedMain] com.netflix.discovery.DiscoveryClient    : Registered Applications size is zero : true
2020-05-12 10:18:34.262  INFO [users-service,,,] 5416 --- [restartedMain] com.netflix.discovery.DiscoveryClient    : Application version is -1: true
2020-05-12 10:18:34.262  INFO [users-service,,,] 5416 --- [restartedMain] com.netflix.discovery.DiscoveryClient    : Getting all instance registry info from the eureka server
2020-05-12 10:18:34.460  INFO [users-service,,,] 5416 --- [restartedMain] com.netflix.discovery.DiscoveryClient    : The response status is 200
2020-05-12 10:18:34.462  INFO [users-service,,,] 5416 --- [restartedMain] com.netflix.discovery.DiscoveryClient    : Starting heartbeat executor: renew interval is: 30
2020-05-12 10:18:34.464  INFO [users-service,,,] 5416 --- [restartedMain] c.n.discovery.InstanceInfoReplicator     : InstanceInfoReplicator onDemand update allowed rate per min is 4
2020-05-12 10:18:34.467  INFO [users-service,,,] 5416 --- [restartedMain] com.netflix.discovery.DiscoveryClient    : Discovery Client initialized at timestamp 1589267914466 with initial instances count: 1
2020-05-12 10:18:34.477  INFO [users-service,,,] 5416 --- [restartedMain] o.s.c.n.e.s.EurekaServiceRegistry        : Registering application USERS-SERVICE with eureka with status UP
2020-05-12 10:18:34.478  INFO [users-service,,,] 5416 --- [restartedMain] com.netflix.discovery.DiscoveryClient    : Saw local status change event StatusChangeEvent [timestamp=1589267914478, current=UP, previous=STARTING]
2020-05-12 10:18:34.479  INFO [users-service,,,] 5416 --- [DiscoveryClient-InstanceInfoReplicator-0] com.netflix.discovery.DiscoveryClient    : DiscoveryClient_USERS-SERVICE/users-service:e37b16a973e7fb4012c34418548d194c: registering service...
2020-05-12 10:18:34.484  INFO [users-service,,,] 5416 --- [restartedMain] com.main.UsersServiceApplication         : Started UsersServiceApplication in 37.52 seconds (JVM running for 43.14)
2020-05-12 10:18:34.500  INFO [users-service,,,] 5416 --- [DiscoveryClient-InstanceInfoReplicator-0] com.netflix.discovery.DiscoveryClient    : DiscoveryClient_USERS-SERVICE/users-service:e37b16a973e7fb4012c34418548d194c - registration status: 204
2020-05-12 10:23:34.235  INFO [users-service,,,] 5416 --- [AsyncResolver-bootstrap-executor-0] c.n.d.s.r.aws.ConfigClusterResolver      : Resolving eureka endpoints via configuration
2020-05-12 10:26:06.299  WARN [users-service,,,] 5416 --- [AsyncReporter{org.springframework.cloud.sleuth.zipkin2.sender.RestTemplateSender@54a076e2}] z.r.AsyncReporter$BoundedAsyncReporter   : Spans were dropped due to exceptions. All subsequent errors will be logged at FINE level.
2020-05-12 10:26:06.306  WARN [users-service,,,] 5416 --- [AsyncReporter{org.springframework.cloud.sleuth.zipkin2.sender.RestTemplateSender@54a076e2}] z.r.AsyncReporter$BoundedAsyncReporter   : Dropped 1 spans due to NullPointerException()

java.lang.NullPointerException: null
	at java.util.concurrent.ConcurrentHashMap.get(ConcurrentHashMap.java:936) ~[na:1.8.0_241]
	at java.util.concurrent.ConcurrentHashMap.containsKey(ConcurrentHashMap.java:964) ~[na:1.8.0_241]
	at org.springframework.cloud.context.named.NamedContextFactory.getContext(NamedContextFactory.java:98) ~[spring-cloud-context-2.2.1.RELEASE.jar:2.2.1.RELEASE]
	at org.springframework.cloud.netflix.ribbon.SpringClientFactory.getContext(SpringClientFactory.java:131) ~[spring-cloud-netflix-ribbon-2.2.1.RELEASE.jar:2.2.1.RELEASE]
	at org.springframework.cloud.context.named.NamedContextFactory.getInstance(NamedContextFactory.java:145) ~[spring-cloud-context-2.2.1.RELEASE.jar:2.2.1.RELEASE]
	at org.springframework.cloud.netflix.ribbon.SpringClientFactory.getInstance(SpringClientFactory.java:121) ~[spring-cloud-netflix-ribbon-2.2.1.RELEASE.jar:2.2.1.RELEASE]
	at org.springframework.cloud.netflix.ribbon.SpringClientFactory.getLoadBalancer(SpringClientFactory.java:65) ~[spring-cloud-netflix-ribbon-2.2.1.RELEASE.jar:2.2.1.RELEASE]
	at org.springframework.cloud.netflix.ribbon.RibbonLoadBalancerClient.getLoadBalancer(RibbonLoadBalancerClient.java:193) ~[spring-cloud-netflix-ribbon-2.2.1.RELEASE.jar:2.2.1.RELEASE]
	at org.springframework.cloud.netflix.ribbon.RibbonLoadBalancerClient.choose(RibbonLoadBalancerClient.java:88) ~[spring-cloud-netflix-ribbon-2.2.1.RELEASE.jar:2.2.1.RELEASE]
	at org.springframework.cloud.netflix.ribbon.RibbonLoadBalancerClient.choose(RibbonLoadBalancerClient.java:78) ~[spring-cloud-netflix-ribbon-2.2.1.RELEASE.jar:2.2.1.RELEASE]
	at org.springframework.cloud.sleuth.zipkin2.sender.LoadBalancerClientZipkinLoadBalancer.instance(LoadBalancerClientZipkinLoadBalancer.java:43) ~[spring-cloud-sleuth-zipkin-2.2.1.RELEASE.jar:2.2.1.RELEASE]
	at org.springframework.cloud.sleuth.zipkin2.sender.ZipkinRestTemplateSenderConfiguration$CachingZipkinUrlExtractor.zipkinUrl(ZipkinRestTemplateSenderConfiguration.java:93) ~[spring-cloud-sleuth-zipkin-2.2.1.RELEASE.jar:2.2.1.RELEASE]
	at org.springframework.cloud.sleuth.zipkin2.sender.ZipkinRestTemplateWrapper.doExecute(ZipkinRestTemplateSenderConfiguration.java:226) ~[spring-cloud-sleuth-zipkin-2.2.1.RELEASE.jar:2.2.1.RELEASE]
	at org.springframework.web.client.RestTemplate.exchange(RestTemplate.java:641) ~[spring-web-5.2.4.RELEASE.jar:5.2.4.RELEASE]
	at org.springframework.cloud.sleuth.zipkin2.sender.RestTemplateSender.post(RestTemplateSender.java:129) ~[spring-cloud-sleuth-zipkin-2.2.1.RELEASE.jar:2.2.1.RELEASE]
	at org.springframework.cloud.sleuth.zipkin2.sender.RestTemplateSender$HttpPostCall.doExecute(RestTemplateSender.java:142) ~[spring-cloud-sleuth-zipkin-2.2.1.RELEASE.jar:2.2.1.RELEASE]
	at org.springframework.cloud.sleuth.zipkin2.sender.RestTemplateSender$HttpPostCall.doExecute(RestTemplateSender.java:132) ~[spring-cloud-sleuth-zipkin-2.2.1.RELEASE.jar:2.2.1.RELEASE]
	at zipkin2.Call$Base.execute(Call.java:380) ~[zipkin-2.19.0.jar:na]
	at zipkin2.reporter.AsyncReporter$BoundedAsyncReporter.flush(AsyncReporter.java:285) ~[zipkin-reporter-2.11.0.jar:na]
	at zipkin2.reporter.AsyncReporter$Flusher.run(AsyncReporter.java:354) [zipkin-reporter-2.11.0.jar:na]
	at java.lang.Thread.run(Thread.java:748) [na:1.8.0_241]

2020-05-12 10:28:34.232  INFO [users-service,,,] 5416 --- [AsyncResolver-bootstrap-executor-0] c.n.d.s.r.aws.ConfigClusterResolver      : Resolving eureka endpoints via configuration
2020-05-12 10:33:34.230  INFO [users-service,,,] 5416 --- [AsyncResolver-bootstrap-executor-0] c.n.d.s.r.aws.ConfigClusterResolver      : Resolving eureka endpoints via configuration
2020-05-12 10:37:32.495  INFO [users-service,2718110eafc49982,2718110eafc49982,true] 5416 --- [springCloudBus.anonymous.zDVHTVGQTJyyA2wSdU7NUQ-1] .e.DevToolsPropertyDefaultsPostProcessor : Devtools property defaults active! Set 'spring.devtools.add-properties' to 'false' to disable
2020-05-12 10:37:32.615  INFO [users-service,2718110eafc49982,2718110eafc49982,true] 5416 --- [springCloudBus.anonymous.zDVHTVGQTJyyA2wSdU7NUQ-1] .e.DevToolsPropertyDefaultsPostProcessor : Devtools property defaults active! Set 'spring.devtools.add-properties' to 'false' to disable
2020-05-12 10:37:32.637  INFO [users-service,2718110eafc49982,2718110eafc49982,true] 5416 --- [springCloudBus.anonymous.zDVHTVGQTJyyA2wSdU7NUQ-1] c.c.c.ConfigServicePropertySourceLocator : Fetching config from server at : http://localhost:8012
2020-05-12 10:37:36.144  INFO [users-service,2718110eafc49982,2718110eafc49982,true] 5416 --- [springCloudBus.anonymous.zDVHTVGQTJyyA2wSdU7NUQ-1] c.c.c.ConfigServicePropertySourceLocator : Located environment: name=users-service, profiles=[default], label=null, version=e8f4670593184e7bfe9fe613f5244ffd95b9f14f, state=null
2020-05-12 10:37:36.144  INFO [users-service,2718110eafc49982,2718110eafc49982,true] 5416 --- [springCloudBus.anonymous.zDVHTVGQTJyyA2wSdU7NUQ-1] b.c.PropertySourceBootstrapConfiguration : Located property source: [BootstrapPropertySource {name='bootstrapProperties-configClient'}, BootstrapPropertySource {name='bootstrapProperties-https://github.com/acho999/Configuration.git/users-service.properties'}, BootstrapPropertySource {name='bootstrapProperties-https://github.com/acho999/Configuration.git/application.properties'}]
2020-05-12 10:37:36.158  INFO [users-service,2718110eafc49982,2718110eafc49982,true] 5416 --- [springCloudBus.anonymous.zDVHTVGQTJyyA2wSdU7NUQ-1] o.s.boot.SpringApplication               : No active profile set, falling back to default profiles: default
2020-05-12 10:37:36.162  INFO [users-service,2718110eafc49982,2718110eafc49982,true] 5416 --- [springCloudBus.anonymous.zDVHTVGQTJyyA2wSdU7NUQ-1] o.s.boot.SpringApplication               : Started application in 3.743 seconds (JVM running for 1184.875)
2020-05-12 10:37:36.358  INFO [users-service,2718110eafc49982,2718110eafc49982,true] 5416 --- [springCloudBus.anonymous.zDVHTVGQTJyyA2wSdU7NUQ-1] com.netflix.discovery.DiscoveryClient    : Shutting down DiscoveryClient ...
2020-05-12 10:37:39.364  INFO [users-service,2718110eafc49982,2718110eafc49982,true] 5416 --- [springCloudBus.anonymous.zDVHTVGQTJyyA2wSdU7NUQ-1] com.netflix.discovery.DiscoveryClient    : Unregistering ...
2020-05-12 10:37:39.369  INFO [users-service,2718110eafc49982,2718110eafc49982,true] 5416 --- [springCloudBus.anonymous.zDVHTVGQTJyyA2wSdU7NUQ-1] com.netflix.discovery.DiscoveryClient    : DiscoveryClient_USERS-SERVICE/users-service:e37b16a973e7fb4012c34418548d194c - deregister  status: 200
2020-05-12 10:37:39.377  INFO [users-service,2718110eafc49982,2718110eafc49982,true] 5416 --- [springCloudBus.anonymous.zDVHTVGQTJyyA2wSdU7NUQ-1] com.netflix.discovery.DiscoveryClient    : Completed shut down of DiscoveryClient
2020-05-12 10:37:39.379  INFO [users-service,2718110eafc49982,2718110eafc49982,true] 5416 --- [springCloudBus.anonymous.zDVHTVGQTJyyA2wSdU7NUQ-1] o.s.c.n.eureka.InstanceInfoFactory       : Setting initial instance status as: STARTING
2020-05-12 10:37:39.381  INFO [users-service,2718110eafc49982,2718110eafc49982,true] 5416 --- [springCloudBus.anonymous.zDVHTVGQTJyyA2wSdU7NUQ-1] com.netflix.discovery.DiscoveryClient    : Initializing Eureka in region us-east-1
2020-05-12 10:37:39.382  INFO [users-service,2718110eafc49982,2718110eafc49982,true] 5416 --- [springCloudBus.anonymous.zDVHTVGQTJyyA2wSdU7NUQ-1] c.n.d.provider.DiscoveryJerseyProvider   : Using JSON encoding codec LegacyJacksonJson
2020-05-12 10:37:39.382  INFO [users-service,2718110eafc49982,2718110eafc49982,true] 5416 --- [springCloudBus.anonymous.zDVHTVGQTJyyA2wSdU7NUQ-1] c.n.d.provider.DiscoveryJerseyProvider   : Using JSON decoding codec LegacyJacksonJson
2020-05-12 10:37:39.382  INFO [users-service,2718110eafc49982,2718110eafc49982,true] 5416 --- [springCloudBus.anonymous.zDVHTVGQTJyyA2wSdU7NUQ-1] c.n.d.provider.DiscoveryJerseyProvider   : Using XML encoding codec XStreamXml
2020-05-12 10:37:39.383  INFO [users-service,2718110eafc49982,2718110eafc49982,true] 5416 --- [springCloudBus.anonymous.zDVHTVGQTJyyA2wSdU7NUQ-1] c.n.d.provider.DiscoveryJerseyProvider   : Using XML decoding codec XStreamXml
2020-05-12 10:37:39.448  INFO [users-service,2718110eafc49982,2718110eafc49982,true] 5416 --- [springCloudBus.anonymous.zDVHTVGQTJyyA2wSdU7NUQ-1] c.n.d.s.r.aws.ConfigClusterResolver      : Resolving eureka endpoints via configuration
2020-05-12 10:37:39.449  INFO [users-service,2718110eafc49982,2718110eafc49982,true] 5416 --- [springCloudBus.anonymous.zDVHTVGQTJyyA2wSdU7NUQ-1] com.netflix.discovery.DiscoveryClient    : Disable delta property : false
2020-05-12 10:37:39.450  INFO [users-service,2718110eafc49982,2718110eafc49982,true] 5416 --- [springCloudBus.anonymous.zDVHTVGQTJyyA2wSdU7NUQ-1] com.netflix.discovery.DiscoveryClient    : Single vip registry refresh property : null
2020-05-12 10:37:39.450  INFO [users-service,2718110eafc49982,2718110eafc49982,true] 5416 --- [springCloudBus.anonymous.zDVHTVGQTJyyA2wSdU7NUQ-1] com.netflix.discovery.DiscoveryClient    : Force full registry fetch : false
2020-05-12 10:37:39.450  INFO [users-service,2718110eafc49982,2718110eafc49982,true] 5416 --- [springCloudBus.anonymous.zDVHTVGQTJyyA2wSdU7NUQ-1] com.netflix.discovery.DiscoveryClient    : Application is null : false
2020-05-12 10:37:39.450  INFO [users-service,2718110eafc49982,2718110eafc49982,true] 5416 --- [springCloudBus.anonymous.zDVHTVGQTJyyA2wSdU7NUQ-1] com.netflix.discovery.DiscoveryClient    : Registered Applications size is zero : true
2020-05-12 10:37:39.450  INFO [users-service,2718110eafc49982,2718110eafc49982,true] 5416 --- [springCloudBus.anonymous.zDVHTVGQTJyyA2wSdU7NUQ-1] com.netflix.discovery.DiscoveryClient    : Application version is -1: true
2020-05-12 10:37:39.450  INFO [users-service,2718110eafc49982,2718110eafc49982,true] 5416 --- [springCloudBus.anonymous.zDVHTVGQTJyyA2wSdU7NUQ-1] com.netflix.discovery.DiscoveryClient    : Getting all instance registry info from the eureka server
2020-05-12 10:37:39.560  INFO [users-service,2718110eafc49982,2718110eafc49982,true] 5416 --- [springCloudBus.anonymous.zDVHTVGQTJyyA2wSdU7NUQ-1] com.netflix.discovery.DiscoveryClient    : The response status is 200
2020-05-12 10:37:39.561  INFO [users-service,2718110eafc49982,2718110eafc49982,true] 5416 --- [springCloudBus.anonymous.zDVHTVGQTJyyA2wSdU7NUQ-1] com.netflix.discovery.DiscoveryClient    : Starting heartbeat executor: renew interval is: 30
2020-05-12 10:37:39.563  INFO [users-service,2718110eafc49982,2718110eafc49982,true] 5416 --- [springCloudBus.anonymous.zDVHTVGQTJyyA2wSdU7NUQ-1] c.n.discovery.InstanceInfoReplicator     : InstanceInfoReplicator onDemand update allowed rate per min is 4
2020-05-12 10:37:39.564  INFO [users-service,2718110eafc49982,2718110eafc49982,true] 5416 --- [springCloudBus.anonymous.zDVHTVGQTJyyA2wSdU7NUQ-1] com.netflix.discovery.DiscoveryClient    : Discovery Client initialized at timestamp 1589269059564 with initial instances count: 4
2020-05-12 10:37:39.566  INFO [users-service,2718110eafc49982,2718110eafc49982,true] 5416 --- [springCloudBus.anonymous.zDVHTVGQTJyyA2wSdU7NUQ-1] o.s.c.n.e.s.EurekaServiceRegistry        : Unregistering application USERS-SERVICE with eureka with status DOWN
2020-05-12 10:37:39.566  WARN [users-service,2718110eafc49982,2718110eafc49982,true] 5416 --- [springCloudBus.anonymous.zDVHTVGQTJyyA2wSdU7NUQ-1] com.netflix.discovery.DiscoveryClient    : Saw local status change event StatusChangeEvent [timestamp=1589269059566, current=DOWN, previous=STARTING]
2020-05-12 10:37:39.566  INFO [users-service,,,] 5416 --- [DiscoveryClient-InstanceInfoReplicator-0] com.netflix.discovery.DiscoveryClient    : DiscoveryClient_USERS-SERVICE/users-service:6ad16519d6070451952d1b287654372a: registering service...
2020-05-12 10:37:39.567  INFO [users-service,2718110eafc49982,2718110eafc49982,true] 5416 --- [springCloudBus.anonymous.zDVHTVGQTJyyA2wSdU7NUQ-1] o.s.c.n.e.s.EurekaServiceRegistry        : Registering application USERS-SERVICE with eureka with status UP
2020-05-12 10:37:39.567  WARN [users-service,2718110eafc49982,2718110eafc49982,true] 5416 --- [springCloudBus.anonymous.zDVHTVGQTJyyA2wSdU7NUQ-1] com.netflix.discovery.DiscoveryClient    : Saw local status change event StatusChangeEvent [timestamp=1589269059567, current=UP, previous=DOWN]
2020-05-12 10:37:39.568  INFO [users-service,2718110eafc49982,2718110eafc49982,true] 5416 --- [springCloudBus.anonymous.zDVHTVGQTJyyA2wSdU7NUQ-1] o.s.cloud.bus.event.RefreshListener      : Received remote refresh request. Keys refreshed [config.client.version, gateway.ip]
2020-05-12 10:37:39.573  INFO [users-service,,,] 5416 --- [DiscoveryClient-InstanceInfoReplicator-0] com.netflix.discovery.DiscoveryClient    : DiscoveryClient_USERS-SERVICE/users-service:6ad16519d6070451952d1b287654372a - registration status: 204
2020-05-12 10:37:39.574  INFO [users-service,,,] 5416 --- [DiscoveryClient-InstanceInfoReplicator-0] com.netflix.discovery.DiscoveryClient    : DiscoveryClient_USERS-SERVICE/users-service:6ad16519d6070451952d1b287654372a: registering service...
2020-05-12 10:37:39.578  INFO [users-service,,,] 5416 --- [DiscoveryClient-InstanceInfoReplicator-0] com.netflix.discovery.DiscoveryClient    : DiscoveryClient_USERS-SERVICE/users-service:6ad16519d6070451952d1b287654372a - registration status: 204
2020-05-12 10:37:39.581  INFO [users-service,2718110eafc49982,01d0164707a1c25f,true] 5416 --- [springCloudBus.anonymous.zDVHTVGQTJyyA2wSdU7NUQ-1] o.s.a.r.c.CachingConnectionFactory       : Attempting to connect to: [localhost:5672]
2020-05-12 10:37:39.587  INFO [users-service,2718110eafc49982,01d0164707a1c25f,true] 5416 --- [springCloudBus.anonymous.zDVHTVGQTJyyA2wSdU7NUQ-1] o.s.a.r.c.CachingConnectionFactory       : Created new connection: rabbitConnectionFactory.publisher#5b32abfe:0/SimpleConnection@440b94dd [delegate=amqp://guest@127.0.0.1:5672/, localPort= 50238]
2020-05-12 10:37:39.587  INFO [users-service,2718110eafc49982,01d0164707a1c25f,true] 5416 --- [springCloudBus.anonymous.zDVHTVGQTJyyA2wSdU7NUQ-1] o.s.amqp.rabbit.core.RabbitAdmin         : Auto-declaring a non-durable, auto-delete, or exclusive Queue (springCloudBus.anonymous.zDVHTVGQTJyyA2wSdU7NUQ) durable:false, auto-delete:true, exclusive:true. It will be redeclared if the broker stops and is restarted while the connection factory is alive, but all messages will be lost.
2020-05-12 10:38:00.097  INFO [users-service,,,] 5416 --- [RMI TCP Connection(3)-127.0.0.1] inMXBeanRegistrar$SpringApplicationAdmin : Application shutdown requested.
2020-05-12 10:38:00.098  INFO [users-service,,,] 5416 --- [RMI TCP Connection(3)-127.0.0.1] o.s.c.n.e.s.EurekaServiceRegistry        : Unregistering application USERS-SERVICE with eureka with status DOWN
2020-05-12 10:38:00.099  WARN [users-service,,,] 5416 --- [RMI TCP Connection(3)-127.0.0.1] com.netflix.discovery.DiscoveryClient    : Saw local status change event StatusChangeEvent [timestamp=1589269080099, current=DOWN, previous=UP]
2020-05-12 10:38:00.099  INFO [users-service,,,] 5416 --- [DiscoveryClient-InstanceInfoReplicator-0] com.netflix.discovery.DiscoveryClient    : DiscoveryClient_USERS-SERVICE/users-service:6ad16519d6070451952d1b287654372a: registering service...
2020-05-12 10:38:00.103  INFO [users-service,,,] 5416 --- [DiscoveryClient-InstanceInfoReplicator-0] com.netflix.discovery.DiscoveryClient    : DiscoveryClient_USERS-SERVICE/users-service:6ad16519d6070451952d1b287654372a - registration status: 204
2020-05-12 10:38:00.121  INFO [users-service,,,] 5416 --- [RMI TCP Connection(3)-127.0.0.1] o.s.a.r.l.SimpleMessageListenerContainer : Waiting for workers to finish.
2020-05-12 10:38:00.688  INFO [users-service,,,] 5416 --- [RMI TCP Connection(3)-127.0.0.1] o.s.a.r.l.SimpleMessageListenerContainer : Successfully waited for workers to finish.
2020-05-12 10:38:00.688  INFO [users-service,,,] 5416 --- [RMI TCP Connection(3)-127.0.0.1] o.s.i.a.i.AmqpInboundChannelAdapter      : stopped bean 'inbound.springCloudBus.anonymous.zDVHTVGQTJyyA2wSdU7NUQ'
2020-05-12 10:38:00.695  INFO [users-service,,,] 5416 --- [RMI TCP Connection(3)-127.0.0.1] o.s.c.stream.binder.BinderErrorChannel   : Channel 'application-1.springCloudBus.anonymous.zDVHTVGQTJyyA2wSdU7NUQ.errors' has 1 subscriber(s).
2020-05-12 10:38:00.696  INFO [users-service,,,] 5416 --- [RMI TCP Connection(3)-127.0.0.1] o.s.c.stream.binder.BinderErrorChannel   : Channel 'application-1.springCloudBus.anonymous.zDVHTVGQTJyyA2wSdU7NUQ.errors' has 0 subscriber(s).
2020-05-12 10:38:00.701  INFO [users-service,,,] 5416 --- [RMI TCP Connection(3)-127.0.0.1] o.s.i.endpoint.EventDrivenConsumer       : Removing {logging-channel-adapter:_org.springframework.integration.errorLogger} as a subscriber to the 'errorChannel' channel
2020-05-12 10:38:00.701  INFO [users-service,,,] 5416 --- [RMI TCP Connection(3)-127.0.0.1] o.s.i.channel.PublishSubscribeChannel    : Channel 'application-1.errorChannel' has 0 subscriber(s).
2020-05-12 10:38:00.701  INFO [users-service,,,] 5416 --- [RMI TCP Connection(3)-127.0.0.1] o.s.i.endpoint.EventDrivenConsumer       : stopped bean '_org.springframework.integration.errorLogger'
2020-05-12 10:38:00.720  INFO [users-service,,,] 5416 --- [RMI TCP Connection(3)-127.0.0.1] o.s.s.concurrent.ThreadPoolTaskExecutor  : Shutting down ExecutorService 'asyncExecutor'
2020-05-12 10:38:00.725  INFO [users-service,,,] 5416 --- [RMI TCP Connection(3)-127.0.0.1] o.s.s.c.ThreadPoolTaskScheduler          : Shutting down ExecutorService 'taskScheduler'
2020-05-12 10:38:01.419  INFO [users-service,,,] 5416 --- [RMI TCP Connection(3)-127.0.0.1] o.s.i.monitor.IntegrationMBeanExporter   : Summary on shutdown: bean 'errorChannel'
2020-05-12 10:38:01.419  INFO [users-service,,,] 5416 --- [RMI TCP Connection(3)-127.0.0.1] o.s.i.monitor.IntegrationMBeanExporter   : Summary on shutdown: bean 'springCloudBusOutput'
2020-05-12 10:38:01.419  INFO [users-service,,,] 5416 --- [RMI TCP Connection(3)-127.0.0.1] o.s.i.monitor.IntegrationMBeanExporter   : Summary on shutdown: bean 'springCloudBusInput'
2020-05-12 10:38:01.419  INFO [users-service,,,] 5416 --- [RMI TCP Connection(3)-127.0.0.1] o.s.i.monitor.IntegrationMBeanExporter   : Summary on shutdown: nullChannel
2020-05-12 10:38:01.419  INFO [users-service,,,] 5416 --- [RMI TCP Connection(3)-127.0.0.1] o.s.i.monitor.IntegrationMBeanExporter   : Summary on shutdown: org.springframework.cloud.stream.binding.StreamListenerMessageHandler@43615e75
2020-05-12 10:38:01.419  INFO [users-service,,,] 5416 --- [RMI TCP Connection(3)-127.0.0.1] o.s.i.monitor.IntegrationMBeanExporter   : Summary on shutdown: bean '_org.springframework.integration.errorLogger.handler' for component '_org.springframework.integration.errorLogger'
2020-05-12 10:38:01.420  INFO [users-service,,,] 5416 --- [RMI TCP Connection(3)-127.0.0.1] com.netflix.discovery.DiscoveryClient    : Shutting down DiscoveryClient ...
2020-05-12 10:38:04.425  INFO [users-service,,,] 5416 --- [RMI TCP Connection(3)-127.0.0.1] com.netflix.discovery.DiscoveryClient    : Unregistering ...
2020-05-12 10:38:04.429  INFO [users-service,,,] 5416 --- [RMI TCP Connection(3)-127.0.0.1] com.netflix.discovery.DiscoveryClient    : DiscoveryClient_USERS-SERVICE/users-service:6ad16519d6070451952d1b287654372a - deregister  status: 200
2020-05-12 10:38:04.434  INFO [users-service,,,] 5416 --- [RMI TCP Connection(3)-127.0.0.1] com.netflix.discovery.DiscoveryClient    : Completed shut down of DiscoveryClient
2020-05-12 10:38:04.442  INFO [users-service,,,] 5416 --- [RMI TCP Connection(3)-127.0.0.1] o.apache.catalina.core.StandardService   : Stopping service [Tomcat]
2020-05-12 10:38:04.445  INFO [users-service,,,] 5416 --- [RMI TCP Connection(3)-127.0.0.1] o.a.c.c.C.[Tomcat].[localhost].[/]       : Destroying Spring FrameworkServlet 'dispatcherServlet'
2020-05-12 10:38:04.450  WARN [users-service,,,] 5416 --- [RMI TCP Connection(3)-127.0.0.1] o.a.c.loader.WebappClassLoaderBase       : The web application [ROOT] appears to have started a thread named [RxIoScheduler-1 (Evictor)] but has failed to stop it. This is very likely to create a memory leak. Stack trace of thread:
 sun.misc.Unsafe.park(Native Method)
 java.util.concurrent.locks.LockSupport.parkNanos(LockSupport.java:215)
 java.util.concurrent.locks.AbstractQueuedSynchronizer$ConditionObject.awaitNanos(AbstractQueuedSynchronizer.java:2078)
 java.util.concurrent.ScheduledThreadPoolExecutor$DelayedWorkQueue.take(ScheduledThreadPoolExecutor.java:1093)
 java.util.concurrent.ScheduledThreadPoolExecutor$DelayedWorkQueue.take(ScheduledThreadPoolExecutor.java:809)
 java.util.concurrent.ThreadPoolExecutor.getTask(ThreadPoolExecutor.java:1074)
 java.util.concurrent.ThreadPoolExecutor.runWorker(ThreadPoolExecutor.java:1134)
 java.util.concurrent.ThreadPoolExecutor$Worker.run(ThreadPoolExecutor.java:624)
 java.lang.Thread.run(Thread.java:748)
2020-05-12 10:43:42.039  INFO [users-service,,,] 10294 --- [restartedMain] c.c.c.ConfigServicePropertySourceLocator : Fetching config from server at : http://localhost:8012
2020-05-12 10:43:42.724  INFO [users-service,,,] 10294 --- [restartedMain] c.c.c.ConfigServicePropertySourceLocator : Located environment: name=users-service, profiles=[default], label=null, version=e8f4670593184e7bfe9fe613f5244ffd95b9f14f, state=null
2020-05-12 10:43:42.726  INFO [users-service,,,] 10294 --- [restartedMain] b.c.PropertySourceBootstrapConfiguration : Located property source: [BootstrapPropertySource {name='bootstrapProperties-configClient'}, BootstrapPropertySource {name='bootstrapProperties-https://github.com/acho999/Configuration.git/users-service.properties'}, BootstrapPropertySource {name='bootstrapProperties-https://github.com/acho999/Configuration.git/application.properties'}]
2020-05-12 10:43:42.757  INFO [users-service,,,] 10294 --- [restartedMain] com.main.UsersServiceApplication         : No active profile set, falling back to default profiles: default
2020-05-12 10:43:43.427  INFO [users-service,,,] 10294 --- [restartedMain] .s.d.r.c.RepositoryConfigurationDelegate : Bootstrapping Spring Data JPA repositories in DEFAULT mode.
2020-05-12 10:43:43.484  INFO [users-service,,,] 10294 --- [restartedMain] .s.d.r.c.RepositoryConfigurationDelegate : Finished Spring Data repository scanning in 48ms. Found 2 JPA repository interfaces.
2020-05-12 10:43:43.683  WARN [users-service,,,] 10294 --- [restartedMain] o.s.boot.actuate.endpoint.EndpointId     : Endpoint ID 'bus-env' contains invalid characters, please migrate to a valid format.
2020-05-12 10:43:43.956  WARN [users-service,,,] 10294 --- [restartedMain] o.s.boot.actuate.endpoint.EndpointId     : Endpoint ID 'bus-refresh' contains invalid characters, please migrate to a valid format.
2020-05-12 10:43:44.022  WARN [users-service,,,] 10294 --- [restartedMain] o.s.boot.actuate.endpoint.EndpointId     : Endpoint ID 'service-registry' contains invalid characters, please migrate to a valid format.
2020-05-12 10:43:44.104  WARN [users-service,,,] 10294 --- [restartedMain] o.s.boot.actuate.endpoint.EndpointId     : Endpoint ID 'hystrix.stream' contains invalid characters, please migrate to a valid format.
2020-05-12 10:43:44.355  INFO [users-service,,,] 10294 --- [restartedMain] o.s.cloud.context.scope.GenericScope     : BeanFactory id=30435272-c338-3ff0-9df0-4ece507590fb
2020-05-12 10:43:44.559  INFO [users-service,,,] 10294 --- [restartedMain] faultConfiguringBeanFactoryPostProcessor : No bean named 'errorChannel' has been explicitly defined. Therefore, a default PublishSubscribeChannel will be created.
2020-05-12 10:43:44.564  INFO [users-service,,,] 10294 --- [restartedMain] faultConfiguringBeanFactoryPostProcessor : No bean named 'taskScheduler' has been explicitly defined. Therefore, a default ThreadPoolTaskScheduler will be created.
2020-05-12 10:43:44.569  INFO [users-service,,,] 10294 --- [restartedMain] faultConfiguringBeanFactoryPostProcessor : No bean named 'integrationHeaderChannelRegistry' has been explicitly defined. Therefore, a default DefaultHeaderChannelRegistry will be created.
2020-05-12 10:43:44.848  INFO [users-service,,,] 10294 --- [restartedMain] trationDelegate$BeanPostProcessorChecker : Bean 'integrationChannelResolver' of type [org.springframework.integration.support.channel.BeanFactoryChannelResolver] is not eligible for getting processed by all BeanPostProcessors (for example: not eligible for auto-proxying)
2020-05-12 10:43:44.854  INFO [users-service,,,] 10294 --- [restartedMain] trationDelegate$BeanPostProcessorChecker : Bean 'integrationDisposableAutoCreatedBeans' of type [org.springframework.integration.config.annotation.Disposables] is not eligible for getting processed by all BeanPostProcessors (for example: not eligible for auto-proxying)
2020-05-12 10:43:44.889  INFO [users-service,,,] 10294 --- [restartedMain] trationDelegate$BeanPostProcessorChecker : Bean 'org.springframework.integration.config.IntegrationManagementConfiguration' of type [org.springframework.integration.config.IntegrationManagementConfiguration] is not eligible for getting processed by all BeanPostProcessors (for example: not eligible for auto-proxying)
2020-05-12 10:43:44.904  INFO [users-service,,,] 10294 --- [restartedMain] trationDelegate$BeanPostProcessorChecker : Bean 'org.springframework.boot.autoconfigure.integration.IntegrationAutoConfiguration$IntegrationJmxConfiguration' of type [org.springframework.boot.autoconfigure.integration.IntegrationAutoConfiguration$IntegrationJmxConfiguration] is not eligible for getting processed by all BeanPostProcessors (for example: not eligible for auto-proxying)
2020-05-12 10:43:44.917  INFO [users-service,,,] 10294 --- [restartedMain] trationDelegate$BeanPostProcessorChecker : Bean 'org.springframework.boot.autoconfigure.jmx.JmxAutoConfiguration' of type [org.springframework.boot.autoconfigure.jmx.JmxAutoConfiguration] is not eligible for getting processed by all BeanPostProcessors (for example: not eligible for auto-proxying)
2020-05-12 10:43:44.922  INFO [users-service,,,] 10294 --- [restartedMain] trationDelegate$BeanPostProcessorChecker : Bean 'mbeanServer' of type [com.sun.jmx.mbeanserver.JmxMBeanServer] is not eligible for getting processed by all BeanPostProcessors (for example: not eligible for auto-proxying)
2020-05-12 10:43:45.508  INFO [users-service,,,] 10294 --- [restartedMain] o.s.b.w.embedded.tomcat.TomcatWebServer  : Tomcat initialized with port(s): 0 (http)
2020-05-12 10:43:45.515  INFO [users-service,,,] 10294 --- [restartedMain] o.apache.catalina.core.StandardService   : Starting service [Tomcat]
2020-05-12 10:43:45.516  INFO [users-service,,,] 10294 --- [restartedMain] org.apache.catalina.core.StandardEngine  : Starting Servlet engine: [Apache Tomcat/9.0.31]
2020-05-12 10:43:45.614  INFO [users-service,,,] 10294 --- [restartedMain] o.a.c.c.C.[Tomcat].[localhost].[/]       : Initializing Spring embedded WebApplicationContext
2020-05-12 10:43:45.614  INFO [users-service,,,] 10294 --- [restartedMain] o.s.web.context.ContextLoader            : Root WebApplicationContext: initialization completed in 2839 ms
2020-05-12 10:43:45.767  WARN [users-service,,,] 10294 --- [restartedMain] c.n.c.sources.URLConfigurationSource     : No URLs will be polled as dynamic configuration sources.
2020-05-12 10:43:45.767  INFO [users-service,,,] 10294 --- [restartedMain] c.n.c.sources.URLConfigurationSource     : To enable URLs as dynamic configuration sources, define System property archaius.configurationSource.additionalUrls or make config.properties available on classpath.
2020-05-12 10:43:45.774  INFO [users-service,,,] 10294 --- [restartedMain] c.netflix.config.DynamicPropertyFactory  : DynamicPropertyFactory is initialized with configuration sources: com.netflix.config.ConcurrentCompositeConfiguration@47d45d42
2020-05-12 10:43:46.336  WARN [users-service,,,] 10294 --- [restartedMain] o.s.c.s.zipkin2.ZipkinAutoConfiguration  : Check result of the [AsyncReporter{org.springframework.cloud.sleuth.zipkin2.sender.RestTemplateSender@45c91298}] contains an error [CheckResult{ok=false, error=java.lang.NullPointerException}]
2020-05-12 10:43:46.961  INFO [users-service,,,] 10294 --- [restartedMain] o.s.s.c.ThreadPoolTaskScheduler          : Initializing ExecutorService 'taskScheduler'
2020-05-12 10:43:47.435  INFO [users-service,,,] 10294 --- [restartedMain] o.s.b.a.e.web.ServletEndpointRegistrar   : Registered '/actuator/hystrix.stream' to hystrix.stream-actuator-endpoint
2020-05-12 10:43:47.628  INFO [users-service,,,] 10294 --- [restartedMain] o.hibernate.jpa.internal.util.LogHelper  : HHH000204: Processing PersistenceUnitInfo [name: default]
2020-05-12 10:43:47.685  INFO [users-service,,,] 10294 --- [restartedMain] org.hibernate.Version                    : HHH000412: Hibernate ORM core version 5.4.12.Final
2020-05-12 10:43:47.791  INFO [users-service,,,] 10294 --- [restartedMain] o.hibernate.annotations.common.Version   : HCANN000001: Hibernate Commons Annotations {5.1.0.Final}
2020-05-12 10:43:53.047  INFO [users-service,,,] 10294 --- [restartedMain] org.hibernate.dialect.Dialect            : HHH000400: Using dialect: org.hibernate.dialect.SQLServer2012Dialect
2020-05-12 10:43:59.461  INFO [users-service,,,] 10294 --- [restartedMain] o.h.e.t.j.p.i.JtaPlatformInitiator       : HHH000490: Using JtaPlatform implementation: [org.hibernate.engine.transaction.jta.platform.internal.NoJtaPlatform]
2020-05-12 10:43:59.469  INFO [users-service,,,] 10294 --- [restartedMain] j.LocalContainerEntityManagerFactoryBean : Initialized JPA EntityManagerFactory for persistence unit 'default'
2020-05-12 10:43:59.796  WARN [users-service,,,] 10294 --- [restartedMain] JpaBaseConfiguration$JpaWebConfiguration : spring.jpa.open-in-view is enabled by default. Therefore, database queries may be performed during view rendering. Explicitly configure spring.jpa.open-in-view to disable this warning
2020-05-12 10:43:59.984  WARN [users-service,,,] 10294 --- [restartedMain] o.s.b.d.a.OptionalLiveReloadServer       : Unable to start LiveReload server
2020-05-12 10:44:00.107  INFO [users-service,,,] 10294 --- [restartedMain] o.s.s.concurrent.ThreadPoolTaskExecutor  : Initializing ExecutorService
2020-05-12 10:44:00.108  INFO [users-service,,,] 10294 --- [restartedMain] o.s.s.concurrent.ThreadPoolTaskExecutor  : Initializing ExecutorService 'asyncExecutor'
2020-05-12 10:44:00.295  INFO [users-service,,,] 10294 --- [restartedMain] o.s.s.web.DefaultSecurityFilterChain     : Creating filter chain: any request, [org.springframework.security.web.context.request.async.WebAsyncManagerIntegrationFilter@1583e66f, org.springframework.security.web.context.SecurityContextPersistenceFilter@abebe80, org.springframework.security.web.header.HeaderWriterFilter@ab72517, org.springframework.security.web.authentication.logout.LogoutFilter@17021ff5, com.main.security.AuthenticationFilter@607b3981, org.springframework.security.web.savedrequest.RequestCacheAwareFilter@446ffdb4, org.springframework.security.web.servletapi.SecurityContextHolderAwareRequestFilter@bf94610, org.springframework.security.web.authentication.AnonymousAuthenticationFilter@687f1fe, org.springframework.security.web.session.SessionManagementFilter@1c112e75, org.springframework.security.web.access.ExceptionTranslationFilter@eaaed7, org.springframework.security.web.access.intercept.FilterSecurityInterceptor@681cd48b]
2020-05-12 10:44:00.325  WARN [users-service,,,] 10294 --- [restartedMain] c.n.c.sources.URLConfigurationSource     : No URLs will be polled as dynamic configuration sources.
2020-05-12 10:44:00.325  INFO [users-service,,,] 10294 --- [restartedMain] c.n.c.sources.URLConfigurationSource     : To enable URLs as dynamic configuration sources, define System property archaius.configurationSource.additionalUrls or make config.properties available on classpath.
2020-05-12 10:44:01.400  WARN [users-service,,,] 10294 --- [restartedMain] ockingLoadBalancerClientRibbonWarnLogger : You already have RibbonLoadBalancerClient on your classpath. It will be used by default. As Spring Cloud Ribbon is in maintenance mode. We recommend switching to BlockingLoadBalancerClient instead. In order to use it, set the value of `spring.cloud.loadbalancer.ribbon.enabled` to `false` or remove spring-cloud-starter-netflix-ribbon from your project.
2020-05-12 10:44:01.668  INFO [users-service,,,] 10294 --- [restartedMain] o.s.b.a.e.web.EndpointLinksResolver      : Exposing 24 endpoint(s) beneath base path '/actuator'
2020-05-12 10:44:01.722  INFO [users-service,,,] 10294 --- [RMI TCP Connection(1)-127.0.0.1] o.a.c.c.C.[Tomcat].[localhost].[/]       : Initializing Spring DispatcherServlet 'dispatcherServlet'
2020-05-12 10:44:01.723  INFO [users-service,,,] 10294 --- [RMI TCP Connection(1)-127.0.0.1] o.s.web.servlet.DispatcherServlet        : Initializing Servlet 'dispatcherServlet'
2020-05-12 10:44:01.853  INFO [users-service,,,] 10294 --- [RMI TCP Connection(1)-127.0.0.1] o.s.web.servlet.DispatcherServlet        : Completed initialization in 130 ms
2020-05-12 10:44:01.869  INFO [users-service,,,] 10294 --- [restartedMain] o.s.c.s.m.DirectWithAttributesChannel    : Channel 'application-1.springCloudBusInput' has 1 subscriber(s).
2020-05-12 10:44:01.994  INFO [users-service,,,] 10294 --- [restartedMain] o.s.i.monitor.IntegrationMBeanExporter   : Registering MessageChannel springCloudBusInput
2020-05-12 10:44:02.064  INFO [users-service,,,] 10294 --- [restartedMain] o.s.i.monitor.IntegrationMBeanExporter   : Registering MessageChannel springCloudBusOutput
2020-05-12 10:44:02.074  INFO [users-service,,,] 10294 --- [restartedMain] o.s.i.monitor.IntegrationMBeanExporter   : Registering MessageChannel errorChannel
2020-05-12 10:44:02.111  INFO [users-service,,,] 10294 --- [restartedMain] o.s.i.monitor.IntegrationMBeanExporter   : Registering MessageChannel nullChannel
2020-05-12 10:44:02.134  INFO [users-service,,,] 10294 --- [restartedMain] o.s.i.monitor.IntegrationMBeanExporter   : Registering MessageHandler org.springframework.cloud.stream.binding.StreamListenerMessageHandler@23183a8f
2020-05-12 10:44:02.196  INFO [users-service,,,] 10294 --- [restartedMain] o.s.i.monitor.IntegrationMBeanExporter   : Registering MessageHandler errorLogger
2020-05-12 10:44:02.232  INFO [users-service,,,] 10294 --- [restartedMain] o.s.i.endpoint.EventDrivenConsumer       : Adding {logging-channel-adapter:_org.springframework.integration.errorLogger} as a subscriber to the 'errorChannel' channel
2020-05-12 10:44:02.232  INFO [users-service,,,] 10294 --- [restartedMain] o.s.i.channel.PublishSubscribeChannel    : Channel 'application-1.errorChannel' has 1 subscriber(s).
2020-05-12 10:44:02.232  INFO [users-service,,,] 10294 --- [restartedMain] o.s.i.endpoint.EventDrivenConsumer       : started bean '_org.springframework.integration.errorLogger'
2020-05-12 10:44:07.286  INFO [users-service,,,] 10294 --- [restartedMain] c.c.c.ConfigServicePropertySourceLocator : Fetching config from server at : http://localhost:8012
2020-05-12 10:44:07.889  INFO [users-service,,,] 10294 --- [restartedMain] c.c.c.ConfigServicePropertySourceLocator : Located environment: name=users-service, profiles=[default], label=null, version=e8f4670593184e7bfe9fe613f5244ffd95b9f14f, state=null
2020-05-12 10:44:07.889  INFO [users-service,,,] 10294 --- [restartedMain] b.c.PropertySourceBootstrapConfiguration : Located property source: [BootstrapPropertySource {name='bootstrapProperties-configClient'}, BootstrapPropertySource {name='bootstrapProperties-https://github.com/acho999/Configuration.git/users-service.properties'}, BootstrapPropertySource {name='bootstrapProperties-https://github.com/acho999/Configuration.git/application.properties'}]
2020-05-12 10:44:08.051  INFO [users-service,,,] 10294 --- [restartedMain] o.s.a.r.c.CachingConnectionFactory       : Attempting to connect to: [localhost:5672]
2020-05-12 10:44:08.085  INFO [users-service,,,] 10294 --- [restartedMain] o.s.a.r.c.CachingConnectionFactory       : Created new connection: rabbitConnectionFactory#4f148c1:0/SimpleConnection@4cd7a64a [delegate=amqp://guest@127.0.0.1:5672/, localPort= 50379]
2020-05-12 10:44:08.118  INFO [users-service,,,] 10294 --- [restartedMain] o.s.c.s.m.DirectWithAttributesChannel    : Channel 'application-1.springCloudBusOutput' has 1 subscriber(s).
2020-05-12 10:44:08.154  INFO [users-service,,,] 10294 --- [restartedMain] c.s.b.r.p.RabbitExchangeQueueProvisioner : declaring queue for inbound: springCloudBus.anonymous.K9miLK_eQw-eGzg_S5I34Q, bound to: springCloudBus
2020-05-12 10:44:08.171  INFO [users-service,,,] 10294 --- [restartedMain] o.s.c.stream.binder.BinderErrorChannel   : Channel 'springCloudBus.anonymous.K9miLK_eQw-eGzg_S5I34Q.errors' has 1 subscriber(s).
2020-05-12 10:44:08.171  INFO [users-service,,,] 10294 --- [restartedMain] o.s.c.stream.binder.BinderErrorChannel   : Channel 'springCloudBus.anonymous.K9miLK_eQw-eGzg_S5I34Q.errors' has 2 subscriber(s).
2020-05-12 10:44:08.187  INFO [users-service,,,] 10294 --- [restartedMain] o.s.i.a.i.AmqpInboundChannelAdapter      : started bean 'inbound.springCloudBus.anonymous.K9miLK_eQw-eGzg_S5I34Q'
2020-05-12 10:44:08.225  INFO [users-service,,,] 10294 --- [restartedMain] o.s.i.monitor.IntegrationMBeanExporter   : Registering MessageChannel springCloudBus.anonymous.K9miLK_eQw-eGzg_S5I34Q.errors
2020-05-12 10:44:08.312  INFO [users-service,,,] 10294 --- [restartedMain] o.s.b.w.embedded.tomcat.TomcatWebServer  : Tomcat started on port(s): 50380 (http) with context path ''
2020-05-12 10:44:08.313  INFO [users-service,,,] 10294 --- [restartedMain] .s.c.n.e.s.EurekaAutoServiceRegistration : Updating port to 50380
2020-05-12 10:44:08.318  INFO [users-service,,,] 10294 --- [restartedMain] o.s.c.n.eureka.InstanceInfoFactory       : Setting initial instance status as: STARTING
2020-05-12 10:44:08.352  INFO [users-service,,,] 10294 --- [restartedMain] com.netflix.discovery.DiscoveryClient    : Initializing Eureka in region us-east-1
2020-05-12 10:44:08.399  INFO [users-service,,,] 10294 --- [restartedMain] c.n.d.provider.DiscoveryJerseyProvider   : Using JSON encoding codec LegacyJacksonJson
2020-05-12 10:44:08.399  INFO [users-service,,,] 10294 --- [restartedMain] c.n.d.provider.DiscoveryJerseyProvider   : Using JSON decoding codec LegacyJacksonJson
2020-05-12 10:44:08.497  INFO [users-service,,,] 10294 --- [restartedMain] c.n.d.provider.DiscoveryJerseyProvider   : Using XML encoding codec XStreamXml
2020-05-12 10:44:08.497  INFO [users-service,,,] 10294 --- [restartedMain] c.n.d.provider.DiscoveryJerseyProvider   : Using XML decoding codec XStreamXml
2020-05-12 10:44:08.645  INFO [users-service,,,] 10294 --- [restartedMain] c.n.d.s.r.aws.ConfigClusterResolver      : Resolving eureka endpoints via configuration
2020-05-12 10:44:08.659  INFO [users-service,,,] 10294 --- [restartedMain] com.netflix.discovery.DiscoveryClient    : Disable delta property : false
2020-05-12 10:44:08.659  INFO [users-service,,,] 10294 --- [restartedMain] com.netflix.discovery.DiscoveryClient    : Single vip registry refresh property : null
2020-05-12 10:44:08.659  INFO [users-service,,,] 10294 --- [restartedMain] com.netflix.discovery.DiscoveryClient    : Force full registry fetch : false
2020-05-12 10:44:08.659  INFO [users-service,,,] 10294 --- [restartedMain] com.netflix.discovery.DiscoveryClient    : Application is null : false
2020-05-12 10:44:08.659  INFO [users-service,,,] 10294 --- [restartedMain] com.netflix.discovery.DiscoveryClient    : Registered Applications size is zero : true
2020-05-12 10:44:08.660  INFO [users-service,,,] 10294 --- [restartedMain] com.netflix.discovery.DiscoveryClient    : Application version is -1: true
2020-05-12 10:44:08.660  INFO [users-service,,,] 10294 --- [restartedMain] com.netflix.discovery.DiscoveryClient    : Getting all instance registry info from the eureka server
2020-05-12 10:44:08.860  INFO [users-service,,,] 10294 --- [restartedMain] com.netflix.discovery.DiscoveryClient    : The response status is 200
2020-05-12 10:44:08.862  INFO [users-service,,,] 10294 --- [restartedMain] com.netflix.discovery.DiscoveryClient    : Starting heartbeat executor: renew interval is: 30
2020-05-12 10:44:08.864  INFO [users-service,,,] 10294 --- [restartedMain] c.n.discovery.InstanceInfoReplicator     : InstanceInfoReplicator onDemand update allowed rate per min is 4
2020-05-12 10:44:08.868  INFO [users-service,,,] 10294 --- [restartedMain] com.netflix.discovery.DiscoveryClient    : Discovery Client initialized at timestamp 1589269448867 with initial instances count: 2
2020-05-12 10:44:08.878  INFO [users-service,,,] 10294 --- [restartedMain] o.s.c.n.e.s.EurekaServiceRegistry        : Registering application USERS-SERVICE with eureka with status UP
2020-05-12 10:44:08.879  INFO [users-service,,,] 10294 --- [restartedMain] com.netflix.discovery.DiscoveryClient    : Saw local status change event StatusChangeEvent [timestamp=1589269448879, current=UP, previous=STARTING]
2020-05-12 10:44:08.880  INFO [users-service,,,] 10294 --- [DiscoveryClient-InstanceInfoReplicator-0] com.netflix.discovery.DiscoveryClient    : DiscoveryClient_USERS-SERVICE/users-service:5fd5674318e6772c5cfd4447fbc4911d: registering service...
2020-05-12 10:44:08.886  INFO [users-service,,,] 10294 --- [restartedMain] com.main.UsersServiceApplication         : Started UsersServiceApplication in 37.577 seconds (JVM running for 43.267)
2020-05-12 10:44:08.901  INFO [users-service,,,] 10294 --- [DiscoveryClient-InstanceInfoReplicator-0] com.netflix.discovery.DiscoveryClient    : DiscoveryClient_USERS-SERVICE/users-service:5fd5674318e6772c5cfd4447fbc4911d - registration status: 204
2020-05-12 10:45:09.587  WARN [users-service,,,] 10294 --- [AsyncReporter{org.springframework.cloud.sleuth.zipkin2.sender.RestTemplateSender@45c91298}] z.r.AsyncReporter$BoundedAsyncReporter   : Spans were dropped due to exceptions. All subsequent errors will be logged at FINE level.
2020-05-12 10:45:09.591  WARN [users-service,,,] 10294 --- [AsyncReporter{org.springframework.cloud.sleuth.zipkin2.sender.RestTemplateSender@45c91298}] z.r.AsyncReporter$BoundedAsyncReporter   : Dropped 1 spans due to NullPointerException()

java.lang.NullPointerException: null
	at java.util.concurrent.ConcurrentHashMap.get(ConcurrentHashMap.java:936) ~[na:1.8.0_241]
	at java.util.concurrent.ConcurrentHashMap.containsKey(ConcurrentHashMap.java:964) ~[na:1.8.0_241]
	at org.springframework.cloud.context.named.NamedContextFactory.getContext(NamedContextFactory.java:98) ~[spring-cloud-context-2.2.1.RELEASE.jar:2.2.1.RELEASE]
	at org.springframework.cloud.netflix.ribbon.SpringClientFactory.getContext(SpringClientFactory.java:131) ~[spring-cloud-netflix-ribbon-2.2.1.RELEASE.jar:2.2.1.RELEASE]
	at org.springframework.cloud.context.named.NamedContextFactory.getInstance(NamedContextFactory.java:145) ~[spring-cloud-context-2.2.1.RELEASE.jar:2.2.1.RELEASE]
	at org.springframework.cloud.netflix.ribbon.SpringClientFactory.getInstance(SpringClientFactory.java:121) ~[spring-cloud-netflix-ribbon-2.2.1.RELEASE.jar:2.2.1.RELEASE]
	at org.springframework.cloud.netflix.ribbon.SpringClientFactory.getLoadBalancer(SpringClientFactory.java:65) ~[spring-cloud-netflix-ribbon-2.2.1.RELEASE.jar:2.2.1.RELEASE]
	at org.springframework.cloud.netflix.ribbon.RibbonLoadBalancerClient.getLoadBalancer(RibbonLoadBalancerClient.java:193) ~[spring-cloud-netflix-ribbon-2.2.1.RELEASE.jar:2.2.1.RELEASE]
	at org.springframework.cloud.netflix.ribbon.RibbonLoadBalancerClient.choose(RibbonLoadBalancerClient.java:88) ~[spring-cloud-netflix-ribbon-2.2.1.RELEASE.jar:2.2.1.RELEASE]
	at org.springframework.cloud.netflix.ribbon.RibbonLoadBalancerClient.choose(RibbonLoadBalancerClient.java:78) ~[spring-cloud-netflix-ribbon-2.2.1.RELEASE.jar:2.2.1.RELEASE]
	at org.springframework.cloud.sleuth.zipkin2.sender.LoadBalancerClientZipkinLoadBalancer.instance(LoadBalancerClientZipkinLoadBalancer.java:43) ~[spring-cloud-sleuth-zipkin-2.2.1.RELEASE.jar:2.2.1.RELEASE]
	at org.springframework.cloud.sleuth.zipkin2.sender.ZipkinRestTemplateSenderConfiguration$CachingZipkinUrlExtractor.zipkinUrl(ZipkinRestTemplateSenderConfiguration.java:93) ~[spring-cloud-sleuth-zipkin-2.2.1.RELEASE.jar:2.2.1.RELEASE]
	at org.springframework.cloud.sleuth.zipkin2.sender.ZipkinRestTemplateWrapper.doExecute(ZipkinRestTemplateSenderConfiguration.java:226) ~[spring-cloud-sleuth-zipkin-2.2.1.RELEASE.jar:2.2.1.RELEASE]
	at org.springframework.web.client.RestTemplate.exchange(RestTemplate.java:641) ~[spring-web-5.2.4.RELEASE.jar:5.2.4.RELEASE]
	at org.springframework.cloud.sleuth.zipkin2.sender.RestTemplateSender.post(RestTemplateSender.java:129) ~[spring-cloud-sleuth-zipkin-2.2.1.RELEASE.jar:2.2.1.RELEASE]
	at org.springframework.cloud.sleuth.zipkin2.sender.RestTemplateSender$HttpPostCall.doExecute(RestTemplateSender.java:142) ~[spring-cloud-sleuth-zipkin-2.2.1.RELEASE.jar:2.2.1.RELEASE]
	at org.springframework.cloud.sleuth.zipkin2.sender.RestTemplateSender$HttpPostCall.doExecute(RestTemplateSender.java:132) ~[spring-cloud-sleuth-zipkin-2.2.1.RELEASE.jar:2.2.1.RELEASE]
	at zipkin2.Call$Base.execute(Call.java:380) ~[zipkin-2.19.0.jar:na]
	at zipkin2.reporter.AsyncReporter$BoundedAsyncReporter.flush(AsyncReporter.java:285) ~[zipkin-reporter-2.11.0.jar:na]
	at zipkin2.reporter.AsyncReporter$Flusher.run(AsyncReporter.java:354) [zipkin-reporter-2.11.0.jar:na]
	at java.lang.Thread.run(Thread.java:748) [na:1.8.0_241]

2020-05-12 10:49:08.641  INFO [users-service,,,] 10294 --- [AsyncResolver-bootstrap-executor-0] c.n.d.s.r.aws.ConfigClusterResolver      : Resolving eureka endpoints via configuration
2020-05-12 10:54:08.636  INFO [users-service,,,] 10294 --- [AsyncResolver-bootstrap-executor-0] c.n.d.s.r.aws.ConfigClusterResolver      : Resolving eureka endpoints via configuration
2020-05-12 10:59:08.631  INFO [users-service,,,] 10294 --- [AsyncResolver-bootstrap-executor-0] c.n.d.s.r.aws.ConfigClusterResolver      : Resolving eureka endpoints via configuration
2020-05-12 11:04:08.628  INFO [users-service,,,] 10294 --- [AsyncResolver-bootstrap-executor-0] c.n.d.s.r.aws.ConfigClusterResolver      : Resolving eureka endpoints via configuration
2020-05-12 11:09:08.622  INFO [users-service,,,] 10294 --- [AsyncResolver-bootstrap-executor-0] c.n.d.s.r.aws.ConfigClusterResolver      : Resolving eureka endpoints via configuration
2020-05-12 11:14:08.613  INFO [users-service,,,] 10294 --- [AsyncResolver-bootstrap-executor-0] c.n.d.s.r.aws.ConfigClusterResolver      : Resolving eureka endpoints via configuration
2020-05-12 11:19:08.606  INFO [users-service,,,] 10294 --- [AsyncResolver-bootstrap-executor-0] c.n.d.s.r.aws.ConfigClusterResolver      : Resolving eureka endpoints via configuration
2020-05-12 11:23:20.231  INFO [users-service,73db8606d1e7f9c0,73db8606d1e7f9c0,true] 10294 --- [springCloudBus.anonymous.K9miLK_eQw-eGzg_S5I34Q-1] .e.DevToolsPropertyDefaultsPostProcessor : Devtools property defaults active! Set 'spring.devtools.add-properties' to 'false' to disable
2020-05-12 11:23:20.377  INFO [users-service,73db8606d1e7f9c0,73db8606d1e7f9c0,true] 10294 --- [springCloudBus.anonymous.K9miLK_eQw-eGzg_S5I34Q-1] .e.DevToolsPropertyDefaultsPostProcessor : Devtools property defaults active! Set 'spring.devtools.add-properties' to 'false' to disable
2020-05-12 11:23:20.407  INFO [users-service,73db8606d1e7f9c0,73db8606d1e7f9c0,true] 10294 --- [springCloudBus.anonymous.K9miLK_eQw-eGzg_S5I34Q-1] c.c.c.ConfigServicePropertySourceLocator : Fetching config from server at : http://localhost:8012
2020-05-12 11:23:22.659  INFO [users-service,73db8606d1e7f9c0,73db8606d1e7f9c0,true] 10294 --- [springCloudBus.anonymous.K9miLK_eQw-eGzg_S5I34Q-1] c.c.c.ConfigServicePropertySourceLocator : Located environment: name=users-service, profiles=[default], label=null, version=5d0ec02018edccd8f3a06753d8b41147b4c55508, state=null
2020-05-12 11:23:22.660  INFO [users-service,73db8606d1e7f9c0,73db8606d1e7f9c0,true] 10294 --- [springCloudBus.anonymous.K9miLK_eQw-eGzg_S5I34Q-1] b.c.PropertySourceBootstrapConfiguration : Located property source: [BootstrapPropertySource {name='bootstrapProperties-configClient'}, BootstrapPropertySource {name='bootstrapProperties-https://github.com/acho999/Configuration.git/users-service.properties'}, BootstrapPropertySource {name='bootstrapProperties-https://github.com/acho999/Configuration.git/application.properties'}]
2020-05-12 11:23:22.674  INFO [users-service,73db8606d1e7f9c0,73db8606d1e7f9c0,true] 10294 --- [springCloudBus.anonymous.K9miLK_eQw-eGzg_S5I34Q-1] o.s.boot.SpringApplication               : No active profile set, falling back to default profiles: default
2020-05-12 11:23:22.677  INFO [users-service,73db8606d1e7f9c0,73db8606d1e7f9c0,true] 10294 --- [springCloudBus.anonymous.K9miLK_eQw-eGzg_S5I34Q-1] o.s.boot.SpringApplication               : Started application in 2.51 seconds (JVM running for 2397.15)
2020-05-12 11:23:22.921  INFO [users-service,73db8606d1e7f9c0,73db8606d1e7f9c0,true] 10294 --- [springCloudBus.anonymous.K9miLK_eQw-eGzg_S5I34Q-1] com.netflix.discovery.DiscoveryClient    : Shutting down DiscoveryClient ...
2020-05-12 11:23:25.925  INFO [users-service,73db8606d1e7f9c0,73db8606d1e7f9c0,true] 10294 --- [springCloudBus.anonymous.K9miLK_eQw-eGzg_S5I34Q-1] com.netflix.discovery.DiscoveryClient    : Unregistering ...
2020-05-12 11:23:25.931  INFO [users-service,73db8606d1e7f9c0,73db8606d1e7f9c0,true] 10294 --- [springCloudBus.anonymous.K9miLK_eQw-eGzg_S5I34Q-1] com.netflix.discovery.DiscoveryClient    : DiscoveryClient_USERS-SERVICE/users-service:5fd5674318e6772c5cfd4447fbc4911d - deregister  status: 200
2020-05-12 11:23:25.942  INFO [users-service,73db8606d1e7f9c0,73db8606d1e7f9c0,true] 10294 --- [springCloudBus.anonymous.K9miLK_eQw-eGzg_S5I34Q-1] com.netflix.discovery.DiscoveryClient    : Completed shut down of DiscoveryClient
2020-05-12 11:23:25.945  INFO [users-service,73db8606d1e7f9c0,73db8606d1e7f9c0,true] 10294 --- [springCloudBus.anonymous.K9miLK_eQw-eGzg_S5I34Q-1] o.s.c.n.eureka.InstanceInfoFactory       : Setting initial instance status as: STARTING
2020-05-12 11:23:25.946  INFO [users-service,73db8606d1e7f9c0,73db8606d1e7f9c0,true] 10294 --- [springCloudBus.anonymous.K9miLK_eQw-eGzg_S5I34Q-1] com.netflix.discovery.DiscoveryClient    : Initializing Eureka in region us-east-1
2020-05-12 11:23:25.949  INFO [users-service,73db8606d1e7f9c0,73db8606d1e7f9c0,true] 10294 --- [springCloudBus.anonymous.K9miLK_eQw-eGzg_S5I34Q-1] c.n.d.provider.DiscoveryJerseyProvider   : Using JSON encoding codec LegacyJacksonJson
2020-05-12 11:23:25.949  INFO [users-service,73db8606d1e7f9c0,73db8606d1e7f9c0,true] 10294 --- [springCloudBus.anonymous.K9miLK_eQw-eGzg_S5I34Q-1] c.n.d.provider.DiscoveryJerseyProvider   : Using JSON decoding codec LegacyJacksonJson
2020-05-12 11:23:25.949  INFO [users-service,73db8606d1e7f9c0,73db8606d1e7f9c0,true] 10294 --- [springCloudBus.anonymous.K9miLK_eQw-eGzg_S5I34Q-1] c.n.d.provider.DiscoveryJerseyProvider   : Using XML encoding codec XStreamXml
2020-05-12 11:23:25.949  INFO [users-service,73db8606d1e7f9c0,73db8606d1e7f9c0,true] 10294 --- [springCloudBus.anonymous.K9miLK_eQw-eGzg_S5I34Q-1] c.n.d.provider.DiscoveryJerseyProvider   : Using XML decoding codec XStreamXml
2020-05-12 11:23:26.034  INFO [users-service,73db8606d1e7f9c0,73db8606d1e7f9c0,true] 10294 --- [springCloudBus.anonymous.K9miLK_eQw-eGzg_S5I34Q-1] c.n.d.s.r.aws.ConfigClusterResolver      : Resolving eureka endpoints via configuration
2020-05-12 11:23:26.035  INFO [users-service,73db8606d1e7f9c0,73db8606d1e7f9c0,true] 10294 --- [springCloudBus.anonymous.K9miLK_eQw-eGzg_S5I34Q-1] com.netflix.discovery.DiscoveryClient    : Disable delta property : false
2020-05-12 11:23:26.035  INFO [users-service,73db8606d1e7f9c0,73db8606d1e7f9c0,true] 10294 --- [springCloudBus.anonymous.K9miLK_eQw-eGzg_S5I34Q-1] com.netflix.discovery.DiscoveryClient    : Single vip registry refresh property : null
2020-05-12 11:23:26.035  INFO [users-service,73db8606d1e7f9c0,73db8606d1e7f9c0,true] 10294 --- [springCloudBus.anonymous.K9miLK_eQw-eGzg_S5I34Q-1] com.netflix.discovery.DiscoveryClient    : Force full registry fetch : false
2020-05-12 11:23:26.035  INFO [users-service,73db8606d1e7f9c0,73db8606d1e7f9c0,true] 10294 --- [springCloudBus.anonymous.K9miLK_eQw-eGzg_S5I34Q-1] com.netflix.discovery.DiscoveryClient    : Application is null : false
2020-05-12 11:23:26.035  INFO [users-service,73db8606d1e7f9c0,73db8606d1e7f9c0,true] 10294 --- [springCloudBus.anonymous.K9miLK_eQw-eGzg_S5I34Q-1] com.netflix.discovery.DiscoveryClient    : Registered Applications size is zero : true
2020-05-12 11:23:26.035  INFO [users-service,73db8606d1e7f9c0,73db8606d1e7f9c0,true] 10294 --- [springCloudBus.anonymous.K9miLK_eQw-eGzg_S5I34Q-1] com.netflix.discovery.DiscoveryClient    : Application version is -1: true
2020-05-12 11:23:26.036  INFO [users-service,73db8606d1e7f9c0,73db8606d1e7f9c0,true] 10294 --- [springCloudBus.anonymous.K9miLK_eQw-eGzg_S5I34Q-1] com.netflix.discovery.DiscoveryClient    : Getting all instance registry info from the eureka server
2020-05-12 11:23:26.145  INFO [users-service,73db8606d1e7f9c0,73db8606d1e7f9c0,true] 10294 --- [springCloudBus.anonymous.K9miLK_eQw-eGzg_S5I34Q-1] com.netflix.discovery.DiscoveryClient    : The response status is 200
2020-05-12 11:23:26.146  INFO [users-service,73db8606d1e7f9c0,73db8606d1e7f9c0,true] 10294 --- [springCloudBus.anonymous.K9miLK_eQw-eGzg_S5I34Q-1] com.netflix.discovery.DiscoveryClient    : Starting heartbeat executor: renew interval is: 30
2020-05-12 11:23:26.147  INFO [users-service,73db8606d1e7f9c0,73db8606d1e7f9c0,true] 10294 --- [springCloudBus.anonymous.K9miLK_eQw-eGzg_S5I34Q-1] c.n.discovery.InstanceInfoReplicator     : InstanceInfoReplicator onDemand update allowed rate per min is 4
2020-05-12 11:23:26.148  INFO [users-service,73db8606d1e7f9c0,73db8606d1e7f9c0,true] 10294 --- [springCloudBus.anonymous.K9miLK_eQw-eGzg_S5I34Q-1] com.netflix.discovery.DiscoveryClient    : Discovery Client initialized at timestamp 1589271806148 with initial instances count: 4
2020-05-12 11:23:26.151  INFO [users-service,73db8606d1e7f9c0,73db8606d1e7f9c0,true] 10294 --- [springCloudBus.anonymous.K9miLK_eQw-eGzg_S5I34Q-1] o.s.c.n.e.s.EurekaServiceRegistry        : Unregistering application USERS-SERVICE with eureka with status DOWN
2020-05-12 11:23:26.151  WARN [users-service,73db8606d1e7f9c0,73db8606d1e7f9c0,true] 10294 --- [springCloudBus.anonymous.K9miLK_eQw-eGzg_S5I34Q-1] com.netflix.discovery.DiscoveryClient    : Saw local status change event StatusChangeEvent [timestamp=1589271806151, current=DOWN, previous=STARTING]
2020-05-12 11:23:26.151  INFO [users-service,,,] 10294 --- [DiscoveryClient-InstanceInfoReplicator-0] com.netflix.discovery.DiscoveryClient    : DiscoveryClient_USERS-SERVICE/users-service:37e11cb8e290562c51bfd980c4ef6d96: registering service...
2020-05-12 11:23:26.152  INFO [users-service,73db8606d1e7f9c0,73db8606d1e7f9c0,true] 10294 --- [springCloudBus.anonymous.K9miLK_eQw-eGzg_S5I34Q-1] o.s.c.n.e.s.EurekaServiceRegistry        : Registering application USERS-SERVICE with eureka with status UP
2020-05-12 11:23:26.152  WARN [users-service,73db8606d1e7f9c0,73db8606d1e7f9c0,true] 10294 --- [springCloudBus.anonymous.K9miLK_eQw-eGzg_S5I34Q-1] com.netflix.discovery.DiscoveryClient    : Saw local status change event StatusChangeEvent [timestamp=1589271806152, current=UP, previous=DOWN]
2020-05-12 11:23:26.153  INFO [users-service,73db8606d1e7f9c0,73db8606d1e7f9c0,true] 10294 --- [springCloudBus.anonymous.K9miLK_eQw-eGzg_S5I34Q-1] o.s.cloud.bus.event.RefreshListener      : Received remote refresh request. Keys refreshed [config.client.version, token.expiration_time]
2020-05-12 11:23:26.158  INFO [users-service,,,] 10294 --- [DiscoveryClient-InstanceInfoReplicator-0] com.netflix.discovery.DiscoveryClient    : DiscoveryClient_USERS-SERVICE/users-service:37e11cb8e290562c51bfd980c4ef6d96 - registration status: 204
2020-05-12 11:23:26.159  INFO [users-service,,,] 10294 --- [DiscoveryClient-InstanceInfoReplicator-0] com.netflix.discovery.DiscoveryClient    : DiscoveryClient_USERS-SERVICE/users-service:37e11cb8e290562c51bfd980c4ef6d96: registering service...
2020-05-12 11:23:26.162  INFO [users-service,,,] 10294 --- [DiscoveryClient-InstanceInfoReplicator-0] com.netflix.discovery.DiscoveryClient    : DiscoveryClient_USERS-SERVICE/users-service:37e11cb8e290562c51bfd980c4ef6d96 - registration status: 204
2020-05-12 11:23:26.168  INFO [users-service,73db8606d1e7f9c0,73be252c7fa78bed,true] 10294 --- [springCloudBus.anonymous.K9miLK_eQw-eGzg_S5I34Q-1] o.s.a.r.c.CachingConnectionFactory       : Attempting to connect to: [localhost:5672]
2020-05-12 11:23:26.173  INFO [users-service,73db8606d1e7f9c0,73be252c7fa78bed,true] 10294 --- [springCloudBus.anonymous.K9miLK_eQw-eGzg_S5I34Q-1] o.s.a.r.c.CachingConnectionFactory       : Created new connection: rabbitConnectionFactory.publisher#2e5439cd:0/SimpleConnection@2b3cc115 [delegate=amqp://guest@127.0.0.1:5672/, localPort= 51753]
2020-05-12 11:23:26.174  INFO [users-service,73db8606d1e7f9c0,73be252c7fa78bed,true] 10294 --- [springCloudBus.anonymous.K9miLK_eQw-eGzg_S5I34Q-1] o.s.amqp.rabbit.core.RabbitAdmin         : Auto-declaring a non-durable, auto-delete, or exclusive Queue (springCloudBus.anonymous.K9miLK_eQw-eGzg_S5I34Q) durable:false, auto-delete:true, exclusive:true. It will be redeclared if the broker stops and is restarted while the connection factory is alive, but all messages will be lost.
2020-05-12 11:28:26.027  INFO [users-service,,,] 10294 --- [AsyncResolver-bootstrap-executor-0] c.n.d.s.r.aws.ConfigClusterResolver      : Resolving eureka endpoints via configuration
2020-05-12 11:33:26.022  INFO [users-service,,,] 10294 --- [AsyncResolver-bootstrap-executor-0] c.n.d.s.r.aws.ConfigClusterResolver      : Resolving eureka endpoints via configuration
2020-05-12 11:38:26.014  INFO [users-service,,,] 10294 --- [AsyncResolver-bootstrap-executor-0] c.n.d.s.r.aws.ConfigClusterResolver      : Resolving eureka endpoints via configuration
2020-05-12 11:43:26.006  INFO [users-service,,,] 10294 --- [AsyncResolver-bootstrap-executor-0] c.n.d.s.r.aws.ConfigClusterResolver      : Resolving eureka endpoints via configuration
2020-05-12 11:45:12.953  INFO [users-service,33b8e836bb63f9c6,33b8e836bb63f9c6,true] 10294 --- [springCloudBus.anonymous.K9miLK_eQw-eGzg_S5I34Q-1] .e.DevToolsPropertyDefaultsPostProcessor : Devtools property defaults active! Set 'spring.devtools.add-properties' to 'false' to disable
2020-05-12 11:45:13.023  INFO [users-service,33b8e836bb63f9c6,33b8e836bb63f9c6,true] 10294 --- [springCloudBus.anonymous.K9miLK_eQw-eGzg_S5I34Q-1] .e.DevToolsPropertyDefaultsPostProcessor : Devtools property defaults active! Set 'spring.devtools.add-properties' to 'false' to disable
2020-05-12 11:45:13.037  INFO [users-service,33b8e836bb63f9c6,33b8e836bb63f9c6,true] 10294 --- [springCloudBus.anonymous.K9miLK_eQw-eGzg_S5I34Q-1] c.c.c.ConfigServicePropertySourceLocator : Fetching config from server at : http://localhost:8012
2020-05-12 11:45:15.903  INFO [users-service,33b8e836bb63f9c6,33b8e836bb63f9c6,true] 10294 --- [springCloudBus.anonymous.K9miLK_eQw-eGzg_S5I34Q-1] c.c.c.ConfigServicePropertySourceLocator : Located environment: name=users-service, profiles=[default], label=null, version=5d0ec02018edccd8f3a06753d8b41147b4c55508, state=null
2020-05-12 11:45:15.904  INFO [users-service,33b8e836bb63f9c6,33b8e836bb63f9c6,true] 10294 --- [springCloudBus.anonymous.K9miLK_eQw-eGzg_S5I34Q-1] b.c.PropertySourceBootstrapConfiguration : Located property source: [BootstrapPropertySource {name='bootstrapProperties-configClient'}, BootstrapPropertySource {name='bootstrapProperties-https://github.com/acho999/Configuration.git/users-service.properties'}, BootstrapPropertySource {name='bootstrapProperties-https://github.com/acho999/Configuration.git/application.properties'}]
2020-05-12 11:45:15.914  INFO [users-service,33b8e836bb63f9c6,33b8e836bb63f9c6,true] 10294 --- [springCloudBus.anonymous.K9miLK_eQw-eGzg_S5I34Q-1] o.s.boot.SpringApplication               : No active profile set, falling back to default profiles: default
2020-05-12 11:45:15.917  INFO [users-service,33b8e836bb63f9c6,33b8e836bb63f9c6,true] 10294 --- [springCloudBus.anonymous.K9miLK_eQw-eGzg_S5I34Q-1] o.s.boot.SpringApplication               : Started application in 3.01 seconds (JVM running for 3710.437)
2020-05-12 11:45:16.088  INFO [users-service,33b8e836bb63f9c6,33b8e836bb63f9c6,true] 10294 --- [springCloudBus.anonymous.K9miLK_eQw-eGzg_S5I34Q-1] com.netflix.discovery.DiscoveryClient    : Shutting down DiscoveryClient ...
2020-05-12 11:45:19.090  INFO [users-service,33b8e836bb63f9c6,33b8e836bb63f9c6,true] 10294 --- [springCloudBus.anonymous.K9miLK_eQw-eGzg_S5I34Q-1] com.netflix.discovery.DiscoveryClient    : Unregistering ...
2020-05-12 11:45:19.094  INFO [users-service,33b8e836bb63f9c6,33b8e836bb63f9c6,true] 10294 --- [springCloudBus.anonymous.K9miLK_eQw-eGzg_S5I34Q-1] com.netflix.discovery.DiscoveryClient    : DiscoveryClient_USERS-SERVICE/users-service:37e11cb8e290562c51bfd980c4ef6d96 - deregister  status: 200
2020-05-12 11:45:19.102  INFO [users-service,33b8e836bb63f9c6,33b8e836bb63f9c6,true] 10294 --- [springCloudBus.anonymous.K9miLK_eQw-eGzg_S5I34Q-1] com.netflix.discovery.DiscoveryClient    : Completed shut down of DiscoveryClient
2020-05-12 11:45:19.103  INFO [users-service,33b8e836bb63f9c6,33b8e836bb63f9c6,true] 10294 --- [springCloudBus.anonymous.K9miLK_eQw-eGzg_S5I34Q-1] o.s.c.n.eureka.InstanceInfoFactory       : Setting initial instance status as: STARTING
2020-05-12 11:45:19.104  INFO [users-service,33b8e836bb63f9c6,33b8e836bb63f9c6,true] 10294 --- [springCloudBus.anonymous.K9miLK_eQw-eGzg_S5I34Q-1] com.netflix.discovery.DiscoveryClient    : Initializing Eureka in region us-east-1
2020-05-12 11:45:19.107  INFO [users-service,33b8e836bb63f9c6,33b8e836bb63f9c6,true] 10294 --- [springCloudBus.anonymous.K9miLK_eQw-eGzg_S5I34Q-1] c.n.d.provider.DiscoveryJerseyProvider   : Using JSON encoding codec LegacyJacksonJson
2020-05-12 11:45:19.107  INFO [users-service,33b8e836bb63f9c6,33b8e836bb63f9c6,true] 10294 --- [springCloudBus.anonymous.K9miLK_eQw-eGzg_S5I34Q-1] c.n.d.provider.DiscoveryJerseyProvider   : Using JSON decoding codec LegacyJacksonJson
2020-05-12 11:45:19.107  INFO [users-service,33b8e836bb63f9c6,33b8e836bb63f9c6,true] 10294 --- [springCloudBus.anonymous.K9miLK_eQw-eGzg_S5I34Q-1] c.n.d.provider.DiscoveryJerseyProvider   : Using XML encoding codec XStreamXml
2020-05-12 11:45:19.107  INFO [users-service,33b8e836bb63f9c6,33b8e836bb63f9c6,true] 10294 --- [springCloudBus.anonymous.K9miLK_eQw-eGzg_S5I34Q-1] c.n.d.provider.DiscoveryJerseyProvider   : Using XML decoding codec XStreamXml
2020-05-12 11:45:19.165  INFO [users-service,33b8e836bb63f9c6,33b8e836bb63f9c6,true] 10294 --- [springCloudBus.anonymous.K9miLK_eQw-eGzg_S5I34Q-1] c.n.d.s.r.aws.ConfigClusterResolver      : Resolving eureka endpoints via configuration
2020-05-12 11:45:19.166  INFO [users-service,33b8e836bb63f9c6,33b8e836bb63f9c6,true] 10294 --- [springCloudBus.anonymous.K9miLK_eQw-eGzg_S5I34Q-1] com.netflix.discovery.DiscoveryClient    : Disable delta property : false
2020-05-12 11:45:19.167  INFO [users-service,33b8e836bb63f9c6,33b8e836bb63f9c6,true] 10294 --- [springCloudBus.anonymous.K9miLK_eQw-eGzg_S5I34Q-1] com.netflix.discovery.DiscoveryClient    : Single vip registry refresh property : null
2020-05-12 11:45:19.167  INFO [users-service,33b8e836bb63f9c6,33b8e836bb63f9c6,true] 10294 --- [springCloudBus.anonymous.K9miLK_eQw-eGzg_S5I34Q-1] com.netflix.discovery.DiscoveryClient    : Force full registry fetch : false
2020-05-12 11:45:19.167  INFO [users-service,33b8e836bb63f9c6,33b8e836bb63f9c6,true] 10294 --- [springCloudBus.anonymous.K9miLK_eQw-eGzg_S5I34Q-1] com.netflix.discovery.DiscoveryClient    : Application is null : false
2020-05-12 11:45:19.167  INFO [users-service,33b8e836bb63f9c6,33b8e836bb63f9c6,true] 10294 --- [springCloudBus.anonymous.K9miLK_eQw-eGzg_S5I34Q-1] com.netflix.discovery.DiscoveryClient    : Registered Applications size is zero : true
2020-05-12 11:45:19.167  INFO [users-service,33b8e836bb63f9c6,33b8e836bb63f9c6,true] 10294 --- [springCloudBus.anonymous.K9miLK_eQw-eGzg_S5I34Q-1] com.netflix.discovery.DiscoveryClient    : Application version is -1: true
2020-05-12 11:45:19.167  INFO [users-service,33b8e836bb63f9c6,33b8e836bb63f9c6,true] 10294 --- [springCloudBus.anonymous.K9miLK_eQw-eGzg_S5I34Q-1] com.netflix.discovery.DiscoveryClient    : Getting all instance registry info from the eureka server
2020-05-12 11:45:19.276  INFO [users-service,33b8e836bb63f9c6,33b8e836bb63f9c6,true] 10294 --- [springCloudBus.anonymous.K9miLK_eQw-eGzg_S5I34Q-1] com.netflix.discovery.DiscoveryClient    : The response status is 200
2020-05-12 11:45:19.277  INFO [users-service,33b8e836bb63f9c6,33b8e836bb63f9c6,true] 10294 --- [springCloudBus.anonymous.K9miLK_eQw-eGzg_S5I34Q-1] com.netflix.discovery.DiscoveryClient    : Starting heartbeat executor: renew interval is: 30
2020-05-12 11:45:19.277  INFO [users-service,33b8e836bb63f9c6,33b8e836bb63f9c6,true] 10294 --- [springCloudBus.anonymous.K9miLK_eQw-eGzg_S5I34Q-1] c.n.discovery.InstanceInfoReplicator     : InstanceInfoReplicator onDemand update allowed rate per min is 4
2020-05-12 11:45:19.279  INFO [users-service,33b8e836bb63f9c6,33b8e836bb63f9c6,true] 10294 --- [springCloudBus.anonymous.K9miLK_eQw-eGzg_S5I34Q-1] com.netflix.discovery.DiscoveryClient    : Discovery Client initialized at timestamp 1589273119279 with initial instances count: 4
2020-05-12 11:45:19.281  INFO [users-service,33b8e836bb63f9c6,33b8e836bb63f9c6,true] 10294 --- [springCloudBus.anonymous.K9miLK_eQw-eGzg_S5I34Q-1] o.s.c.n.e.s.EurekaServiceRegistry        : Unregistering application USERS-SERVICE with eureka with status DOWN
2020-05-12 11:45:19.281  WARN [users-service,33b8e836bb63f9c6,33b8e836bb63f9c6,true] 10294 --- [springCloudBus.anonymous.K9miLK_eQw-eGzg_S5I34Q-1] com.netflix.discovery.DiscoveryClient    : Saw local status change event StatusChangeEvent [timestamp=1589273119281, current=DOWN, previous=STARTING]
2020-05-12 11:45:19.282  INFO [users-service,33b8e836bb63f9c6,33b8e836bb63f9c6,true] 10294 --- [springCloudBus.anonymous.K9miLK_eQw-eGzg_S5I34Q-1] o.s.c.n.e.s.EurekaServiceRegistry        : Registering application USERS-SERVICE with eureka with status UP
2020-05-12 11:45:19.282  INFO [users-service,,,] 10294 --- [DiscoveryClient-InstanceInfoReplicator-0] com.netflix.discovery.DiscoveryClient    : DiscoveryClient_USERS-SERVICE/users-service:5e9290042863e97d11e9b36f01a2236d: registering service...
2020-05-12 11:45:19.283  WARN [users-service,33b8e836bb63f9c6,33b8e836bb63f9c6,true] 10294 --- [springCloudBus.anonymous.K9miLK_eQw-eGzg_S5I34Q-1] com.netflix.discovery.DiscoveryClient    : Saw local status change event StatusChangeEvent [timestamp=1589273119283, current=UP, previous=DOWN]
2020-05-12 11:45:19.283  INFO [users-service,33b8e836bb63f9c6,33b8e836bb63f9c6,true] 10294 --- [springCloudBus.anonymous.K9miLK_eQw-eGzg_S5I34Q-1] o.s.cloud.bus.event.RefreshListener      : Received remote refresh request. Keys refreshed []
2020-05-12 11:45:19.289  INFO [users-service,,,] 10294 --- [DiscoveryClient-InstanceInfoReplicator-0] com.netflix.discovery.DiscoveryClient    : DiscoveryClient_USERS-SERVICE/users-service:5e9290042863e97d11e9b36f01a2236d - registration status: 204
2020-05-12 11:45:19.291  INFO [users-service,,,] 10294 --- [DiscoveryClient-InstanceInfoReplicator-0] com.netflix.discovery.DiscoveryClient    : DiscoveryClient_USERS-SERVICE/users-service:5e9290042863e97d11e9b36f01a2236d: registering service...
2020-05-12 11:45:19.294  INFO [users-service,,,] 10294 --- [DiscoveryClient-InstanceInfoReplicator-0] com.netflix.discovery.DiscoveryClient    : DiscoveryClient_USERS-SERVICE/users-service:5e9290042863e97d11e9b36f01a2236d - registration status: 204
2020-05-12 11:50:19.157  INFO [users-service,,,] 10294 --- [AsyncResolver-bootstrap-executor-0] c.n.d.s.r.aws.ConfigClusterResolver      : Resolving eureka endpoints via configuration
2020-05-12 11:55:19.150  INFO [users-service,,,] 10294 --- [AsyncResolver-bootstrap-executor-0] c.n.d.s.r.aws.ConfigClusterResolver      : Resolving eureka endpoints via configuration
2020-05-12 12:00:19.144  INFO [users-service,,,] 10294 --- [AsyncResolver-bootstrap-executor-0] c.n.d.s.r.aws.ConfigClusterResolver      : Resolving eureka endpoints via configuration
2020-05-12 12:05:19.136  INFO [users-service,,,] 10294 --- [AsyncResolver-bootstrap-executor-0] c.n.d.s.r.aws.ConfigClusterResolver      : Resolving eureka endpoints via configuration
2020-05-12 12:10:19.132  INFO [users-service,,,] 10294 --- [AsyncResolver-bootstrap-executor-0] c.n.d.s.r.aws.ConfigClusterResolver      : Resolving eureka endpoints via configuration
2020-05-12 12:15:19.126  INFO [users-service,,,] 10294 --- [AsyncResolver-bootstrap-executor-0] c.n.d.s.r.aws.ConfigClusterResolver      : Resolving eureka endpoints via configuration
2020-05-12 12:20:19.125  INFO [users-service,,,] 10294 --- [AsyncResolver-bootstrap-executor-0] c.n.d.s.r.aws.ConfigClusterResolver      : Resolving eureka endpoints via configuration
2020-05-12 12:25:19.124  INFO [users-service,,,] 10294 --- [AsyncResolver-bootstrap-executor-0] c.n.d.s.r.aws.ConfigClusterResolver      : Resolving eureka endpoints via configuration
2020-05-12 12:30:19.119  INFO [users-service,,,] 10294 --- [AsyncResolver-bootstrap-executor-0] c.n.d.s.r.aws.ConfigClusterResolver      : Resolving eureka endpoints via configuration
2020-05-12 12:35:19.112  INFO [users-service,,,] 10294 --- [AsyncResolver-bootstrap-executor-0] c.n.d.s.r.aws.ConfigClusterResolver      : Resolving eureka endpoints via configuration
2020-05-12 12:40:19.107  INFO [users-service,,,] 10294 --- [AsyncResolver-bootstrap-executor-0] c.n.d.s.r.aws.ConfigClusterResolver      : Resolving eureka endpoints via configuration
2020-05-12 12:45:19.104  INFO [users-service,,,] 10294 --- [AsyncResolver-bootstrap-executor-0] c.n.d.s.r.aws.ConfigClusterResolver      : Resolving eureka endpoints via configuration
2020-05-12 12:50:19.099  INFO [users-service,,,] 10294 --- [AsyncResolver-bootstrap-executor-0] c.n.d.s.r.aws.ConfigClusterResolver      : Resolving eureka endpoints via configuration
2020-05-12 12:55:19.096  INFO [users-service,,,] 10294 --- [AsyncResolver-bootstrap-executor-0] c.n.d.s.r.aws.ConfigClusterResolver      : Resolving eureka endpoints via configuration
2020-05-12 13:00:19.092  INFO [users-service,,,] 10294 --- [AsyncResolver-bootstrap-executor-0] c.n.d.s.r.aws.ConfigClusterResolver      : Resolving eureka endpoints via configuration
2020-05-12 13:05:19.083  INFO [users-service,,,] 10294 --- [AsyncResolver-bootstrap-executor-0] c.n.d.s.r.aws.ConfigClusterResolver      : Resolving eureka endpoints via configuration
2020-05-12 13:07:33.173  INFO [users-service,,,] 10294 --- [RMI TCP Connection(3)-127.0.0.1] inMXBeanRegistrar$SpringApplicationAdmin : Application shutdown requested.
2020-05-12 13:07:33.180  INFO [users-service,,,] 10294 --- [RMI TCP Connection(3)-127.0.0.1] o.s.c.n.e.s.EurekaServiceRegistry        : Unregistering application USERS-SERVICE with eureka with status DOWN
2020-05-12 13:07:33.180  WARN [users-service,,,] 10294 --- [RMI TCP Connection(3)-127.0.0.1] com.netflix.discovery.DiscoveryClient    : Saw local status change event StatusChangeEvent [timestamp=1589278053180, current=DOWN, previous=UP]
2020-05-12 13:07:33.180  INFO [users-service,,,] 10294 --- [DiscoveryClient-InstanceInfoReplicator-0] com.netflix.discovery.DiscoveryClient    : DiscoveryClient_USERS-SERVICE/users-service:5e9290042863e97d11e9b36f01a2236d: registering service...
2020-05-12 13:07:33.186  INFO [users-service,,,] 10294 --- [DiscoveryClient-InstanceInfoReplicator-0] com.netflix.discovery.DiscoveryClient    : DiscoveryClient_USERS-SERVICE/users-service:5e9290042863e97d11e9b36f01a2236d - registration status: 204
2020-05-12 13:07:33.216  INFO [users-service,,,] 10294 --- [RMI TCP Connection(3)-127.0.0.1] o.s.a.r.l.SimpleMessageListenerContainer : Waiting for workers to finish.
2020-05-12 13:07:33.958  INFO [users-service,,,] 10294 --- [RMI TCP Connection(3)-127.0.0.1] o.s.a.r.l.SimpleMessageListenerContainer : Successfully waited for workers to finish.
2020-05-12 13:07:33.958  INFO [users-service,,,] 10294 --- [RMI TCP Connection(3)-127.0.0.1] o.s.i.a.i.AmqpInboundChannelAdapter      : stopped bean 'inbound.springCloudBus.anonymous.K9miLK_eQw-eGzg_S5I34Q'
2020-05-12 13:07:33.967  INFO [users-service,,,] 10294 --- [RMI TCP Connection(3)-127.0.0.1] o.s.c.stream.binder.BinderErrorChannel   : Channel 'application-1.springCloudBus.anonymous.K9miLK_eQw-eGzg_S5I34Q.errors' has 1 subscriber(s).
2020-05-12 13:07:33.968  INFO [users-service,,,] 10294 --- [RMI TCP Connection(3)-127.0.0.1] o.s.c.stream.binder.BinderErrorChannel   : Channel 'application-1.springCloudBus.anonymous.K9miLK_eQw-eGzg_S5I34Q.errors' has 0 subscriber(s).
2020-05-12 13:07:33.973  INFO [users-service,,,] 10294 --- [RMI TCP Connection(3)-127.0.0.1] o.s.i.endpoint.EventDrivenConsumer       : Removing {logging-channel-adapter:_org.springframework.integration.errorLogger} as a subscriber to the 'errorChannel' channel
2020-05-12 13:07:33.974  INFO [users-service,,,] 10294 --- [RMI TCP Connection(3)-127.0.0.1] o.s.i.channel.PublishSubscribeChannel    : Channel 'application-1.errorChannel' has 0 subscriber(s).
2020-05-12 13:07:33.974  INFO [users-service,,,] 10294 --- [RMI TCP Connection(3)-127.0.0.1] o.s.i.endpoint.EventDrivenConsumer       : stopped bean '_org.springframework.integration.errorLogger'
2020-05-12 13:07:33.998  INFO [users-service,,,] 10294 --- [RMI TCP Connection(3)-127.0.0.1] o.s.s.concurrent.ThreadPoolTaskExecutor  : Shutting down ExecutorService 'asyncExecutor'
2020-05-12 13:07:34.006  INFO [users-service,,,] 10294 --- [RMI TCP Connection(3)-127.0.0.1] o.s.s.c.ThreadPoolTaskScheduler          : Shutting down ExecutorService 'taskScheduler'
2020-05-12 13:07:34.224  INFO [users-service,,,] 10294 --- [RMI TCP Connection(3)-127.0.0.1] o.s.i.monitor.IntegrationMBeanExporter   : Summary on shutdown: bean 'springCloudBusInput'
2020-05-12 13:07:34.224  INFO [users-service,,,] 10294 --- [RMI TCP Connection(3)-127.0.0.1] o.s.i.monitor.IntegrationMBeanExporter   : Summary on shutdown: bean 'springCloudBusOutput'
2020-05-12 13:07:34.225  INFO [users-service,,,] 10294 --- [RMI TCP Connection(3)-127.0.0.1] o.s.i.monitor.IntegrationMBeanExporter   : Summary on shutdown: bean 'errorChannel'
2020-05-12 13:07:34.225  INFO [users-service,,,] 10294 --- [RMI TCP Connection(3)-127.0.0.1] o.s.i.monitor.IntegrationMBeanExporter   : Summary on shutdown: nullChannel
2020-05-12 13:07:34.225  INFO [users-service,,,] 10294 --- [RMI TCP Connection(3)-127.0.0.1] o.s.i.monitor.IntegrationMBeanExporter   : Summary on shutdown: org.springframework.cloud.stream.binding.StreamListenerMessageHandler@23183a8f
2020-05-12 13:07:34.225  INFO [users-service,,,] 10294 --- [RMI TCP Connection(3)-127.0.0.1] o.s.i.monitor.IntegrationMBeanExporter   : Summary on shutdown: bean '_org.springframework.integration.errorLogger.handler' for component '_org.springframework.integration.errorLogger'
2020-05-12 13:07:34.225  INFO [users-service,,,] 10294 --- [RMI TCP Connection(3)-127.0.0.1] com.netflix.discovery.DiscoveryClient    : Shutting down DiscoveryClient ...
2020-05-12 13:07:37.229  INFO [users-service,,,] 10294 --- [RMI TCP Connection(3)-127.0.0.1] com.netflix.discovery.DiscoveryClient    : Unregistering ...
2020-05-12 13:07:37.234  INFO [users-service,,,] 10294 --- [RMI TCP Connection(3)-127.0.0.1] com.netflix.discovery.DiscoveryClient    : DiscoveryClient_USERS-SERVICE/users-service:5e9290042863e97d11e9b36f01a2236d - deregister  status: 200
2020-05-12 13:07:37.242  INFO [users-service,,,] 10294 --- [RMI TCP Connection(3)-127.0.0.1] com.netflix.discovery.DiscoveryClient    : Completed shut down of DiscoveryClient
2020-05-12 13:07:37.252  INFO [users-service,,,] 10294 --- [RMI TCP Connection(3)-127.0.0.1] o.apache.catalina.core.StandardService   : Stopping service [Tomcat]
2020-05-12 13:07:37.256  INFO [users-service,,,] 10294 --- [RMI TCP Connection(3)-127.0.0.1] o.a.c.c.C.[Tomcat].[localhost].[/]       : Destroying Spring FrameworkServlet 'dispatcherServlet'
2020-05-12 13:07:37.261  WARN [users-service,,,] 10294 --- [RMI TCP Connection(3)-127.0.0.1] o.a.c.loader.WebappClassLoaderBase       : The web application [ROOT] appears to have started a thread named [RxIoScheduler-1 (Evictor)] but has failed to stop it. This is very likely to create a memory leak. Stack trace of thread:
 sun.misc.Unsafe.park(Native Method)
 java.util.concurrent.locks.LockSupport.parkNanos(LockSupport.java:215)
 java.util.concurrent.locks.AbstractQueuedSynchronizer$ConditionObject.awaitNanos(AbstractQueuedSynchronizer.java:2078)
 java.util.concurrent.ScheduledThreadPoolExecutor$DelayedWorkQueue.take(ScheduledThreadPoolExecutor.java:1093)
 java.util.concurrent.ScheduledThreadPoolExecutor$DelayedWorkQueue.take(ScheduledThreadPoolExecutor.java:809)
 java.util.concurrent.ThreadPoolExecutor.getTask(ThreadPoolExecutor.java:1074)
 java.util.concurrent.ThreadPoolExecutor.runWorker(ThreadPoolExecutor.java:1134)
 java.util.concurrent.ThreadPoolExecutor$Worker.run(ThreadPoolExecutor.java:624)
 java.lang.Thread.run(Thread.java:748)
