2020-05-25 11:53:31.336  INFO [products-service,,,] 62257 --- [restartedMain] c.c.c.ConfigServicePropertySourceLocator : Fetching config from server at : http://localhost:8012
2020-05-25 11:53:32.029  INFO [products-service,,,] 62257 --- [restartedMain] c.c.c.ConfigServicePropertySourceLocator : Located environment: name=configuration-server, profiles=[default], label=null, version=4f876a14706a0489088a4783ef1f4efeeceebe61, state=null
2020-05-25 11:53:32.030  INFO [products-service,,,] 62257 --- [restartedMain] b.c.PropertySourceBootstrapConfiguration : Located property source: [BootstrapPropertySource {name='bootstrapProperties-configClient'}, BootstrapPropertySource {name='bootstrapProperties-https://github.com/acho999/Configuration.git/application.properties'}]
2020-05-25 11:53:32.059  INFO [products-service,,,] 62257 --- [restartedMain] com.main.ProductsServiceApplication      : No active profile set, falling back to default profiles: default
2020-05-25 11:53:32.707  INFO [products-service,,,] 62257 --- [restartedMain] .s.d.r.c.RepositoryConfigurationDelegate : Bootstrapping Spring Data JPA repositories in DEFAULT mode.
2020-05-25 11:53:32.760  INFO [products-service,,,] 62257 --- [restartedMain] .s.d.r.c.RepositoryConfigurationDelegate : Finished Spring Data repository scanning in 46ms. Found 2 JPA repository interfaces.
2020-05-25 11:53:32.944  WARN [products-service,,,] 62257 --- [restartedMain] o.s.boot.actuate.endpoint.EndpointId     : Endpoint ID 'bus-env' contains invalid characters, please migrate to a valid format.
2020-05-25 11:53:33.207  WARN [products-service,,,] 62257 --- [restartedMain] o.s.boot.actuate.endpoint.EndpointId     : Endpoint ID 'bus-refresh' contains invalid characters, please migrate to a valid format.
2020-05-25 11:53:33.268  WARN [products-service,,,] 62257 --- [restartedMain] o.s.boot.actuate.endpoint.EndpointId     : Endpoint ID 'service-registry' contains invalid characters, please migrate to a valid format.
2020-05-25 11:53:33.597  INFO [products-service,,,] 62257 --- [restartedMain] o.s.cloud.context.scope.GenericScope     : BeanFactory id=e0a7d198-405a-3fc0-8a41-3b9330daf94a
2020-05-25 11:53:33.814  INFO [products-service,,,] 62257 --- [restartedMain] faultConfiguringBeanFactoryPostProcessor : No bean named 'errorChannel' has been explicitly defined. Therefore, a default PublishSubscribeChannel will be created.
2020-05-25 11:53:33.820  INFO [products-service,,,] 62257 --- [restartedMain] faultConfiguringBeanFactoryPostProcessor : No bean named 'taskScheduler' has been explicitly defined. Therefore, a default ThreadPoolTaskScheduler will be created.
2020-05-25 11:53:33.824  INFO [products-service,,,] 62257 --- [restartedMain] faultConfiguringBeanFactoryPostProcessor : No bean named 'integrationHeaderChannelRegistry' has been explicitly defined. Therefore, a default DefaultHeaderChannelRegistry will be created.
2020-05-25 11:53:34.095  INFO [products-service,,,] 62257 --- [restartedMain] trationDelegate$BeanPostProcessorChecker : Bean 'integrationChannelResolver' of type [org.springframework.integration.support.channel.BeanFactoryChannelResolver] is not eligible for getting processed by all BeanPostProcessors (for example: not eligible for auto-proxying)
2020-05-25 11:53:34.099  INFO [products-service,,,] 62257 --- [restartedMain] trationDelegate$BeanPostProcessorChecker : Bean 'integrationDisposableAutoCreatedBeans' of type [org.springframework.integration.config.annotation.Disposables] is not eligible for getting processed by all BeanPostProcessors (for example: not eligible for auto-proxying)
2020-05-25 11:53:34.135  INFO [products-service,,,] 62257 --- [restartedMain] trationDelegate$BeanPostProcessorChecker : Bean 'org.springframework.integration.config.IntegrationManagementConfiguration' of type [org.springframework.integration.config.IntegrationManagementConfiguration] is not eligible for getting processed by all BeanPostProcessors (for example: not eligible for auto-proxying)
2020-05-25 11:53:34.148  INFO [products-service,,,] 62257 --- [restartedMain] trationDelegate$BeanPostProcessorChecker : Bean 'org.springframework.boot.autoconfigure.integration.IntegrationAutoConfiguration$IntegrationJmxConfiguration' of type [org.springframework.boot.autoconfigure.integration.IntegrationAutoConfiguration$IntegrationJmxConfiguration] is not eligible for getting processed by all BeanPostProcessors (for example: not eligible for auto-proxying)
2020-05-25 11:53:34.158  INFO [products-service,,,] 62257 --- [restartedMain] trationDelegate$BeanPostProcessorChecker : Bean 'org.springframework.boot.autoconfigure.jmx.JmxAutoConfiguration' of type [org.springframework.boot.autoconfigure.jmx.JmxAutoConfiguration] is not eligible for getting processed by all BeanPostProcessors (for example: not eligible for auto-proxying)
2020-05-25 11:53:34.164  INFO [products-service,,,] 62257 --- [restartedMain] trationDelegate$BeanPostProcessorChecker : Bean 'mbeanServer' of type [com.sun.jmx.mbeanserver.JmxMBeanServer] is not eligible for getting processed by all BeanPostProcessors (for example: not eligible for auto-proxying)
2020-05-25 11:53:34.714  INFO [products-service,,,] 62257 --- [restartedMain] o.s.b.w.embedded.tomcat.TomcatWebServer  : Tomcat initialized with port(s): 0 (http)
2020-05-25 11:53:34.721  INFO [products-service,,,] 62257 --- [restartedMain] o.apache.catalina.core.StandardService   : Starting service [Tomcat]
2020-05-25 11:53:34.721  INFO [products-service,,,] 62257 --- [restartedMain] org.apache.catalina.core.StandardEngine  : Starting Servlet engine: [Apache Tomcat/9.0.31]
2020-05-25 11:53:34.825  INFO [products-service,,,] 62257 --- [restartedMain] o.a.c.c.C.[Tomcat].[localhost].[/]       : Initializing Spring embedded WebApplicationContext
2020-05-25 11:53:34.825  INFO [products-service,,,] 62257 --- [restartedMain] o.s.web.context.ContextLoader            : Root WebApplicationContext: initialization completed in 2753 ms
2020-05-25 11:53:34.963  WARN [products-service,,,] 62257 --- [restartedMain] c.n.c.sources.URLConfigurationSource     : No URLs will be polled as dynamic configuration sources.
2020-05-25 11:53:34.963  INFO [products-service,,,] 62257 --- [restartedMain] c.n.c.sources.URLConfigurationSource     : To enable URLs as dynamic configuration sources, define System property archaius.configurationSource.additionalUrls or make config.properties available on classpath.
2020-05-25 11:53:34.970  INFO [products-service,,,] 62257 --- [restartedMain] c.netflix.config.DynamicPropertyFactory  : DynamicPropertyFactory is initialized with configuration sources: com.netflix.config.ConcurrentCompositeConfiguration@4bb5498a
2020-05-25 11:53:35.588  WARN [products-service,,,] 62257 --- [restartedMain] o.s.c.s.zipkin2.ZipkinAutoConfiguration  : Check result of the [AsyncReporter{org.springframework.cloud.sleuth.zipkin2.sender.RestTemplateSender@2925f999}] contains an error [CheckResult{ok=false, error=java.lang.NullPointerException}]
2020-05-25 11:53:36.113  INFO [products-service,,,] 62257 --- [restartedMain] o.s.s.c.ThreadPoolTaskScheduler          : Initializing ExecutorService 'taskScheduler'
2020-05-25 11:53:36.648  INFO [products-service,,,] 62257 --- [restartedMain] o.hibernate.jpa.internal.util.LogHelper  : HHH000204: Processing PersistenceUnitInfo [name: default]
2020-05-25 11:53:36.709  INFO [products-service,,,] 62257 --- [restartedMain] org.hibernate.Version                    : HHH000412: Hibernate ORM core version 5.4.12.Final
2020-05-25 11:53:36.852  INFO [products-service,,,] 62257 --- [restartedMain] o.hibernate.annotations.common.Version   : HCANN000001: Hibernate Commons Annotations {5.1.0.Final}
2020-05-25 11:53:42.118  INFO [products-service,,,] 62257 --- [restartedMain] org.hibernate.dialect.Dialect            : HHH000400: Using dialect: org.hibernate.dialect.SQLServer2012Dialect
2020-05-25 11:53:48.648  INFO [products-service,,,] 62257 --- [restartedMain] o.h.e.t.j.p.i.JtaPlatformInitiator       : HHH000490: Using JtaPlatform implementation: [org.hibernate.engine.transaction.jta.platform.internal.NoJtaPlatform]
2020-05-25 11:53:48.658  INFO [products-service,,,] 62257 --- [restartedMain] j.LocalContainerEntityManagerFactoryBean : Initialized JPA EntityManagerFactory for persistence unit 'default'
2020-05-25 11:53:49.002  WARN [products-service,,,] 62257 --- [restartedMain] JpaBaseConfiguration$JpaWebConfiguration : spring.jpa.open-in-view is enabled by default. Therefore, database queries may be performed during view rendering. Explicitly configure spring.jpa.open-in-view to disable this warning
2020-05-25 11:53:49.079  INFO [products-service,,,] 62257 --- [restartedMain] o.s.s.concurrent.ThreadPoolTaskExecutor  : Initializing ExecutorService
2020-05-25 11:53:49.080  INFO [products-service,,,] 62257 --- [restartedMain] o.s.s.concurrent.ThreadPoolTaskExecutor  : Initializing ExecutorService 'asyncExecutor'
2020-05-25 11:53:49.170  INFO [products-service,,,] 62257 --- [restartedMain] .s.s.UserDetailsServiceAutoConfiguration : 

Using generated security password: 5d352772-2461-4f39-b4be-da211096f31c

2020-05-25 11:53:49.279  INFO [products-service,,,] 62257 --- [restartedMain] o.s.s.web.DefaultSecurityFilterChain     : Creating filter chain: any request, [org.springframework.security.web.context.request.async.WebAsyncManagerIntegrationFilter@5ee794c4, org.springframework.security.web.context.SecurityContextPersistenceFilter@7cb03d60, org.springframework.security.web.header.HeaderWriterFilter@39d15051, org.springframework.security.web.authentication.logout.LogoutFilter@38359a5f, com.main.security.AuthorizaionFilter@1922240f, org.springframework.security.web.savedrequest.RequestCacheAwareFilter@43c185b2, org.springframework.security.web.servletapi.SecurityContextHolderAwareRequestFilter@769cc93b, org.springframework.security.web.authentication.AnonymousAuthenticationFilter@29d7f659, org.springframework.security.web.session.SessionManagementFilter@dfd1bdd, org.springframework.security.web.access.ExceptionTranslationFilter@3a82ff5c, org.springframework.security.web.access.intercept.FilterSecurityInterceptor@32d41bfd]
2020-05-25 11:53:49.301  WARN [products-service,,,] 62257 --- [restartedMain] c.n.c.sources.URLConfigurationSource     : No URLs will be polled as dynamic configuration sources.
2020-05-25 11:53:49.301  INFO [products-service,,,] 62257 --- [restartedMain] c.n.c.sources.URLConfigurationSource     : To enable URLs as dynamic configuration sources, define System property archaius.configurationSource.additionalUrls or make config.properties available on classpath.
2020-05-25 11:53:50.238  WARN [products-service,,,] 62257 --- [restartedMain] o.s.b.d.a.OptionalLiveReloadServer       : Unable to start LiveReload server
2020-05-25 11:53:50.313  WARN [products-service,,,] 62257 --- [restartedMain] ockingLoadBalancerClientRibbonWarnLogger : You already have RibbonLoadBalancerClient on your classpath. It will be used by default. As Spring Cloud Ribbon is in maintenance mode. We recommend switching to BlockingLoadBalancerClient instead. In order to use it, set the value of `spring.cloud.loadbalancer.ribbon.enabled` to `false` or remove spring-cloud-starter-netflix-ribbon from your project.
2020-05-25 11:53:50.549  INFO [products-service,,,] 62257 --- [restartedMain] o.s.b.a.e.web.EndpointLinksResolver      : Exposing 23 endpoint(s) beneath base path '/actuator'
2020-05-25 11:53:50.756  INFO [products-service,,,] 62257 --- [restartedMain] o.s.c.s.m.DirectWithAttributesChannel    : Channel 'application-1.springCloudBusInput' has 1 subscriber(s).
2020-05-25 11:53:50.875  INFO [products-service,,,] 62257 --- [restartedMain] o.s.i.monitor.IntegrationMBeanExporter   : Registering MessageChannel nullChannel
2020-05-25 11:53:50.899  INFO [products-service,,,] 62257 --- [restartedMain] o.s.i.monitor.IntegrationMBeanExporter   : Registering MessageChannel errorChannel
2020-05-25 11:53:50.936  INFO [products-service,,,] 62257 --- [RMI TCP Connection(1)-127.0.0.1] o.a.c.c.C.[Tomcat].[localhost].[/]       : Initializing Spring DispatcherServlet 'dispatcherServlet'
2020-05-25 11:53:50.937  INFO [products-service,,,] 62257 --- [RMI TCP Connection(1)-127.0.0.1] o.s.web.servlet.DispatcherServlet        : Initializing Servlet 'dispatcherServlet'
2020-05-25 11:53:50.952  INFO [products-service,,,] 62257 --- [RMI TCP Connection(1)-127.0.0.1] o.s.web.servlet.DispatcherServlet        : Completed initialization in 15 ms
2020-05-25 11:53:50.991  INFO [products-service,,,] 62257 --- [restartedMain] o.s.i.monitor.IntegrationMBeanExporter   : Registering MessageChannel springCloudBusInput
2020-05-25 11:53:51.042  INFO [products-service,,,] 62257 --- [restartedMain] o.s.i.monitor.IntegrationMBeanExporter   : Registering MessageChannel springCloudBusOutput
2020-05-25 11:53:51.063  INFO [products-service,,,] 62257 --- [restartedMain] o.s.i.monitor.IntegrationMBeanExporter   : Registering MessageHandler errorLogger
2020-05-25 11:53:51.086  INFO [products-service,,,] 62257 --- [restartedMain] o.s.i.monitor.IntegrationMBeanExporter   : Registering MessageHandler org.springframework.cloud.stream.binding.StreamListenerMessageHandler@9fe5e73
2020-05-25 11:53:51.159  INFO [products-service,,,] 62257 --- [restartedMain] o.s.i.endpoint.EventDrivenConsumer       : Adding {logging-channel-adapter:_org.springframework.integration.errorLogger} as a subscriber to the 'errorChannel' channel
2020-05-25 11:53:51.160  INFO [products-service,,,] 62257 --- [restartedMain] o.s.i.channel.PublishSubscribeChannel    : Channel 'application-1.errorChannel' has 1 subscriber(s).
2020-05-25 11:53:51.160  INFO [products-service,,,] 62257 --- [restartedMain] o.s.i.endpoint.EventDrivenConsumer       : started bean '_org.springframework.integration.errorLogger'
2020-05-25 11:53:56.210  INFO [products-service,,,] 62257 --- [restartedMain] c.c.c.ConfigServicePropertySourceLocator : Fetching config from server at : http://localhost:8012
2020-05-25 11:53:56.794  INFO [products-service,,,] 62257 --- [restartedMain] c.c.c.ConfigServicePropertySourceLocator : Located environment: name=configuration-server, profiles=[default], label=null, version=4f876a14706a0489088a4783ef1f4efeeceebe61, state=null
2020-05-25 11:53:56.795  INFO [products-service,,,] 62257 --- [restartedMain] b.c.PropertySourceBootstrapConfiguration : Located property source: [BootstrapPropertySource {name='bootstrapProperties-configClient'}, BootstrapPropertySource {name='bootstrapProperties-https://github.com/acho999/Configuration.git/application.properties'}]
2020-05-25 11:53:56.951  INFO [products-service,,,] 62257 --- [restartedMain] o.s.a.r.c.CachingConnectionFactory       : Attempting to connect to: [localhost:5672]
2020-05-25 11:53:56.983  INFO [products-service,,,] 62257 --- [restartedMain] o.s.a.r.c.CachingConnectionFactory       : Created new connection: rabbitConnectionFactory#59d23048:0/SimpleConnection@23135ebd [delegate=amqp://guest@127.0.0.1:5672/, localPort= 55953]
2020-05-25 11:53:57.017  INFO [products-service,,,] 62257 --- [restartedMain] o.s.c.s.m.DirectWithAttributesChannel    : Channel 'application-1.springCloudBusOutput' has 1 subscriber(s).
2020-05-25 11:53:57.052  INFO [products-service,,,] 62257 --- [restartedMain] c.s.b.r.p.RabbitExchangeQueueProvisioner : declaring queue for inbound: springCloudBus.anonymous.X0eJuovNRbaGA1LYChMoWw, bound to: springCloudBus
2020-05-25 11:53:57.067  INFO [products-service,,,] 62257 --- [restartedMain] o.s.c.stream.binder.BinderErrorChannel   : Channel 'springCloudBus.anonymous.X0eJuovNRbaGA1LYChMoWw.errors' has 1 subscriber(s).
2020-05-25 11:53:57.068  INFO [products-service,,,] 62257 --- [restartedMain] o.s.c.stream.binder.BinderErrorChannel   : Channel 'springCloudBus.anonymous.X0eJuovNRbaGA1LYChMoWw.errors' has 2 subscriber(s).
2020-05-25 11:53:57.083  INFO [products-service,,,] 62257 --- [restartedMain] o.s.i.a.i.AmqpInboundChannelAdapter      : started bean 'inbound.springCloudBus.anonymous.X0eJuovNRbaGA1LYChMoWw'
2020-05-25 11:53:57.112  INFO [products-service,,,] 62257 --- [restartedMain] o.s.i.monitor.IntegrationMBeanExporter   : Registering MessageChannel springCloudBus.anonymous.X0eJuovNRbaGA1LYChMoWw.errors
2020-05-25 11:53:57.197  INFO [products-service,,,] 62257 --- [restartedMain] o.s.b.w.embedded.tomcat.TomcatWebServer  : Tomcat started on port(s): 55954 (http) with context path ''
2020-05-25 11:53:57.198  INFO [products-service,,,] 62257 --- [restartedMain] .s.c.n.e.s.EurekaAutoServiceRegistration : Updating port to 55954
2020-05-25 11:53:57.204  INFO [products-service,,,] 62257 --- [restartedMain] o.s.c.n.eureka.InstanceInfoFactory       : Setting initial instance status as: STARTING
2020-05-25 11:53:57.232  INFO [products-service,,,] 62257 --- [restartedMain] com.netflix.discovery.DiscoveryClient    : Initializing Eureka in region us-east-1
2020-05-25 11:53:57.280  INFO [products-service,,,] 62257 --- [restartedMain] c.n.d.provider.DiscoveryJerseyProvider   : Using JSON encoding codec LegacyJacksonJson
2020-05-25 11:53:57.280  INFO [products-service,,,] 62257 --- [restartedMain] c.n.d.provider.DiscoveryJerseyProvider   : Using JSON decoding codec LegacyJacksonJson
2020-05-25 11:53:57.376  INFO [products-service,,,] 62257 --- [restartedMain] c.n.d.provider.DiscoveryJerseyProvider   : Using XML encoding codec XStreamXml
2020-05-25 11:53:57.376  INFO [products-service,,,] 62257 --- [restartedMain] c.n.d.provider.DiscoveryJerseyProvider   : Using XML decoding codec XStreamXml
2020-05-25 11:53:57.529  INFO [products-service,,,] 62257 --- [restartedMain] c.n.d.s.r.aws.ConfigClusterResolver      : Resolving eureka endpoints via configuration
2020-05-25 11:53:57.544  INFO [products-service,,,] 62257 --- [restartedMain] com.netflix.discovery.DiscoveryClient    : Disable delta property : false
2020-05-25 11:53:57.544  INFO [products-service,,,] 62257 --- [restartedMain] com.netflix.discovery.DiscoveryClient    : Single vip registry refresh property : null
2020-05-25 11:53:57.544  INFO [products-service,,,] 62257 --- [restartedMain] com.netflix.discovery.DiscoveryClient    : Force full registry fetch : false
2020-05-25 11:53:57.544  INFO [products-service,,,] 62257 --- [restartedMain] com.netflix.discovery.DiscoveryClient    : Application is null : false
2020-05-25 11:53:57.544  INFO [products-service,,,] 62257 --- [restartedMain] com.netflix.discovery.DiscoveryClient    : Registered Applications size is zero : true
2020-05-25 11:53:57.544  INFO [products-service,,,] 62257 --- [restartedMain] com.netflix.discovery.DiscoveryClient    : Application version is -1: true
2020-05-25 11:53:57.544  INFO [products-service,,,] 62257 --- [restartedMain] com.netflix.discovery.DiscoveryClient    : Getting all instance registry info from the eureka server
2020-05-25 11:53:57.751  INFO [products-service,,,] 62257 --- [restartedMain] com.netflix.discovery.DiscoveryClient    : The response status is 200
2020-05-25 11:53:57.753  INFO [products-service,,,] 62257 --- [restartedMain] com.netflix.discovery.DiscoveryClient    : Starting heartbeat executor: renew interval is: 30
2020-05-25 11:53:57.755  INFO [products-service,,,] 62257 --- [restartedMain] c.n.discovery.InstanceInfoReplicator     : InstanceInfoReplicator onDemand update allowed rate per min is 4
2020-05-25 11:53:57.758  INFO [products-service,,,] 62257 --- [restartedMain] com.netflix.discovery.DiscoveryClient    : Discovery Client initialized at timestamp 1590396837757 with initial instances count: 3
2020-05-25 11:53:57.768  INFO [products-service,,,] 62257 --- [restartedMain] o.s.c.n.e.s.EurekaServiceRegistry        : Registering application PRODUCTS-SERVICE with eureka with status UP
2020-05-25 11:53:57.769  INFO [products-service,,,] 62257 --- [restartedMain] com.netflix.discovery.DiscoveryClient    : Saw local status change event StatusChangeEvent [timestamp=1590396837769, current=UP, previous=STARTING]
2020-05-25 11:53:57.771  INFO [products-service,,,] 62257 --- [DiscoveryClient-InstanceInfoReplicator-0] com.netflix.discovery.DiscoveryClient    : DiscoveryClient_PRODUCTS-SERVICE/products-service:b18b97952097b98389916c00430641e7: registering service...
2020-05-25 11:53:57.775  INFO [products-service,,,] 62257 --- [restartedMain] com.main.ProductsServiceApplication      : Started ProductsServiceApplication in 37.12 seconds (JVM running for 42.751)
2020-05-25 11:53:57.790  INFO [products-service,,,] 62257 --- [DiscoveryClient-InstanceInfoReplicator-0] com.netflix.discovery.DiscoveryClient    : DiscoveryClient_PRODUCTS-SERVICE/products-service:b18b97952097b98389916c00430641e7 - registration status: 204
2020-05-25 11:55:09.801  WARN [products-service,,,] 62257 --- [AsyncReporter{org.springframework.cloud.sleuth.zipkin2.sender.RestTemplateSender@2925f999}] z.r.AsyncReporter$BoundedAsyncReporter   : Spans were dropped due to exceptions. All subsequent errors will be logged at FINE level.
2020-05-25 11:55:09.806  WARN [products-service,,,] 62257 --- [AsyncReporter{org.springframework.cloud.sleuth.zipkin2.sender.RestTemplateSender@2925f999}] z.r.AsyncReporter$BoundedAsyncReporter   : Dropped 2 spans due to NullPointerException()

java.lang.NullPointerException: null
	at java.util.concurrent.ConcurrentHashMap.get(ConcurrentHashMap.java:936) ~[na:1.8.0_241]
	at java.util.concurrent.ConcurrentHashMap.containsKey(ConcurrentHashMap.java:964) ~[na:1.8.0_241]
	at org.springframework.cloud.context.named.NamedContextFactory.getContext(NamedContextFactory.java:98) ~[spring-cloud-context-2.2.1.RELEASE.jar:2.2.1.RELEASE]
	at org.springframework.cloud.netflix.ribbon.SpringClientFactory.getContext(SpringClientFactory.java:131) ~[spring-cloud-netflix-ribbon-2.2.1.RELEASE.jar:2.2.1.RELEASE]
	at org.springframework.cloud.context.named.NamedContextFactory.getInstance(NamedContextFactory.java:145) ~[spring-cloud-context-2.2.1.RELEASE.jar:2.2.1.RELEASE]
	at org.springframework.cloud.netflix.ribbon.SpringClientFactory.getInstance(SpringClientFactory.java:121) ~[spring-cloud-netflix-ribbon-2.2.1.RELEASE.jar:2.2.1.RELEASE]
	at org.springframework.cloud.netflix.ribbon.SpringClientFactory.getLoadBalancer(SpringClientFactory.java:65) ~[spring-cloud-netflix-ribbon-2.2.1.RELEASE.jar:2.2.1.RELEASE]
	at org.springframework.cloud.netflix.ribbon.RibbonLoadBalancerClient.getLoadBalancer(RibbonLoadBalancerClient.java:193) ~[spring-cloud-netflix-ribbon-2.2.1.RELEASE.jar:2.2.1.RELEASE]
	at org.springframework.cloud.netflix.ribbon.RibbonLoadBalancerClient.choose(RibbonLoadBalancerClient.java:88) ~[spring-cloud-netflix-ribbon-2.2.1.RELEASE.jar:2.2.1.RELEASE]
	at org.springframework.cloud.netflix.ribbon.RibbonLoadBalancerClient.choose(RibbonLoadBalancerClient.java:78) ~[spring-cloud-netflix-ribbon-2.2.1.RELEASE.jar:2.2.1.RELEASE]
	at org.springframework.cloud.sleuth.zipkin2.sender.LoadBalancerClientZipkinLoadBalancer.instance(LoadBalancerClientZipkinLoadBalancer.java:43) ~[spring-cloud-sleuth-zipkin-2.2.1.RELEASE.jar:2.2.1.RELEASE]
	at org.springframework.cloud.sleuth.zipkin2.sender.ZipkinRestTemplateSenderConfiguration$CachingZipkinUrlExtractor.zipkinUrl(ZipkinRestTemplateSenderConfiguration.java:93) ~[spring-cloud-sleuth-zipkin-2.2.1.RELEASE.jar:2.2.1.RELEASE]
	at org.springframework.cloud.sleuth.zipkin2.sender.ZipkinRestTemplateWrapper.doExecute(ZipkinRestTemplateSenderConfiguration.java:226) ~[spring-cloud-sleuth-zipkin-2.2.1.RELEASE.jar:2.2.1.RELEASE]
	at org.springframework.web.client.RestTemplate.exchange(RestTemplate.java:641) ~[spring-web-5.2.4.RELEASE.jar:5.2.4.RELEASE]
	at org.springframework.cloud.sleuth.zipkin2.sender.RestTemplateSender.post(RestTemplateSender.java:129) ~[spring-cloud-sleuth-zipkin-2.2.1.RELEASE.jar:2.2.1.RELEASE]
	at org.springframework.cloud.sleuth.zipkin2.sender.RestTemplateSender$HttpPostCall.doExecute(RestTemplateSender.java:142) ~[spring-cloud-sleuth-zipkin-2.2.1.RELEASE.jar:2.2.1.RELEASE]
	at org.springframework.cloud.sleuth.zipkin2.sender.RestTemplateSender$HttpPostCall.doExecute(RestTemplateSender.java:132) ~[spring-cloud-sleuth-zipkin-2.2.1.RELEASE.jar:2.2.1.RELEASE]
	at zipkin2.Call$Base.execute(Call.java:380) ~[zipkin-2.19.0.jar:na]
	at zipkin2.reporter.AsyncReporter$BoundedAsyncReporter.flush(AsyncReporter.java:285) ~[zipkin-reporter-2.11.0.jar:na]
	at zipkin2.reporter.AsyncReporter$Flusher.run(AsyncReporter.java:354) [zipkin-reporter-2.11.0.jar:na]
	at java.lang.Thread.run(Thread.java:748) [na:1.8.0_241]

2020-05-25 11:58:57.539  INFO [products-service,,,] 62257 --- [AsyncResolver-bootstrap-executor-0] c.n.d.s.r.aws.ConfigClusterResolver      : Resolving eureka endpoints via configuration
2020-05-25 12:00:24.571  INFO [products-service,,,] 62257 --- [RMI TCP Connection(4)-127.0.0.1] inMXBeanRegistrar$SpringApplicationAdmin : Application shutdown requested.
2020-05-25 12:00:24.572  INFO [products-service,,,] 62257 --- [RMI TCP Connection(4)-127.0.0.1] o.s.c.n.e.s.EurekaServiceRegistry        : Unregistering application PRODUCTS-SERVICE with eureka with status DOWN
2020-05-25 12:00:24.572  WARN [products-service,,,] 62257 --- [RMI TCP Connection(4)-127.0.0.1] com.netflix.discovery.DiscoveryClient    : Saw local status change event StatusChangeEvent [timestamp=1590397224572, current=DOWN, previous=UP]
2020-05-25 12:00:24.573  INFO [products-service,,,] 62257 --- [DiscoveryClient-InstanceInfoReplicator-0] com.netflix.discovery.DiscoveryClient    : DiscoveryClient_PRODUCTS-SERVICE/products-service:b18b97952097b98389916c00430641e7: registering service...
2020-05-25 12:00:24.577  INFO [products-service,,,] 62257 --- [DiscoveryClient-InstanceInfoReplicator-0] com.netflix.discovery.DiscoveryClient    : DiscoveryClient_PRODUCTS-SERVICE/products-service:b18b97952097b98389916c00430641e7 - registration status: 204
2020-05-25 12:00:24.594  INFO [products-service,,,] 62257 --- [RMI TCP Connection(4)-127.0.0.1] o.s.a.r.l.SimpleMessageListenerContainer : Waiting for workers to finish.
2020-05-25 12:00:24.998  INFO [products-service,,,] 62257 --- [RMI TCP Connection(4)-127.0.0.1] o.s.a.r.l.SimpleMessageListenerContainer : Successfully waited for workers to finish.
2020-05-25 12:00:24.998  INFO [products-service,,,] 62257 --- [RMI TCP Connection(4)-127.0.0.1] o.s.i.a.i.AmqpInboundChannelAdapter      : stopped bean 'inbound.springCloudBus.anonymous.X0eJuovNRbaGA1LYChMoWw'
2020-05-25 12:00:25.002  INFO [products-service,,,] 62257 --- [RMI TCP Connection(4)-127.0.0.1] o.s.c.stream.binder.BinderErrorChannel   : Channel 'application-1.springCloudBus.anonymous.X0eJuovNRbaGA1LYChMoWw.errors' has 1 subscriber(s).
2020-05-25 12:00:25.003  INFO [products-service,,,] 62257 --- [RMI TCP Connection(4)-127.0.0.1] o.s.c.stream.binder.BinderErrorChannel   : Channel 'application-1.springCloudBus.anonymous.X0eJuovNRbaGA1LYChMoWw.errors' has 0 subscriber(s).
2020-05-25 12:00:25.007  INFO [products-service,,,] 62257 --- [RMI TCP Connection(4)-127.0.0.1] o.s.i.endpoint.EventDrivenConsumer       : Removing {logging-channel-adapter:_org.springframework.integration.errorLogger} as a subscriber to the 'errorChannel' channel
2020-05-25 12:00:25.007  INFO [products-service,,,] 62257 --- [RMI TCP Connection(4)-127.0.0.1] o.s.i.channel.PublishSubscribeChannel    : Channel 'application-1.errorChannel' has 0 subscriber(s).
2020-05-25 12:00:25.007  INFO [products-service,,,] 62257 --- [RMI TCP Connection(4)-127.0.0.1] o.s.i.endpoint.EventDrivenConsumer       : stopped bean '_org.springframework.integration.errorLogger'
2020-05-25 12:00:25.015  INFO [products-service,,,] 62257 --- [RMI TCP Connection(4)-127.0.0.1] o.s.s.concurrent.ThreadPoolTaskExecutor  : Shutting down ExecutorService 'asyncExecutor'
2020-05-25 12:00:25.018  INFO [products-service,,,] 62257 --- [RMI TCP Connection(4)-127.0.0.1] o.s.s.c.ThreadPoolTaskScheduler          : Shutting down ExecutorService 'taskScheduler'
2020-05-25 12:00:25.590  INFO [products-service,,,] 62257 --- [RMI TCP Connection(4)-127.0.0.1] o.s.i.monitor.IntegrationMBeanExporter   : Summary on shutdown: nullChannel
2020-05-25 12:00:25.590  INFO [products-service,,,] 62257 --- [RMI TCP Connection(4)-127.0.0.1] o.s.i.monitor.IntegrationMBeanExporter   : Summary on shutdown: bean 'errorChannel'
2020-05-25 12:00:25.590  INFO [products-service,,,] 62257 --- [RMI TCP Connection(4)-127.0.0.1] o.s.i.monitor.IntegrationMBeanExporter   : Summary on shutdown: bean 'springCloudBusInput'
2020-05-25 12:00:25.590  INFO [products-service,,,] 62257 --- [RMI TCP Connection(4)-127.0.0.1] o.s.i.monitor.IntegrationMBeanExporter   : Summary on shutdown: bean 'springCloudBusOutput'
2020-05-25 12:00:25.590  INFO [products-service,,,] 62257 --- [RMI TCP Connection(4)-127.0.0.1] o.s.i.monitor.IntegrationMBeanExporter   : Summary on shutdown: bean '_org.springframework.integration.errorLogger.handler' for component '_org.springframework.integration.errorLogger'
2020-05-25 12:00:25.591  INFO [products-service,,,] 62257 --- [RMI TCP Connection(4)-127.0.0.1] o.s.i.monitor.IntegrationMBeanExporter   : Summary on shutdown: org.springframework.cloud.stream.binding.StreamListenerMessageHandler@9fe5e73
2020-05-25 12:00:25.591  INFO [products-service,,,] 62257 --- [RMI TCP Connection(4)-127.0.0.1] com.netflix.discovery.DiscoveryClient    : Shutting down DiscoveryClient ...
2020-05-25 12:00:28.593  INFO [products-service,,,] 62257 --- [RMI TCP Connection(4)-127.0.0.1] com.netflix.discovery.DiscoveryClient    : Unregistering ...
2020-05-25 12:00:28.593  WARN [products-service,,,] 62257 --- [DiscoveryClient-0] c.netflix.discovery.TimedSupervisorTask  : task supervisor shutting down, can't accept the task
2020-05-25 12:00:28.599  INFO [products-service,,,] 62257 --- [RMI TCP Connection(4)-127.0.0.1] com.netflix.discovery.DiscoveryClient    : DiscoveryClient_PRODUCTS-SERVICE/products-service:b18b97952097b98389916c00430641e7 - deregister  status: 200
2020-05-25 12:00:28.607  INFO [products-service,,,] 62257 --- [RMI TCP Connection(4)-127.0.0.1] com.netflix.discovery.DiscoveryClient    : Completed shut down of DiscoveryClient
2020-05-25 12:00:28.616  INFO [products-service,,,] 62257 --- [RMI TCP Connection(4)-127.0.0.1] o.apache.catalina.core.StandardService   : Stopping service [Tomcat]
2020-05-25 12:00:28.619  INFO [products-service,,,] 62257 --- [RMI TCP Connection(4)-127.0.0.1] o.a.c.c.C.[Tomcat].[localhost].[/]       : Destroying Spring FrameworkServlet 'dispatcherServlet'
