2020-05-11 12:18:51.534  INFO [zuul,,,] 27312 --- [restartedMain] c.c.c.ConfigServicePropertySourceLocator : Fetching config from server at : http://localhost:8012
2020-05-11 12:18:52.223  INFO [zuul,,,] 27312 --- [restartedMain] c.c.c.ConfigServicePropertySourceLocator : Located environment: name=zuul, profiles=[default], label=null, version=c3ab5984c663b2a0d6fcf212f71d624c618bd4d6, state=null
2020-05-11 12:18:52.224  INFO [zuul,,,] 27312 --- [restartedMain] b.c.PropertySourceBootstrapConfiguration : Located property source: [BootstrapPropertySource {name='bootstrapProperties-configClient'}, BootstrapPropertySource {name='bootstrapProperties-https://github.com/acho999/Configuration.git/zuul.properties'}, BootstrapPropertySource {name='bootstrapProperties-https://github.com/acho999/Configuration.git/application.properties'}]
2020-05-11 12:18:52.253  INFO [zuul,,,] 27312 --- [restartedMain] c.main.AuthenticationServiceApplication  : No active profile set, falling back to default profiles: default
2020-05-11 12:18:52.910  INFO [zuul,,,] 27312 --- [restartedMain] .s.d.r.c.RepositoryConfigurationDelegate : Bootstrapping Spring Data JPA repositories in DEFAULT mode.
2020-05-11 12:18:52.964  INFO [zuul,,,] 27312 --- [restartedMain] .s.d.r.c.RepositoryConfigurationDelegate : Finished Spring Data repository scanning in 46ms. Found 2 JPA repository interfaces.
2020-05-11 12:18:53.141  WARN [zuul,,,] 27312 --- [restartedMain] o.s.boot.actuate.endpoint.EndpointId     : Endpoint ID 'bus-env' contains invalid characters, please migrate to a valid format.
2020-05-11 12:18:53.386  WARN [zuul,,,] 27312 --- [restartedMain] o.s.boot.actuate.endpoint.EndpointId     : Endpoint ID 'bus-refresh' contains invalid characters, please migrate to a valid format.
2020-05-11 12:18:53.450  WARN [zuul,,,] 27312 --- [restartedMain] o.s.boot.actuate.endpoint.EndpointId     : Endpoint ID 'service-registry' contains invalid characters, please migrate to a valid format.
2020-05-11 12:18:53.534  WARN [zuul,,,] 27312 --- [restartedMain] o.s.boot.actuate.endpoint.EndpointId     : Endpoint ID 'hystrix.stream' contains invalid characters, please migrate to a valid format.
2020-05-11 12:18:53.807  INFO [zuul,,,] 27312 --- [restartedMain] o.s.cloud.context.scope.GenericScope     : BeanFactory id=88e48811-afcd-30b3-9436-32a85807da69
2020-05-11 12:18:54.016  INFO [zuul,,,] 27312 --- [restartedMain] faultConfiguringBeanFactoryPostProcessor : No bean named 'errorChannel' has been explicitly defined. Therefore, a default PublishSubscribeChannel will be created.
2020-05-11 12:18:54.021  INFO [zuul,,,] 27312 --- [restartedMain] faultConfiguringBeanFactoryPostProcessor : No bean named 'taskScheduler' has been explicitly defined. Therefore, a default ThreadPoolTaskScheduler will be created.
2020-05-11 12:18:54.025  INFO [zuul,,,] 27312 --- [restartedMain] faultConfiguringBeanFactoryPostProcessor : No bean named 'integrationHeaderChannelRegistry' has been explicitly defined. Therefore, a default DefaultHeaderChannelRegistry will be created.
2020-05-11 12:18:54.275  INFO [zuul,,,] 27312 --- [restartedMain] trationDelegate$BeanPostProcessorChecker : Bean 'integrationChannelResolver' of type [org.springframework.integration.support.channel.BeanFactoryChannelResolver] is not eligible for getting processed by all BeanPostProcessors (for example: not eligible for auto-proxying)
2020-05-11 12:18:54.281  INFO [zuul,,,] 27312 --- [restartedMain] trationDelegate$BeanPostProcessorChecker : Bean 'integrationDisposableAutoCreatedBeans' of type [org.springframework.integration.config.annotation.Disposables] is not eligible for getting processed by all BeanPostProcessors (for example: not eligible for auto-proxying)
2020-05-11 12:18:54.316  INFO [zuul,,,] 27312 --- [restartedMain] trationDelegate$BeanPostProcessorChecker : Bean 'org.springframework.integration.config.IntegrationManagementConfiguration' of type [org.springframework.integration.config.IntegrationManagementConfiguration] is not eligible for getting processed by all BeanPostProcessors (for example: not eligible for auto-proxying)
2020-05-11 12:18:54.329  INFO [zuul,,,] 27312 --- [restartedMain] trationDelegate$BeanPostProcessorChecker : Bean 'org.springframework.boot.autoconfigure.integration.IntegrationAutoConfiguration$IntegrationJmxConfiguration' of type [org.springframework.boot.autoconfigure.integration.IntegrationAutoConfiguration$IntegrationJmxConfiguration] is not eligible for getting processed by all BeanPostProcessors (for example: not eligible for auto-proxying)
2020-05-11 12:18:54.340  INFO [zuul,,,] 27312 --- [restartedMain] trationDelegate$BeanPostProcessorChecker : Bean 'org.springframework.boot.autoconfigure.jmx.JmxAutoConfiguration' of type [org.springframework.boot.autoconfigure.jmx.JmxAutoConfiguration] is not eligible for getting processed by all BeanPostProcessors (for example: not eligible for auto-proxying)
2020-05-11 12:18:54.346  INFO [zuul,,,] 27312 --- [restartedMain] trationDelegate$BeanPostProcessorChecker : Bean 'mbeanServer' of type [com.sun.jmx.mbeanserver.JmxMBeanServer] is not eligible for getting processed by all BeanPostProcessors (for example: not eligible for auto-proxying)
2020-05-11 12:18:54.916  INFO [zuul,,,] 27312 --- [restartedMain] o.s.b.w.embedded.tomcat.TomcatWebServer  : Tomcat initialized with port(s): 8011 (http)
2020-05-11 12:18:54.923  INFO [zuul,,,] 27312 --- [restartedMain] o.apache.catalina.core.StandardService   : Starting service [Tomcat]
2020-05-11 12:18:54.924  INFO [zuul,,,] 27312 --- [restartedMain] org.apache.catalina.core.StandardEngine  : Starting Servlet engine: [Apache Tomcat/9.0.31]
2020-05-11 12:18:55.024  INFO [zuul,,,] 27312 --- [restartedMain] o.a.c.c.C.[Tomcat].[localhost].[/]       : Initializing Spring embedded WebApplicationContext
2020-05-11 12:18:55.024  INFO [zuul,,,] 27312 --- [restartedMain] o.s.web.context.ContextLoader            : Root WebApplicationContext: initialization completed in 2757 ms
2020-05-11 12:18:55.171  WARN [zuul,,,] 27312 --- [restartedMain] c.n.c.sources.URLConfigurationSource     : No URLs will be polled as dynamic configuration sources.
2020-05-11 12:18:55.172  INFO [zuul,,,] 27312 --- [restartedMain] c.n.c.sources.URLConfigurationSource     : To enable URLs as dynamic configuration sources, define System property archaius.configurationSource.additionalUrls or make config.properties available on classpath.
2020-05-11 12:18:55.178  INFO [zuul,,,] 27312 --- [restartedMain] c.netflix.config.DynamicPropertyFactory  : DynamicPropertyFactory is initialized with configuration sources: com.netflix.config.ConcurrentCompositeConfiguration@6eb725ac
2020-05-11 12:18:55.308  WARN [zuul,,,] 27312 --- [restartedMain] JpaBaseConfiguration$JpaWebConfiguration : spring.jpa.open-in-view is enabled by default. Therefore, database queries may be performed during view rendering. Explicitly configure spring.jpa.open-in-view to disable this warning
2020-05-11 12:18:55.405  INFO [zuul,,,] 27312 --- [restartedMain] o.hibernate.jpa.internal.util.LogHelper  : HHH000204: Processing PersistenceUnitInfo [name: default]
2020-05-11 12:18:55.461  INFO [zuul,,,] 27312 --- [restartedMain] org.hibernate.Version                    : HHH000412: Hibernate ORM core version 5.4.12.Final
2020-05-11 12:18:55.567  INFO [zuul,,,] 27312 --- [restartedMain] o.hibernate.annotations.common.Version   : HCANN000001: Hibernate Commons Annotations {5.1.0.Final}
2020-05-11 12:19:00.889  INFO [zuul,,,] 27312 --- [restartedMain] org.hibernate.dialect.Dialect            : HHH000400: Using dialect: org.hibernate.dialect.SQLServer2012Dialect
2020-05-11 12:19:06.937  INFO [zuul,,,] 27312 --- [restartedMain] o.h.e.t.j.p.i.JtaPlatformInitiator       : HHH000490: Using JtaPlatform implementation: [org.hibernate.engine.transaction.jta.platform.internal.NoJtaPlatform]
2020-05-11 12:19:06.946  INFO [zuul,,,] 27312 --- [restartedMain] j.LocalContainerEntityManagerFactoryBean : Initialized JPA EntityManagerFactory for persistence unit 'default'
2020-05-11 12:19:07.508  WARN [zuul,,,] 27312 --- [restartedMain] o.s.c.s.zipkin2.ZipkinAutoConfiguration  : Check result of the [AsyncReporter{org.springframework.cloud.sleuth.zipkin2.sender.RestTemplateSender@3e0ed893}] contains an error [CheckResult{ok=false, error=java.lang.NullPointerException}]
2020-05-11 12:19:07.976  INFO [zuul,,,] 27312 --- [restartedMain] o.s.s.c.ThreadPoolTaskScheduler          : Initializing ExecutorService 'taskScheduler'
2020-05-11 12:19:08.393  INFO [zuul,,,] 27312 --- [restartedMain] o.s.b.a.e.web.ServletEndpointRegistrar   : Registered '/actuator/hystrix.stream' to hystrix.stream-actuator-endpoint
2020-05-11 12:19:09.060  INFO [zuul,,,] 27312 --- [restartedMain] o.s.s.web.DefaultSecurityFilterChain     : Creating filter chain: any request, [org.springframework.security.web.context.request.async.WebAsyncManagerIntegrationFilter@4824e6fa, org.springframework.security.web.context.SecurityContextPersistenceFilter@586350dc, org.springframework.security.web.header.HeaderWriterFilter@1425c918, org.springframework.security.web.authentication.logout.LogoutFilter@23c3f314, com.main.security.AuthorizaionFilter@1e4de380, org.springframework.security.web.savedrequest.RequestCacheAwareFilter@15260866, org.springframework.security.web.servletapi.SecurityContextHolderAwareRequestFilter@4ed62770, org.springframework.security.web.authentication.AnonymousAuthenticationFilter@5679e734, org.springframework.security.web.session.SessionManagementFilter@6f4d5e5, org.springframework.security.web.access.ExceptionTranslationFilter@2ad18baf, org.springframework.security.web.access.intercept.FilterSecurityInterceptor@306ebab1]
2020-05-11 12:19:09.088  WARN [zuul,,,] 27312 --- [restartedMain] c.n.c.sources.URLConfigurationSource     : No URLs will be polled as dynamic configuration sources.
2020-05-11 12:19:09.088  INFO [zuul,,,] 27312 --- [restartedMain] c.n.c.sources.URLConfigurationSource     : To enable URLs as dynamic configuration sources, define System property archaius.configurationSource.additionalUrls or make config.properties available on classpath.
2020-05-11 12:19:09.239  INFO [zuul,,,] 27312 --- [restartedMain] o.s.s.concurrent.ThreadPoolTaskExecutor  : Initializing ExecutorService 'applicationTaskExecutor'
2020-05-11 12:19:09.994  WARN [zuul,,,] 27312 --- [restartedMain] o.s.b.d.a.OptionalLiveReloadServer       : Unable to start LiveReload server
2020-05-11 12:19:10.049  WARN [zuul,,,] 27312 --- [restartedMain] ockingLoadBalancerClientRibbonWarnLogger : You already have RibbonLoadBalancerClient on your classpath. It will be used by default. As Spring Cloud Ribbon is in maintenance mode. We recommend switching to BlockingLoadBalancerClient instead. In order to use it, set the value of `spring.cloud.loadbalancer.ribbon.enabled` to `false` or remove spring-cloud-starter-netflix-ribbon from your project.
2020-05-11 12:19:10.275  INFO [zuul,,,] 27312 --- [restartedMain] o.s.c.n.zuul.ZuulFilterInitializer       : Starting filter initializer
2020-05-11 12:19:10.373  INFO [zuul,,,] 27312 --- [restartedMain] o.s.b.a.e.web.EndpointLinksResolver      : Exposing 26 endpoint(s) beneath base path '/actuator'
2020-05-11 12:19:10.547  INFO [zuul,,,] 27312 --- [restartedMain] o.s.c.s.m.DirectWithAttributesChannel    : Channel 'application-1.springCloudBusInput' has 1 subscriber(s).
2020-05-11 12:19:10.660  INFO [zuul,,,] 27312 --- [restartedMain] o.s.i.monitor.IntegrationMBeanExporter   : Registering MessageChannel nullChannel
2020-05-11 12:19:10.679  INFO [zuul,,,] 27312 --- [restartedMain] o.s.i.monitor.IntegrationMBeanExporter   : Registering MessageChannel springCloudBusInput
2020-05-11 12:19:10.746  INFO [zuul,,,] 27312 --- [restartedMain] o.s.i.monitor.IntegrationMBeanExporter   : Registering MessageChannel springCloudBusOutput
2020-05-11 12:19:10.754  INFO [zuul,,,] 27312 --- [restartedMain] o.s.i.monitor.IntegrationMBeanExporter   : Registering MessageChannel errorChannel
2020-05-11 12:19:10.800  INFO [zuul,,,] 27312 --- [restartedMain] o.s.i.monitor.IntegrationMBeanExporter   : Registering MessageHandler org.springframework.cloud.stream.binding.StreamListenerMessageHandler@1d140274
2020-05-11 12:19:10.881  INFO [zuul,,,] 27312 --- [restartedMain] o.s.i.monitor.IntegrationMBeanExporter   : Registering MessageHandler errorLogger
2020-05-11 12:19:10.923  INFO [zuul,,,] 27312 --- [restartedMain] o.s.i.endpoint.EventDrivenConsumer       : Adding {logging-channel-adapter:_org.springframework.integration.errorLogger} as a subscriber to the 'errorChannel' channel
2020-05-11 12:19:10.923  INFO [zuul,,,] 27312 --- [restartedMain] o.s.i.channel.PublishSubscribeChannel    : Channel 'application-1.errorChannel' has 1 subscriber(s).
2020-05-11 12:19:10.924  INFO [zuul,,,] 27312 --- [restartedMain] o.s.i.endpoint.EventDrivenConsumer       : started bean '_org.springframework.integration.errorLogger'
2020-05-11 12:19:15.984  INFO [zuul,,,] 27312 --- [restartedMain] c.c.c.ConfigServicePropertySourceLocator : Fetching config from server at : http://localhost:8012
2020-05-11 12:19:16.596  INFO [zuul,,,] 27312 --- [restartedMain] c.c.c.ConfigServicePropertySourceLocator : Located environment: name=zuul, profiles=[default], label=null, version=c3ab5984c663b2a0d6fcf212f71d624c618bd4d6, state=null
2020-05-11 12:19:16.596  INFO [zuul,,,] 27312 --- [restartedMain] b.c.PropertySourceBootstrapConfiguration : Located property source: [BootstrapPropertySource {name='bootstrapProperties-configClient'}, BootstrapPropertySource {name='bootstrapProperties-https://github.com/acho999/Configuration.git/zuul.properties'}, BootstrapPropertySource {name='bootstrapProperties-https://github.com/acho999/Configuration.git/application.properties'}]
2020-05-11 12:19:16.739  INFO [zuul,,,] 27312 --- [restartedMain] o.s.c.n.eureka.InstanceInfoFactory       : Setting initial instance status as: STARTING
2020-05-11 12:19:16.767  INFO [zuul,,,] 27312 --- [restartedMain] com.netflix.discovery.DiscoveryClient    : Initializing Eureka in region us-east-1
2020-05-11 12:19:16.802  INFO [zuul,,,] 27312 --- [restartedMain] c.n.d.provider.DiscoveryJerseyProvider   : Using JSON encoding codec LegacyJacksonJson
2020-05-11 12:19:16.803  INFO [zuul,,,] 27312 --- [restartedMain] c.n.d.provider.DiscoveryJerseyProvider   : Using JSON decoding codec LegacyJacksonJson
2020-05-11 12:19:16.900  INFO [zuul,,,] 27312 --- [restartedMain] c.n.d.provider.DiscoveryJerseyProvider   : Using XML encoding codec XStreamXml
2020-05-11 12:19:16.901  INFO [zuul,,,] 27312 --- [restartedMain] c.n.d.provider.DiscoveryJerseyProvider   : Using XML decoding codec XStreamXml
2020-05-11 12:19:17.054  INFO [zuul,,,] 27312 --- [restartedMain] c.n.d.s.r.aws.ConfigClusterResolver      : Resolving eureka endpoints via configuration
2020-05-11 12:19:17.068  INFO [zuul,,,] 27312 --- [restartedMain] com.netflix.discovery.DiscoveryClient    : Disable delta property : false
2020-05-11 12:19:17.069  INFO [zuul,,,] 27312 --- [restartedMain] com.netflix.discovery.DiscoveryClient    : Single vip registry refresh property : null
2020-05-11 12:19:17.069  INFO [zuul,,,] 27312 --- [restartedMain] com.netflix.discovery.DiscoveryClient    : Force full registry fetch : false
2020-05-11 12:19:17.069  INFO [zuul,,,] 27312 --- [restartedMain] com.netflix.discovery.DiscoveryClient    : Application is null : false
2020-05-11 12:19:17.069  INFO [zuul,,,] 27312 --- [restartedMain] com.netflix.discovery.DiscoveryClient    : Registered Applications size is zero : true
2020-05-11 12:19:17.069  INFO [zuul,,,] 27312 --- [restartedMain] com.netflix.discovery.DiscoveryClient    : Application version is -1: true
2020-05-11 12:19:17.069  INFO [zuul,,,] 27312 --- [restartedMain] com.netflix.discovery.DiscoveryClient    : Getting all instance registry info from the eureka server
2020-05-11 12:19:17.281  INFO [zuul,,,] 27312 --- [restartedMain] com.netflix.discovery.DiscoveryClient    : The response status is 200
2020-05-11 12:19:17.283  INFO [zuul,,,] 27312 --- [restartedMain] com.netflix.discovery.DiscoveryClient    : Starting heartbeat executor: renew interval is: 30
2020-05-11 12:19:17.285  INFO [zuul,,,] 27312 --- [restartedMain] c.n.discovery.InstanceInfoReplicator     : InstanceInfoReplicator onDemand update allowed rate per min is 4
2020-05-11 12:19:17.289  INFO [zuul,,,] 27312 --- [restartedMain] com.netflix.discovery.DiscoveryClient    : Discovery Client initialized at timestamp 1589188757288 with initial instances count: 3
2020-05-11 12:19:17.377  INFO [zuul,,,] 27312 --- [restartedMain] o.s.a.r.c.CachingConnectionFactory       : Attempting to connect to: [localhost:5672]
2020-05-11 12:19:17.409  INFO [zuul,,,] 27312 --- [restartedMain] o.s.a.r.c.CachingConnectionFactory       : Created new connection: rabbitConnectionFactory#4fb381d8:0/SimpleConnection@2080e650 [delegate=amqp://guest@127.0.0.1:5672/, localPort= 51194]
2020-05-11 12:19:17.443  INFO [zuul,,,] 27312 --- [restartedMain] o.s.c.s.m.DirectWithAttributesChannel    : Channel 'application-1.springCloudBusOutput' has 1 subscriber(s).
2020-05-11 12:19:17.446  INFO [zuul,,,] 27312 --- [restartedMain] o.s.c.n.e.s.EurekaServiceRegistry        : Registering application ZUUL with eureka with status UP
2020-05-11 12:19:17.446  INFO [zuul,,,] 27312 --- [restartedMain] com.netflix.discovery.DiscoveryClient    : Saw local status change event StatusChangeEvent [timestamp=1589188757446, current=UP, previous=STARTING]
2020-05-11 12:19:17.448  INFO [zuul,,,] 27312 --- [DiscoveryClient-InstanceInfoReplicator-0] com.netflix.discovery.DiscoveryClient    : DiscoveryClient_ZUUL/192.168.0.103:zuul:8011: registering service...
2020-05-11 12:19:17.471  INFO [zuul,,,] 27312 --- [DiscoveryClient-InstanceInfoReplicator-0] com.netflix.discovery.DiscoveryClient    : DiscoveryClient_ZUUL/192.168.0.103:zuul:8011 - registration status: 204
2020-05-11 12:19:17.485  INFO [zuul,,,] 27312 --- [restartedMain] c.s.b.r.p.RabbitExchangeQueueProvisioner : declaring queue for inbound: springCloudBus.anonymous.VXaT_0QVSMunxc0PlxS5Dg, bound to: springCloudBus
2020-05-11 12:19:17.503  INFO [zuul,,,] 27312 --- [restartedMain] o.s.c.stream.binder.BinderErrorChannel   : Channel 'springCloudBus.anonymous.VXaT_0QVSMunxc0PlxS5Dg.errors' has 1 subscriber(s).
2020-05-11 12:19:17.503  INFO [zuul,,,] 27312 --- [restartedMain] o.s.c.stream.binder.BinderErrorChannel   : Channel 'springCloudBus.anonymous.VXaT_0QVSMunxc0PlxS5Dg.errors' has 2 subscriber(s).
2020-05-11 12:19:17.518  INFO [zuul,,,] 27312 --- [restartedMain] o.s.i.a.i.AmqpInboundChannelAdapter      : started bean 'inbound.springCloudBus.anonymous.VXaT_0QVSMunxc0PlxS5Dg'
2020-05-11 12:19:17.545  INFO [zuul,,,] 27312 --- [restartedMain] o.s.i.monitor.IntegrationMBeanExporter   : Registering MessageChannel springCloudBus.anonymous.VXaT_0QVSMunxc0PlxS5Dg.errors
2020-05-11 12:19:17.630  INFO [zuul,,,] 27312 --- [restartedMain] o.s.b.w.embedded.tomcat.TomcatWebServer  : Tomcat started on port(s): 8011 (http) with context path ''
2020-05-11 12:19:17.631  INFO [zuul,,,] 27312 --- [restartedMain] .s.c.n.e.s.EurekaAutoServiceRegistration : Updating port to 8011
2020-05-11 12:19:17.635  INFO [zuul,,,] 27312 --- [restartedMain] c.main.AuthenticationServiceApplication  : Started AuthenticationServiceApplication in 36.743 seconds (JVM running for 42.386)
2020-05-11 12:19:41.868  INFO [zuul,dff895cfc6ec54b2,dff895cfc6ec54b2,true] 27312 --- [http-nio-8011-exec-2] c.netflix.config.ChainedDynamicProperty  : Flipping property: users-service.ribbon.ActiveConnectionsLimit to use NEXT property: niws.loadbalancer.availabilityFilteringRule.activeConnectionsLimit = 2147483647
2020-05-11 12:19:41.902  INFO [zuul,dff895cfc6ec54b2,dff895cfc6ec54b2,true] 27312 --- [http-nio-8011-exec-2] c.n.u.concurrent.ShutdownEnabledTimer    : Shutdown hook installed for: NFLoadBalancer-PingTimer-users-service
2020-05-11 12:19:41.903  INFO [zuul,dff895cfc6ec54b2,dff895cfc6ec54b2,true] 27312 --- [http-nio-8011-exec-2] c.netflix.loadbalancer.BaseLoadBalancer  : Client: users-service instantiated a LoadBalancer: DynamicServerListLoadBalancer:{NFLoadBalancer:name=users-service,current list of Servers=[],Load balancer stats=Zone stats: {},Server stats: []}ServerList:null
2020-05-11 12:19:41.909  INFO [zuul,dff895cfc6ec54b2,dff895cfc6ec54b2,true] 27312 --- [http-nio-8011-exec-2] c.n.l.DynamicServerListLoadBalancer      : Using serverListUpdater PollingServerListUpdater
2020-05-11 12:19:41.929  INFO [zuul,dff895cfc6ec54b2,dff895cfc6ec54b2,true] 27312 --- [http-nio-8011-exec-2] c.netflix.config.ChainedDynamicProperty  : Flipping property: users-service.ribbon.ActiveConnectionsLimit to use NEXT property: niws.loadbalancer.availabilityFilteringRule.activeConnectionsLimit = 2147483647
2020-05-11 12:19:41.931  INFO [zuul,dff895cfc6ec54b2,dff895cfc6ec54b2,true] 27312 --- [http-nio-8011-exec-2] c.n.l.DynamicServerListLoadBalancer      : DynamicServerListLoadBalancer for client users-service initialized: DynamicServerListLoadBalancer:{NFLoadBalancer:name=users-service,current list of Servers=[192.168.0.103:51166],Load balancer stats=Zone stats: {defaultzone=[Zone:defaultzone;	Instance count:1;	Active connections count: 0;	Circuit breaker tripped count: 0;	Active connections per server: 0.0;]
},Server stats: [[Server:192.168.0.103:51166;	Zone:defaultZone;	Total Requests:0;	Successive connection failure:0;	Total blackout seconds:0;	Last connection made:Thu Jan 01 02:00:00 EET 1970;	First connection made: Thu Jan 01 02:00:00 EET 1970;	Active Connections:0;	total failure count in last (1000) msecs:0;	average resp time:0.0;	90 percentile resp time:0.0;	95 percentile resp time:0.0;	min resp time:0.0;	max resp time:0.0;	stddev resp time:0.0]
]}ServerList:org.springframework.cloud.netflix.ribbon.eureka.DomainExtractingServerList@53328a9a
2020-05-11 12:19:41.960  INFO [zuul,dff895cfc6ec54b2,dff895cfc6ec54b2,true] 27312 --- [http-nio-8011-exec-2] com.netflix.http4.ConnectionPoolCleaner  : Initializing ConnectionPoolCleaner for NFHttpClient:users-service
2020-05-11 12:19:42.912  INFO [zuul,,,] 27312 --- [PollingServerListUpdater-0] c.netflix.config.ChainedDynamicProperty  : Flipping property: users-service.ribbon.ActiveConnectionsLimit to use NEXT property: niws.loadbalancer.availabilityFilteringRule.activeConnectionsLimit = 2147483647
2020-05-11 12:19:53.618  WARN [zuul,,,] 27312 --- [AsyncReporter{org.springframework.cloud.sleuth.zipkin2.sender.RestTemplateSender@3e0ed893}] z.r.AsyncReporter$BoundedAsyncReporter   : Spans were dropped due to exceptions. All subsequent errors will be logged at FINE level.
2020-05-11 12:19:53.622  WARN [zuul,,,] 27312 --- [AsyncReporter{org.springframework.cloud.sleuth.zipkin2.sender.RestTemplateSender@3e0ed893}] z.r.AsyncReporter$BoundedAsyncReporter   : Dropped 1 spans due to NullPointerException()

java.lang.NullPointerException: null
	at java.util.concurrent.ConcurrentHashMap.get(ConcurrentHashMap.java:936) ~[na:1.8.0_241]
	at java.util.concurrent.ConcurrentHashMap.containsKey(ConcurrentHashMap.java:964) ~[na:1.8.0_241]
	at org.springframework.cloud.context.named.NamedContextFactory.getContext(NamedContextFactory.java:98) ~[spring-cloud-context-2.2.1.RELEASE.jar:2.2.1.RELEASE]
	at org.springframework.cloud.netflix.ribbon.SpringClientFactory.getContext(SpringClientFactory.java:131) ~[spring-cloud-netflix-ribbon-2.2.1.RELEASE.jar:2.2.1.RELEASE]
	at org.springframework.cloud.context.named.NamedContextFactory.getInstance(NamedContextFactory.java:145) ~[spring-cloud-context-2.2.1.RELEASE.jar:2.2.1.RELEASE]
	at org.springframework.cloud.netflix.ribbon.SpringClientFactory.getInstance(SpringClientFactory.java:121) ~[spring-cloud-netflix-ribbon-2.2.1.RELEASE.jar:2.2.1.RELEASE]
	at org.springframework.cloud.netflix.ribbon.SpringClientFactory.getLoadBalancer(SpringClientFactory.java:65) ~[spring-cloud-netflix-ribbon-2.2.1.RELEASE.jar:2.2.1.RELEASE]
	at org.springframework.cloud.netflix.ribbon.RibbonLoadBalancerClient.getLoadBalancer(RibbonLoadBalancerClient.java:193) ~[spring-cloud-netflix-ribbon-2.2.1.RELEASE.jar:2.2.1.RELEASE]
	at org.springframework.cloud.netflix.ribbon.RibbonLoadBalancerClient.choose(RibbonLoadBalancerClient.java:88) ~[spring-cloud-netflix-ribbon-2.2.1.RELEASE.jar:2.2.1.RELEASE]
	at org.springframework.cloud.netflix.ribbon.RibbonLoadBalancerClient.choose(RibbonLoadBalancerClient.java:78) ~[spring-cloud-netflix-ribbon-2.2.1.RELEASE.jar:2.2.1.RELEASE]
	at org.springframework.cloud.sleuth.zipkin2.sender.LoadBalancerClientZipkinLoadBalancer.instance(LoadBalancerClientZipkinLoadBalancer.java:43) ~[spring-cloud-sleuth-zipkin-2.2.1.RELEASE.jar:2.2.1.RELEASE]
	at org.springframework.cloud.sleuth.zipkin2.sender.ZipkinRestTemplateSenderConfiguration$CachingZipkinUrlExtractor.zipkinUrl(ZipkinRestTemplateSenderConfiguration.java:93) ~[spring-cloud-sleuth-zipkin-2.2.1.RELEASE.jar:2.2.1.RELEASE]
	at org.springframework.cloud.sleuth.zipkin2.sender.ZipkinRestTemplateWrapper.doExecute(ZipkinRestTemplateSenderConfiguration.java:226) ~[spring-cloud-sleuth-zipkin-2.2.1.RELEASE.jar:2.2.1.RELEASE]
	at org.springframework.web.client.RestTemplate.exchange(RestTemplate.java:641) ~[spring-web-5.2.4.RELEASE.jar:5.2.4.RELEASE]
	at org.springframework.cloud.sleuth.zipkin2.sender.RestTemplateSender.post(RestTemplateSender.java:129) ~[spring-cloud-sleuth-zipkin-2.2.1.RELEASE.jar:2.2.1.RELEASE]
	at org.springframework.cloud.sleuth.zipkin2.sender.RestTemplateSender$HttpPostCall.doExecute(RestTemplateSender.java:142) ~[spring-cloud-sleuth-zipkin-2.2.1.RELEASE.jar:2.2.1.RELEASE]
	at org.springframework.cloud.sleuth.zipkin2.sender.RestTemplateSender$HttpPostCall.doExecute(RestTemplateSender.java:132) ~[spring-cloud-sleuth-zipkin-2.2.1.RELEASE.jar:2.2.1.RELEASE]
	at zipkin2.Call$Base.execute(Call.java:380) ~[zipkin-2.19.0.jar:na]
	at zipkin2.reporter.AsyncReporter$BoundedAsyncReporter.flush(AsyncReporter.java:285) ~[zipkin-reporter-2.11.0.jar:na]
	at zipkin2.reporter.AsyncReporter$Flusher.run(AsyncReporter.java:354) [zipkin-reporter-2.11.0.jar:na]
	at java.lang.Thread.run(Thread.java:748) [na:1.8.0_241]

2020-05-11 12:22:14.110  INFO [zuul,c5d554ab017f787f,c5d554ab017f787f,true] 27312 --- [http-nio-8011-exec-8] c.netflix.config.ChainedDynamicProperty  : Flipping property: categories-service.ribbon.ActiveConnectionsLimit to use NEXT property: niws.loadbalancer.availabilityFilteringRule.activeConnectionsLimit = 2147483647
2020-05-11 12:22:14.114  INFO [zuul,c5d554ab017f787f,c5d554ab017f787f,true] 27312 --- [http-nio-8011-exec-8] c.n.u.concurrent.ShutdownEnabledTimer    : Shutdown hook installed for: NFLoadBalancer-PingTimer-categories-service
2020-05-11 12:22:14.114  INFO [zuul,c5d554ab017f787f,c5d554ab017f787f,true] 27312 --- [http-nio-8011-exec-8] c.netflix.loadbalancer.BaseLoadBalancer  : Client: categories-service instantiated a LoadBalancer: DynamicServerListLoadBalancer:{NFLoadBalancer:name=categories-service,current list of Servers=[],Load balancer stats=Zone stats: {},Server stats: []}ServerList:null
2020-05-11 12:22:14.116  INFO [zuul,c5d554ab017f787f,c5d554ab017f787f,true] 27312 --- [http-nio-8011-exec-8] c.n.l.DynamicServerListLoadBalancer      : Using serverListUpdater PollingServerListUpdater
2020-05-11 12:22:14.117  INFO [zuul,c5d554ab017f787f,c5d554ab017f787f,true] 27312 --- [http-nio-8011-exec-8] c.netflix.config.ChainedDynamicProperty  : Flipping property: categories-service.ribbon.ActiveConnectionsLimit to use NEXT property: niws.loadbalancer.availabilityFilteringRule.activeConnectionsLimit = 2147483647
2020-05-11 12:22:14.118  INFO [zuul,c5d554ab017f787f,c5d554ab017f787f,true] 27312 --- [http-nio-8011-exec-8] c.n.l.DynamicServerListLoadBalancer      : DynamicServerListLoadBalancer for client categories-service initialized: DynamicServerListLoadBalancer:{NFLoadBalancer:name=categories-service,current list of Servers=[192.168.0.103:51155],Load balancer stats=Zone stats: {defaultzone=[Zone:defaultzone;	Instance count:1;	Active connections count: 0;	Circuit breaker tripped count: 0;	Active connections per server: 0.0;]
},Server stats: [[Server:192.168.0.103:51155;	Zone:defaultZone;	Total Requests:0;	Successive connection failure:0;	Total blackout seconds:0;	Last connection made:Thu Jan 01 02:00:00 EET 1970;	First connection made: Thu Jan 01 02:00:00 EET 1970;	Active Connections:0;	total failure count in last (1000) msecs:0;	average resp time:0.0;	90 percentile resp time:0.0;	95 percentile resp time:0.0;	min resp time:0.0;	max resp time:0.0;	stddev resp time:0.0]
]}ServerList:org.springframework.cloud.netflix.ribbon.eureka.DomainExtractingServerList@1537a8a6
2020-05-11 12:22:14.124  INFO [zuul,c5d554ab017f787f,c5d554ab017f787f,true] 27312 --- [http-nio-8011-exec-8] com.netflix.http4.ConnectionPoolCleaner  : Initializing ConnectionPoolCleaner for NFHttpClient:categories-service
2020-05-11 12:22:15.120  INFO [zuul,,,] 27312 --- [PollingServerListUpdater-0] c.netflix.config.ChainedDynamicProperty  : Flipping property: categories-service.ribbon.ActiveConnectionsLimit to use NEXT property: niws.loadbalancer.availabilityFilteringRule.activeConnectionsLimit = 2147483647
2020-05-11 12:24:17.064  INFO [zuul,,,] 27312 --- [AsyncResolver-bootstrap-executor-0] c.n.d.s.r.aws.ConfigClusterResolver      : Resolving eureka endpoints via configuration
2020-05-11 12:58:03.120  INFO [zuul,,,] 27312 --- [AsyncResolver-bootstrap-executor-0] c.n.d.s.r.aws.ConfigClusterResolver      : Resolving eureka endpoints via configuration
2020-05-11 13:03:03.114  INFO [zuul,,,] 27312 --- [AsyncResolver-bootstrap-executor-0] c.n.d.s.r.aws.ConfigClusterResolver      : Resolving eureka endpoints via configuration
